{"C:\\Users\\HP\\Documents\\backend-final-1\\src\\app.ts": {"path":"C:\\Users\\HP\\Documents\\backend-final-1\\src\\app.ts","statementMap":{"0":{"start":{"line":1,"column":0},"end":{"line":1,"column":47}},"1":{"start":{"line":2,"column":0},"end":{"line":2,"column":45}},"2":{"start":{"line":3,"column":0},"end":{"line":3,"column":50}},"3":{"start":{"line":4,"column":0},"end":{"line":4,"column":48}},"4":{"start":{"line":5,"column":0},"end":{"line":5,"column":48}},"5":{"start":{"line":6,"column":0},"end":{"line":6,"column":52}},"6":{"start":{"line":7,"column":0},"end":{"line":7,"column":54}},"7":{"start":{"line":8,"column":0},"end":{"line":8,"column":45}},"8":{"start":{"line":9,"column":0},"end":{"line":9,"column":41}},"9":{"start":{"line":10,"column":0},"end":{"line":10,"column":43}},"10":{"start":{"line":11,"column":0},"end":{"line":11,"column":24}},"11":{"start":{"line":12,"column":0},"end":{"line":12,"column":41}},"12":{"start":{"line":13,"column":0},"end":{"line":13,"column":47}},"13":{"start":{"line":14,"column":0},"end":{"line":14,"column":53}},"14":{"start":{"line":15,"column":0},"end":{"line":15,"column":47}},"15":{"start":{"line":16,"column":0},"end":{"line":16,"column":55}},"16":{"start":{"line":17,"column":0},"end":{"line":17,"column":24}},"17":{"start":{"line":18,"column":0},"end":{"line":18,"column":49}},"18":{"start":{"line":19,"column":20},"end":{"line":19,"column":48}},"19":{"start":{"line":21,"column":25},"end":{"line":21,"column":34}},"20":{"start":{"line":23,"column":0},"end":{"line":23,"column":30}},"21":{"start":{"line":24,"column":0},"end":{"line":24,"column":48}},"22":{"start":{"line":26,"column":0},"end":{"line":26,"column":48}},"23":{"start":{"line":27,"column":0},"end":{"line":27,"column":24}},"24":{"start":{"line":28,"column":0},"end":{"line":28,"column":24}},"25":{"start":{"line":31,"column":0},"end":{"line":37,"column":2}},"26":{"start":{"line":39,"column":0},"end":{"line":39,"column":20}},"27":{"start":{"line":40,"column":0},"end":{"line":40,"column":22}},"28":{"start":{"line":41,"column":0},"end":{"line":41,"column":21}},"29":{"start":{"line":42,"column":0},"end":{"line":42,"column":23}},"30":{"start":{"line":43,"column":0},"end":{"line":43,"column":24}},"31":{"start":{"line":44,"column":0},"end":{"line":44,"column":21}},"32":{"start":{"line":45,"column":0},"end":{"line":45,"column":19}},"33":{"start":{"line":46,"column":0},"end":{"line":46,"column":22}},"34":{"start":{"line":47,"column":0},"end":{"line":47,"column":21}},"35":{"start":{"line":48,"column":0},"end":{"line":48,"column":25}},"36":{"start":{"line":50,"column":0},"end":{"line":50,"column":68}},"37":{"start":{"line":52,"column":0},"end":{"line":52,"column":33}},"38":{"start":{"line":54,"column":0},"end":{"line":56,"column":3}},"39":{"start":{"line":55,"column":2},"end":{"line":55,"column":41}},"40":{"start":{"line":58,"column":0},"end":{"line":60,"column":3}},"41":{"start":{"line":59,"column":2},"end":{"line":59,"column":48}},"42":{"start":{"line":62,"column":0},"end":{"line":62,"column":19}}},"fnMap":{"0":{"name":"(anonymous_1)","decl":{"start":{"line":54,"column":19},"end":{"line":54,"column":20}},"loc":{"start":{"line":54,"column":32},"end":{"line":56,"column":1}}},"1":{"name":"(anonymous_2)","decl":{"start":{"line":58,"column":13},"end":{"line":58,"column":14}},"loc":{"start":{"line":58,"column":26},"end":{"line":60,"column":1}}}},"branchMap":{},"s":{"0":2,"1":2,"2":2,"3":2,"4":2,"5":2,"6":2,"7":2,"8":2,"9":2,"10":2,"11":2,"12":2,"13":2,"14":2,"15":2,"16":2,"17":2,"18":2,"19":2,"20":2,"21":2,"22":2,"23":2,"24":2,"25":2,"26":2,"27":2,"28":2,"29":2,"30":2,"31":2,"32":2,"33":2,"34":2,"35":2,"36":2,"37":2,"38":2,"39":1,"40":2,"41":0,"42":2},"f":{"0":1,"1":0},"b":{}}
,"C:\\Users\\HP\\Documents\\backend-final-1\\src\\createDatabase.ts": {"path":"C:\\Users\\HP\\Documents\\backend-final-1\\src\\createDatabase.ts","statementMap":{"0":{"start":{"line":3,"column":23},"end":{"line":11,"column":2}},"1":{"start":{"line":3,"column":70},"end":{"line":11,"column":2}},"2":{"start":{"line":4,"column":2},"end":{"line":10,"column":3}},"3":{"start":{"line":5,"column":4},"end":{"line":5,"column":74}},"4":{"start":{"line":6,"column":4},"end":{"line":6,"column":50}},"5":{"start":{"line":8,"column":4},"end":{"line":8,"column":53}},"6":{"start":{"line":9,"column":4},"end":{"line":9,"column":16}},"7":{"start":{"line":13,"column":0},"end":{"line":13,"column":30}}},"fnMap":{"0":{"name":"(anonymous_7)","decl":{"start":{"line":3,"column":23},"end":{"line":3,"column":30}},"loc":{"start":{"line":3,"column":70},"end":{"line":11,"column":2}}},"1":{"name":"(anonymous_8)","decl":{"start":{"line":3,"column":70},"end":{"line":3,"column":null}},"loc":{"start":{"line":3,"column":70},"end":{"line":11,"column":1}}}},"branchMap":{},"s":{"0":2,"1":0,"2":0,"3":0,"4":0,"5":0,"6":0,"7":2},"f":{"0":0,"1":0},"b":{}}
,"C:\\Users\\HP\\Documents\\backend-final-1\\src\\errorHandling.ts": {"path":"C:\\Users\\HP\\Documents\\backend-final-1\\src\\errorHandling.ts","statementMap":{"0":{"start":{"line":3,"column":32},"end":{"line":23,"column":1}},"1":{"start":{"line":9,"column":17},"end":{"line":9,"column":34}},"2":{"start":{"line":10,"column":18},"end":{"line":10,"column":56}},"3":{"start":{"line":13,"column":2},"end":{"line":20,"column":3}},"4":{"start":{"line":14,"column":4},"end":{"line":14,"column":56}},"5":{"start":{"line":15,"column":9},"end":{"line":20,"column":3}},"6":{"start":{"line":16,"column":4},"end":{"line":16,"column":56}},"7":{"start":{"line":19,"column":4},"end":{"line":19,"column":41}},"8":{"start":{"line":25,"column":0},"end":{"line":25,"column":39}}},"fnMap":{"0":{"name":"(anonymous_0)","decl":{"start":{"line":3,"column":32},"end":{"line":3,"column":null}},"loc":{"start":{"line":8,"column":10},"end":{"line":23,"column":1}}}},"branchMap":{"0":{"loc":{"start":{"line":9,"column":17},"end":{"line":9,"column":34}},"type":"binary-expr","locations":[{"start":{"line":9,"column":17},"end":{"line":9,"column":27}},{"start":{"line":9,"column":31},"end":{"line":9,"column":34}}]},"1":{"loc":{"start":{"line":10,"column":18},"end":{"line":10,"column":56}},"type":"binary-expr","locations":[{"start":{"line":10,"column":18},"end":{"line":10,"column":29}},{"start":{"line":10,"column":33},"end":{"line":10,"column":56}}]},"2":{"loc":{"start":{"line":13,"column":2},"end":{"line":20,"column":3}},"type":"if","locations":[{"start":{"line":13,"column":2},"end":{"line":20,"column":3}},{"start":{"line":15,"column":9},"end":{"line":20,"column":3}}]},"3":{"loc":{"start":{"line":15,"column":9},"end":{"line":20,"column":3}},"type":"if","locations":[{"start":{"line":15,"column":9},"end":{"line":20,"column":3}},{"start":{"line":17,"column":9},"end":{"line":20,"column":3}}]}},"s":{"0":2,"1":0,"2":0,"3":0,"4":0,"5":0,"6":0,"7":0,"8":2},"f":{"0":0},"b":{"0":[0,0],"1":[0,0],"2":[0,0],"3":[0,0]}}
,"C:\\Users\\HP\\Documents\\backend-final-1\\src\\initializeDatabase.ts": {"path":"C:\\Users\\HP\\Documents\\backend-final-1\\src\\initializeDatabase.ts","statementMap":{"0":{"start":{"line":2,"column":0},"end":{"line":2,"column":46}},"1":{"start":{"line":4,"column":27},"end":{"line":20,"column":2}},"2":{"start":{"line":7,"column":19},"end":{"line":20,"column":2}},"3":{"start":{"line":8,"column":2},"end":{"line":19,"column":3}},"4":{"start":{"line":9,"column":4},"end":{"line":9,"column":74}},"5":{"start":{"line":11,"column":4},"end":{"line":11,"column":37}},"6":{"start":{"line":12,"column":4},"end":{"line":12,"column":74}},"7":{"start":{"line":14,"column":4},"end":{"line":14,"column":44}},"8":{"start":{"line":15,"column":4},"end":{"line":15,"column":62}},"9":{"start":{"line":17,"column":4},"end":{"line":17,"column":63}},"10":{"start":{"line":18,"column":4},"end":{"line":18,"column":16}},"11":{"start":{"line":22,"column":0},"end":{"line":22,"column":34}}},"fnMap":{"0":{"name":"(anonymous_8)","decl":{"start":{"line":4,"column":27},"end":{"line":4,"column":null}},"loc":{"start":{"line":7,"column":19},"end":{"line":20,"column":2}}},"1":{"name":"(anonymous_9)","decl":{"start":{"line":7,"column":19},"end":{"line":7,"column":null}},"loc":{"start":{"line":7,"column":19},"end":{"line":20,"column":1}}}},"branchMap":{},"s":{"0":2,"1":2,"2":0,"3":0,"4":0,"5":0,"6":0,"7":0,"8":0,"9":0,"10":0,"11":2},"f":{"0":0,"1":0},"b":{}}
,"C:\\Users\\HP\\Documents\\backend-final-1\\src\\server.ts": {"path":"C:\\Users\\HP\\Documents\\backend-final-1\\src\\server.ts","statementMap":{"0":{"start":{"line":1,"column":0},"end":{"line":1,"column":28}},"1":{"start":{"line":2,"column":0},"end":{"line":2,"column":24}},"2":{"start":{"line":3,"column":0},"end":{"line":3,"column":43}},"3":{"start":{"line":4,"column":0},"end":{"line":4,"column":54}},"4":{"start":{"line":6,"column":0},"end":{"line":6,"column":16}},"5":{"start":{"line":8,"column":13},"end":{"line":8,"column":37}},"6":{"start":{"line":9,"column":13},"end":{"line":9,"column":50}},"7":{"start":{"line":10,"column":20},"end":{"line":10,"column":57}},"8":{"start":{"line":12,"column":20},"end":{"line":33,"column":2}},"9":{"start":{"line":12,"column":31},"end":{"line":33,"column":2}},"10":{"start":{"line":13,"column":2},"end":{"line":25,"column":3}},"11":{"start":{"line":14,"column":4},"end":{"line":14,"column":51}},"12":{"start":{"line":16,"column":4},"end":{"line":21,"column":5}},"13":{"start":{"line":17,"column":6},"end":{"line":20,"column":9}},"14":{"start":{"line":18,"column":8},"end":{"line":18,"column":57}},"15":{"start":{"line":19,"column":8},"end":{"line":19,"column":76}},"16":{"start":{"line":23,"column":4},"end":{"line":23,"column":51}},"17":{"start":{"line":24,"column":4},"end":{"line":24,"column":20}},"18":{"start":{"line":27,"column":2},"end":{"line":32,"column":5}},"19":{"start":{"line":27,"column":34},"end":{"line":32,"column":4}},"20":{"start":{"line":28,"column":4},"end":{"line":28,"column":47}},"21":{"start":{"line":29,"column":4},"end":{"line":29,"column":28}},"22":{"start":{"line":30,"column":4},"end":{"line":30,"column":47}},"23":{"start":{"line":31,"column":4},"end":{"line":31,"column":20}},"24":{"start":{"line":35,"column":0},"end":{"line":35,"column":58}}},"fnMap":{"0":{"name":"(anonymous_8)","decl":{"start":{"line":12,"column":20},"end":{"line":12,"column":29}},"loc":{"start":{"line":12,"column":31},"end":{"line":33,"column":2}}},"1":{"name":"(anonymous_9)","decl":{"start":{"line":12,"column":31},"end":{"line":12,"column":null}},"loc":{"start":{"line":12,"column":31},"end":{"line":33,"column":1}}},"2":{"name":"(anonymous_10)","decl":{"start":{"line":17,"column":23},"end":{"line":17,"column":26}},"loc":{"start":{"line":17,"column":28},"end":{"line":20,"column":7}}},"3":{"name":"(anonymous_11)","decl":{"start":{"line":27,"column":23},"end":{"line":27,"column":32}},"loc":{"start":{"line":27,"column":34},"end":{"line":32,"column":4}}},"4":{"name":"(anonymous_12)","decl":{"start":{"line":27,"column":34},"end":{"line":27,"column":null}},"loc":{"start":{"line":27,"column":34},"end":{"line":32,"column":3}}}},"branchMap":{"0":{"loc":{"start":{"line":8,"column":13},"end":{"line":8,"column":37}},"type":"binary-expr","locations":[{"start":{"line":8,"column":13},"end":{"line":8,"column":29}},{"start":{"line":8,"column":33},"end":{"line":8,"column":37}}]},"1":{"loc":{"start":{"line":10,"column":20},"end":{"line":10,"column":57}},"type":"binary-expr","locations":[{"start":{"line":10,"column":20},"end":{"line":10,"column":40}},{"start":{"line":10,"column":44},"end":{"line":10,"column":57}}]},"2":{"loc":{"start":{"line":16,"column":4},"end":{"line":21,"column":5}},"type":"if","locations":[{"start":{"line":16,"column":4},"end":{"line":21,"column":5}}]},"3":{"loc":{"start":{"line":35,"column":0},"end":{"line":35,"column":57}},"type":"binary-expr","locations":[{"start":{"line":35,"column":0},"end":{"line":35,"column":40}},{"start":{"line":35,"column":44},"end":{"line":35,"column":57}}]}},"s":{"0":2,"1":2,"2":2,"3":2,"4":2,"5":2,"6":2,"7":2,"8":2,"9":0,"10":0,"11":0,"12":0,"13":0,"14":0,"15":0,"16":0,"17":0,"18":0,"19":0,"20":0,"21":0,"22":0,"23":0,"24":2},"f":{"0":0,"1":0,"2":0,"3":0,"4":0},"b":{"0":[2,2],"1":[2,0],"2":[0],"3":[2,0]}}
,"C:\\Users\\HP\\Documents\\backend-final-1\\src\\config\\firbaseConf.ts": {"path":"C:\\Users\\HP\\Documents\\backend-final-1\\src\\config\\firbaseConf.ts","statementMap":{"0":{"start":{"line":1,"column":0},"end":{"line":1,"column":45}},"1":{"start":{"line":2,"column":0},"end":{"line":2,"column":79}},"2":{"start":{"line":3,"column":0},"end":{"line":3,"column":40}},"3":{"start":{"line":45,"column":24},"end":{"line":45,"column":29}},"4":{"start":{"line":5,"column":23},"end":{"line":13,"column":2}},"5":{"start":{"line":16,"column":12},"end":{"line":16,"column":41}},"6":{"start":{"line":45,"column":9},"end":{"line":45,"column":12}},"7":{"start":{"line":19,"column":29},"end":{"line":19,"column":61}},"8":{"start":{"line":21,"column":0},"end":{"line":23,"column":1}},"9":{"start":{"line":22,"column":2},"end":{"line":22,"column":75}},"10":{"start":{"line":26,"column":0},"end":{"line":32,"column":1}},"11":{"start":{"line":28,"column":2},"end":{"line":28,"column":52}},"12":{"start":{"line":29,"column":2},"end":{"line":29,"column":54}},"13":{"start":{"line":31,"column":2},"end":{"line":31,"column":83}},"14":{"start":{"line":35,"column":17},"end":{"line":38,"column":2}},"15":{"start":{"line":45,"column":14},"end":{"line":45,"column":22}},"16":{"start":{"line":41,"column":15},"end":{"line":41,"column":39}},"17":{"start":{"line":45,"column":31},"end":{"line":45,"column":37}},"18":{"start":{"line":43,"column":0},"end":{"line":43,"column":61}}},"fnMap":{},"branchMap":{"0":{"loc":{"start":{"line":21,"column":0},"end":{"line":23,"column":1}},"type":"if","locations":[{"start":{"line":21,"column":0},"end":{"line":23,"column":1}}]}},"s":{"0":3,"1":3,"2":3,"3":3,"4":3,"5":3,"6":3,"7":3,"8":3,"9":0,"10":3,"11":3,"12":3,"13":0,"14":3,"15":3,"16":3,"17":3,"18":3},"f":{},"b":{"0":[0]}}
,"C:\\Users\\HP\\Documents\\backend-final-1\\src\\config\\mySQLConf.ts": {"path":"C:\\Users\\HP\\Documents\\backend-final-1\\src\\config\\mySQLConf.ts","statementMap":{"0":{"start":{"line":1,"column":0},"end":{"line":1,"column":38}},"1":{"start":{"line":2,"column":0},"end":{"line":2,"column":28}},"2":{"start":{"line":5,"column":0},"end":{"line":5,"column":16}},"3":{"start":{"line":7,"column":18},"end":{"line":21,"column":null}},"4":{"start":{"line":25,"column":0},"end":{"line":25,"column":25}}},"fnMap":{},"branchMap":{"0":{"loc":{"start":{"line":13,"column":19},"end":{"line":13,"column":48}},"type":"binary-expr","locations":[{"start":{"line":13,"column":19},"end":{"line":13,"column":38}},{"start":{"line":13,"column":42},"end":{"line":13,"column":48}}]},"1":{"loc":{"start":{"line":20,"column":13},"end":{"line":20,"column":68}},"type":"cond-expr","locations":[{"start":{"line":20,"column":49},"end":{"line":20,"column":60}},{"start":{"line":20,"column":63},"end":{"line":20,"column":68}}]}},"s":{"0":4,"1":4,"2":4,"3":4,"4":4},"f":{},"b":{"0":[4,0],"1":[0,4]}}
,"C:\\Users\\HP\\Documents\\backend-final-1\\src\\controllers\\brandController.ts": {"path":"C:\\Users\\HP\\Documents\\backend-final-1\\src\\controllers\\brandController.ts","statementMap":{"0":{"start":{"line":2,"column":0},"end":{"line":2,"column":null}},"1":{"start":{"line":10,"column":27},"end":{"line":41,"column":2}},"2":{"start":{"line":10,"column":65},"end":{"line":41,"column":2}},"3":{"start":{"line":11,"column":4},"end":{"line":40,"column":5}},"4":{"start":{"line":13,"column":25},"end":{"line":13,"column":33}},"5":{"start":{"line":14,"column":21},"end":{"line":14,"column":29}},"6":{"start":{"line":16,"column":8},"end":{"line":22,"column":9}},"7":{"start":{"line":17,"column":8},"end":{"line":20,"column":11}},"8":{"start":{"line":21,"column":8},"end":{"line":21,"column":14}},"9":{"start":{"line":24,"column":25},"end":{"line":24,"column":62}},"10":{"start":{"line":26,"column":8},"end":{"line":30,"column":11}},"11":{"start":{"line":31,"column":8},"end":{"line":31,"column":14}},"12":{"start":{"line":33,"column":8},"end":{"line":33,"column":50}},"13":{"start":{"line":35,"column":8},"end":{"line":38,"column":11}},"14":{"start":{"line":39,"column":8},"end":{"line":39,"column":14}},"15":{"start":{"line":10,"column":13},"end":{"line":10,"column":27}},"16":{"start":{"line":43,"column":28},"end":{"line":56,"column":2}},"17":{"start":{"line":43,"column":66},"end":{"line":56,"column":2}},"18":{"start":{"line":44,"column":4},"end":{"line":55,"column":5}},"19":{"start":{"line":45,"column":23},"end":{"line":45,"column":33}},"20":{"start":{"line":46,"column":22},"end":{"line":46,"column":53}},"21":{"start":{"line":48,"column":8},"end":{"line":52,"column":9}},"22":{"start":{"line":49,"column":8},"end":{"line":49,"column":62}},"23":{"start":{"line":51,"column":8},"end":{"line":51,"column":36}},"24":{"start":{"line":54,"column":8},"end":{"line":54,"column":68}},"25":{"start":{"line":43,"column":13},"end":{"line":43,"column":28}},"26":{"start":{"line":58,"column":28},"end":{"line":68,"column":2}},"27":{"start":{"line":58,"column":66},"end":{"line":68,"column":2}},"28":{"start":{"line":59,"column":4},"end":{"line":67,"column":5}},"29":{"start":{"line":63,"column":23},"end":{"line":63,"column":50}},"30":{"start":{"line":64,"column":8},"end":{"line":64,"column":37}},"31":{"start":{"line":66,"column":8},"end":{"line":66,"column":67}},"32":{"start":{"line":58,"column":13},"end":{"line":58,"column":28}},"33":{"start":{"line":70,"column":31},"end":{"line":84,"column":2}},"34":{"start":{"line":70,"column":69},"end":{"line":84,"column":2}},"35":{"start":{"line":71,"column":19},"end":{"line":71,"column":29}},"36":{"start":{"line":72,"column":4},"end":{"line":83,"column":5}},"37":{"start":{"line":73,"column":8},"end":{"line":73,"column":41}},"38":{"start":{"line":74,"column":8},"end":{"line":76,"column":72}},"39":{"start":{"line":78,"column":8},"end":{"line":82,"column":9}},"40":{"start":{"line":79,"column":8},"end":{"line":79,"column":61}},"41":{"start":{"line":81,"column":8},"end":{"line":81,"column":67}},"42":{"start":{"line":70,"column":13},"end":{"line":70,"column":31}},"43":{"start":{"line":86,"column":37},"end":{"line":101,"column":2}},"44":{"start":{"line":86,"column":75},"end":{"line":101,"column":2}},"45":{"start":{"line":87,"column":4},"end":{"line":100,"column":5}},"46":{"start":{"line":88,"column":23},"end":{"line":88,"column":33}},"47":{"start":{"line":89,"column":25},"end":{"line":89,"column":33}},"48":{"start":{"line":90,"column":21},"end":{"line":90,"column":29}},"49":{"start":{"line":92,"column":29},"end":{"line":92,"column":69}},"50":{"start":{"line":94,"column":8},"end":{"line":97,"column":11}},"51":{"start":{"line":99,"column":8},"end":{"line":99,"column":89}},"52":{"start":{"line":86,"column":13},"end":{"line":86,"column":37}}},"fnMap":{"0":{"name":"(anonymous_7)","decl":{"start":{"line":10,"column":27},"end":{"line":10,"column":34}},"loc":{"start":{"line":10,"column":65},"end":{"line":41,"column":2}}},"1":{"name":"(anonymous_8)","decl":{"start":{"line":10,"column":65},"end":{"line":10,"column":null}},"loc":{"start":{"line":10,"column":65},"end":{"line":41,"column":1}}},"2":{"name":"(anonymous_9)","decl":{"start":{"line":43,"column":28},"end":{"line":43,"column":35}},"loc":{"start":{"line":43,"column":66},"end":{"line":56,"column":2}}},"3":{"name":"(anonymous_10)","decl":{"start":{"line":43,"column":66},"end":{"line":43,"column":null}},"loc":{"start":{"line":43,"column":66},"end":{"line":56,"column":1}}},"4":{"name":"(anonymous_11)","decl":{"start":{"line":58,"column":28},"end":{"line":58,"column":35}},"loc":{"start":{"line":58,"column":66},"end":{"line":68,"column":2}}},"5":{"name":"(anonymous_12)","decl":{"start":{"line":58,"column":66},"end":{"line":58,"column":null}},"loc":{"start":{"line":58,"column":66},"end":{"line":68,"column":1}}},"6":{"name":"(anonymous_13)","decl":{"start":{"line":70,"column":31},"end":{"line":70,"column":38}},"loc":{"start":{"line":70,"column":69},"end":{"line":84,"column":2}}},"7":{"name":"(anonymous_14)","decl":{"start":{"line":70,"column":69},"end":{"line":70,"column":null}},"loc":{"start":{"line":70,"column":69},"end":{"line":84,"column":1}}},"8":{"name":"(anonymous_15)","decl":{"start":{"line":86,"column":37},"end":{"line":86,"column":44}},"loc":{"start":{"line":86,"column":75},"end":{"line":101,"column":2}}},"9":{"name":"(anonymous_16)","decl":{"start":{"line":86,"column":75},"end":{"line":86,"column":null}},"loc":{"start":{"line":86,"column":75},"end":{"line":101,"column":1}}}},"branchMap":{"0":{"loc":{"start":{"line":16,"column":8},"end":{"line":22,"column":9}},"type":"if","locations":[{"start":{"line":16,"column":8},"end":{"line":22,"column":9}}]},"1":{"loc":{"start":{"line":48,"column":8},"end":{"line":52,"column":9}},"type":"if","locations":[{"start":{"line":48,"column":8},"end":{"line":52,"column":9}},{"start":{"line":50,"column":15},"end":{"line":52,"column":9}}]},"2":{"loc":{"start":{"line":78,"column":8},"end":{"line":82,"column":9}},"type":"if","locations":[{"start":{"line":78,"column":8},"end":{"line":82,"column":9}},{"start":{"line":80,"column":15},"end":{"line":82,"column":9}}]}},"s":{"0":2,"1":2,"2":0,"3":0,"4":0,"5":0,"6":0,"7":0,"8":0,"9":0,"10":0,"11":0,"12":0,"13":0,"14":0,"15":2,"16":2,"17":0,"18":0,"19":0,"20":0,"21":0,"22":0,"23":0,"24":0,"25":2,"26":2,"27":0,"28":0,"29":0,"30":0,"31":0,"32":2,"33":2,"34":0,"35":0,"36":0,"37":0,"38":0,"39":0,"40":0,"41":0,"42":2,"43":2,"44":0,"45":0,"46":0,"47":0,"48":0,"49":0,"50":0,"51":0,"52":2},"f":{"0":0,"1":0,"2":0,"3":0,"4":0,"5":0,"6":0,"7":0,"8":0,"9":0},"b":{"0":[0],"1":[0,0],"2":[0,0]}}
,"C:\\Users\\HP\\Documents\\backend-final-1\\src\\controllers\\cartItemController.ts": {"path":"C:\\Users\\HP\\Documents\\backend-final-1\\src\\controllers\\cartItemController.ts","statementMap":{"0":{"start":{"line":2,"column":0},"end":{"line":2,"column":null}},"1":{"start":{"line":11,"column":35},"end":{"line":38,"column":2}},"2":{"start":{"line":11,"column":73},"end":{"line":38,"column":2}},"3":{"start":{"line":12,"column":4},"end":{"line":37,"column":5}},"4":{"start":{"line":13,"column":48},"end":{"line":13,"column":56}},"5":{"start":{"line":14,"column":58},"end":{"line":14,"column":109}},"6":{"start":{"line":16,"column":8},"end":{"line":28,"column":9}},"7":{"start":{"line":17,"column":12},"end":{"line":21,"column":15}},"8":{"start":{"line":23,"column":12},"end":{"line":27,"column":11}},"9":{"start":{"line":30,"column":8},"end":{"line":36,"column":9}},"10":{"start":{"line":31,"column":12},"end":{"line":31,"column":64}},"11":{"start":{"line":32,"column":14},"end":{"line":36,"column":9}},"12":{"start":{"line":33,"column":12},"end":{"line":33,"column":67}},"13":{"start":{"line":35,"column":8},"end":{"line":35,"column":87}},"14":{"start":{"line":11,"column":13},"end":{"line":11,"column":35}},"15":{"start":{"line":40,"column":40},"end":{"line":54,"column":null}},"16":{"start":{"line":40,"column":78},"end":{"line":54,"column":null}},"17":{"start":{"line":41,"column":4},"end":{"line":53,"column":5}},"18":{"start":{"line":42,"column":27},"end":{"line":42,"column":37}},"19":{"start":{"line":43,"column":8},"end":{"line":43,"column":44}},"20":{"start":{"line":44,"column":8},"end":{"line":44,"column":95}},"21":{"start":{"line":48,"column":8},"end":{"line":52,"column":9}},"22":{"start":{"line":49,"column":12},"end":{"line":49,"column":68}},"23":{"start":{"line":51,"column":12},"end":{"line":51,"column":96}},"24":{"start":{"line":40,"column":13},"end":{"line":40,"column":40}},"25":{"start":{"line":56,"column":34},"end":{"line":75,"column":2}},"26":{"start":{"line":56,"column":72},"end":{"line":75,"column":2}},"27":{"start":{"line":57,"column":4},"end":{"line":74,"column":5}},"28":{"start":{"line":58,"column":27},"end":{"line":58,"column":37}},"29":{"start":{"line":59,"column":8},"end":{"line":59,"column":55}},"30":{"start":{"line":61,"column":8},"end":{"line":63,"column":11}},"31":{"start":{"line":65,"column":8},"end":{"line":73,"column":9}},"32":{"start":{"line":66,"column":12},"end":{"line":66,"column":64}},"33":{"start":{"line":67,"column":15},"end":{"line":73,"column":9}},"34":{"start":{"line":68,"column":12},"end":{"line":68,"column":84}},"35":{"start":{"line":70,"column":12},"end":{"line":72,"column":15}},"36":{"start":{"line":56,"column":13},"end":{"line":56,"column":34}},"37":{"start":{"line":77,"column":36},"end":{"line":96,"column":2}},"38":{"start":{"line":77,"column":74},"end":{"line":96,"column":2}},"39":{"start":{"line":78,"column":4},"end":{"line":95,"column":5}},"40":{"start":{"line":79,"column":23},"end":{"line":79,"column":40}},"41":{"start":{"line":81,"column":26},"end":{"line":81,"column":77}},"42":{"start":{"line":83,"column":8},"end":{"line":83,"column":40}},"43":{"start":{"line":86,"column":8},"end":{"line":94,"column":9}},"44":{"start":{"line":87,"column":12},"end":{"line":87,"column":62}},"45":{"start":{"line":88,"column":15},"end":{"line":94,"column":9}},"46":{"start":{"line":89,"column":12},"end":{"line":89,"column":59}},"47":{"start":{"line":90,"column":15},"end":{"line":94,"column":9}},"48":{"start":{"line":91,"column":12},"end":{"line":91,"column":59}},"49":{"start":{"line":93,"column":12},"end":{"line":93,"column":75}},"50":{"start":{"line":77,"column":13},"end":{"line":77,"column":36}},"51":{"start":{"line":98,"column":48},"end":{"line":120,"column":2}},"52":{"start":{"line":98,"column":86},"end":{"line":120,"column":2}},"53":{"start":{"line":99,"column":4},"end":{"line":119,"column":5}},"54":{"start":{"line":101,"column":19},"end":{"line":101,"column":36}},"55":{"start":{"line":102,"column":25},"end":{"line":102,"column":33}},"56":{"start":{"line":104,"column":19},"end":{"line":104,"column":72}},"57":{"start":{"line":106,"column":4},"end":{"line":109,"column":7}},"58":{"start":{"line":111,"column":8},"end":{"line":117,"column":9}},"59":{"start":{"line":112,"column":12},"end":{"line":112,"column":68}},"60":{"start":{"line":113,"column":14},"end":{"line":117,"column":9}},"61":{"start":{"line":114,"column":12},"end":{"line":114,"column":66}},"62":{"start":{"line":116,"column":12},"end":{"line":116,"column":81}},"63":{"start":{"line":98,"column":13},"end":{"line":98,"column":48}}},"fnMap":{"0":{"name":"(anonymous_7)","decl":{"start":{"line":11,"column":35},"end":{"line":11,"column":42}},"loc":{"start":{"line":11,"column":73},"end":{"line":38,"column":2}}},"1":{"name":"(anonymous_8)","decl":{"start":{"line":11,"column":73},"end":{"line":11,"column":null}},"loc":{"start":{"line":11,"column":73},"end":{"line":38,"column":1}}},"2":{"name":"(anonymous_9)","decl":{"start":{"line":40,"column":40},"end":{"line":40,"column":47}},"loc":{"start":{"line":40,"column":78},"end":{"line":54,"column":null}}},"3":{"name":"(anonymous_10)","decl":{"start":{"line":40,"column":78},"end":{"line":40,"column":null}},"loc":{"start":{"line":40,"column":78},"end":{"line":54,"column":1}}},"4":{"name":"(anonymous_11)","decl":{"start":{"line":56,"column":34},"end":{"line":56,"column":41}},"loc":{"start":{"line":56,"column":72},"end":{"line":75,"column":2}}},"5":{"name":"(anonymous_12)","decl":{"start":{"line":56,"column":72},"end":{"line":56,"column":null}},"loc":{"start":{"line":56,"column":72},"end":{"line":75,"column":1}}},"6":{"name":"(anonymous_13)","decl":{"start":{"line":77,"column":36},"end":{"line":77,"column":43}},"loc":{"start":{"line":77,"column":74},"end":{"line":96,"column":2}}},"7":{"name":"(anonymous_14)","decl":{"start":{"line":77,"column":74},"end":{"line":77,"column":null}},"loc":{"start":{"line":77,"column":74},"end":{"line":96,"column":1}}},"8":{"name":"(anonymous_15)","decl":{"start":{"line":98,"column":48},"end":{"line":98,"column":55}},"loc":{"start":{"line":98,"column":86},"end":{"line":120,"column":2}}},"9":{"name":"(anonymous_16)","decl":{"start":{"line":98,"column":86},"end":{"line":98,"column":null}},"loc":{"start":{"line":98,"column":86},"end":{"line":120,"column":1}}}},"branchMap":{"0":{"loc":{"start":{"line":16,"column":8},"end":{"line":28,"column":9}},"type":"if","locations":[{"start":{"line":16,"column":8},"end":{"line":28,"column":9}},{"start":{"line":22,"column":13},"end":{"line":28,"column":9}}]},"1":{"loc":{"start":{"line":30,"column":8},"end":{"line":36,"column":9}},"type":"if","locations":[{"start":{"line":30,"column":8},"end":{"line":36,"column":9}},{"start":{"line":32,"column":14},"end":{"line":36,"column":9}}]},"2":{"loc":{"start":{"line":32,"column":14},"end":{"line":36,"column":9}},"type":"if","locations":[{"start":{"line":32,"column":14},"end":{"line":36,"column":9}},{"start":{"line":34,"column":14},"end":{"line":36,"column":9}}]},"3":{"loc":{"start":{"line":48,"column":8},"end":{"line":52,"column":9}},"type":"if","locations":[{"start":{"line":48,"column":8},"end":{"line":52,"column":9}},{"start":{"line":50,"column":13},"end":{"line":52,"column":9}}]},"4":{"loc":{"start":{"line":65,"column":8},"end":{"line":73,"column":9}},"type":"if","locations":[{"start":{"line":65,"column":8},"end":{"line":73,"column":9}},{"start":{"line":67,"column":15},"end":{"line":73,"column":9}}]},"5":{"loc":{"start":{"line":67,"column":15},"end":{"line":73,"column":9}},"type":"if","locations":[{"start":{"line":67,"column":15},"end":{"line":73,"column":9}},{"start":{"line":69,"column":15},"end":{"line":73,"column":9}}]},"6":{"loc":{"start":{"line":86,"column":8},"end":{"line":94,"column":9}},"type":"if","locations":[{"start":{"line":86,"column":8},"end":{"line":94,"column":9}},{"start":{"line":88,"column":15},"end":{"line":94,"column":9}}]},"7":{"loc":{"start":{"line":88,"column":15},"end":{"line":94,"column":9}},"type":"if","locations":[{"start":{"line":88,"column":15},"end":{"line":94,"column":9}},{"start":{"line":90,"column":15},"end":{"line":94,"column":9}}]},"8":{"loc":{"start":{"line":90,"column":15},"end":{"line":94,"column":9}},"type":"if","locations":[{"start":{"line":90,"column":15},"end":{"line":94,"column":9}},{"start":{"line":92,"column":15},"end":{"line":94,"column":9}}]},"9":{"loc":{"start":{"line":111,"column":8},"end":{"line":117,"column":9}},"type":"if","locations":[{"start":{"line":111,"column":8},"end":{"line":117,"column":9}},{"start":{"line":113,"column":14},"end":{"line":117,"column":9}}]},"10":{"loc":{"start":{"line":113,"column":14},"end":{"line":117,"column":9}},"type":"if","locations":[{"start":{"line":113,"column":14},"end":{"line":117,"column":9}},{"start":{"line":115,"column":13},"end":{"line":117,"column":9}}]}},"s":{"0":2,"1":2,"2":0,"3":0,"4":0,"5":0,"6":0,"7":0,"8":0,"9":0,"10":0,"11":0,"12":0,"13":0,"14":2,"15":2,"16":0,"17":0,"18":0,"19":0,"20":0,"21":0,"22":0,"23":0,"24":2,"25":2,"26":0,"27":0,"28":0,"29":0,"30":0,"31":0,"32":0,"33":0,"34":0,"35":0,"36":2,"37":2,"38":0,"39":0,"40":0,"41":0,"42":0,"43":0,"44":0,"45":0,"46":0,"47":0,"48":0,"49":0,"50":2,"51":2,"52":0,"53":0,"54":0,"55":0,"56":0,"57":0,"58":0,"59":0,"60":0,"61":0,"62":0,"63":2},"f":{"0":0,"1":0,"2":0,"3":0,"4":0,"5":0,"6":0,"7":0,"8":0,"9":0},"b":{"0":[0,0],"1":[0,0],"2":[0,0],"3":[0,0],"4":[0,0],"5":[0,0],"6":[0,0],"7":[0,0],"8":[0,0],"9":[0,0],"10":[0,0]}}
,"C:\\Users\\HP\\Documents\\backend-final-1\\src\\controllers\\categoryController.ts": {"path":"C:\\Users\\HP\\Documents\\backend-final-1\\src\\controllers\\categoryController.ts","statementMap":{"0":{"start":{"line":2,"column":0},"end":{"line":2,"column":null}},"1":{"start":{"line":11,"column":32},"end":{"line":20,"column":2}},"2":{"start":{"line":11,"column":70},"end":{"line":20,"column":2}},"3":{"start":{"line":12,"column":2},"end":{"line":19,"column":3}},"4":{"start":{"line":13,"column":18},"end":{"line":13,"column":59}},"5":{"start":{"line":14,"column":19},"end":{"line":14,"column":60}},"6":{"start":{"line":15,"column":23},"end":{"line":15,"column":67}},"7":{"start":{"line":16,"column":4},"end":{"line":16,"column":37}},"8":{"start":{"line":18,"column":4},"end":{"line":18,"column":66}},"9":{"start":{"line":11,"column":13},"end":{"line":11,"column":32}},"10":{"start":{"line":22,"column":31},"end":{"line":34,"column":2}},"11":{"start":{"line":22,"column":69},"end":{"line":34,"column":2}},"12":{"start":{"line":23,"column":2},"end":{"line":33,"column":3}},"13":{"start":{"line":24,"column":23},"end":{"line":24,"column":36}},"14":{"start":{"line":25,"column":21},"end":{"line":25,"column":61}},"15":{"start":{"line":26,"column":4},"end":{"line":30,"column":5}},"16":{"start":{"line":27,"column":6},"end":{"line":27,"column":60}},"17":{"start":{"line":29,"column":6},"end":{"line":29,"column":37}},"18":{"start":{"line":32,"column":4},"end":{"line":32,"column":64}},"19":{"start":{"line":22,"column":13},"end":{"line":22,"column":31}},"20":{"start":{"line":36,"column":30},"end":{"line":51,"column":2}},"21":{"start":{"line":36,"column":68},"end":{"line":51,"column":2}},"22":{"start":{"line":37,"column":2},"end":{"line":50,"column":3}},"23":{"start":{"line":38,"column":25},"end":{"line":38,"column":33}},"24":{"start":{"line":39,"column":24},"end":{"line":39,"column":65}},"25":{"start":{"line":40,"column":4},"end":{"line":44,"column":7}},"26":{"start":{"line":46,"column":4},"end":{"line":49,"column":7}},"27":{"start":{"line":36,"column":13},"end":{"line":36,"column":30}},"28":{"start":{"line":53,"column":30},"end":{"line":77,"column":2}},"29":{"start":{"line":53,"column":68},"end":{"line":77,"column":2}},"30":{"start":{"line":54,"column":2},"end":{"line":76,"column":3}},"31":{"start":{"line":55,"column":23},"end":{"line":55,"column":36}},"32":{"start":{"line":56,"column":24},"end":{"line":56,"column":32}},"33":{"start":{"line":57,"column":28},"end":{"line":59,"column":null}},"34":{"start":{"line":62,"column":4},"end":{"line":66,"column":7}},"35":{"start":{"line":68,"column":4},"end":{"line":75,"column":5}},"36":{"start":{"line":69,"column":6},"end":{"line":69,"column":62}},"37":{"start":{"line":71,"column":6},"end":{"line":74,"column":9}},"38":{"start":{"line":53,"column":13},"end":{"line":53,"column":30}},"39":{"start":{"line":79,"column":30},"end":{"line":97,"column":2}},"40":{"start":{"line":79,"column":68},"end":{"line":97,"column":2}},"41":{"start":{"line":80,"column":2},"end":{"line":96,"column":3}},"42":{"start":{"line":81,"column":23},"end":{"line":81,"column":36}},"43":{"start":{"line":82,"column":4},"end":{"line":82,"column":44}},"44":{"start":{"line":83,"column":4},"end":{"line":86,"column":7}},"45":{"start":{"line":88,"column":4},"end":{"line":95,"column":5}},"46":{"start":{"line":89,"column":6},"end":{"line":89,"column":62}},"47":{"start":{"line":91,"column":6},"end":{"line":94,"column":9}},"48":{"start":{"line":79,"column":13},"end":{"line":79,"column":30}},"49":{"start":{"line":99,"column":39},"end":{"line":107,"column":2}},"50":{"start":{"line":99,"column":77},"end":{"line":107,"column":2}},"51":{"start":{"line":100,"column":2},"end":{"line":106,"column":3}},"52":{"start":{"line":101,"column":23},"end":{"line":101,"column":36}},"53":{"start":{"line":102,"column":21},"end":{"line":102,"column":69}},"54":{"start":{"line":103,"column":4},"end":{"line":103,"column":35}},"55":{"start":{"line":105,"column":4},"end":{"line":105,"column":64}},"56":{"start":{"line":99,"column":13},"end":{"line":99,"column":39}}},"fnMap":{"0":{"name":"(anonymous_7)","decl":{"start":{"line":11,"column":32},"end":{"line":11,"column":39}},"loc":{"start":{"line":11,"column":70},"end":{"line":20,"column":2}}},"1":{"name":"(anonymous_8)","decl":{"start":{"line":11,"column":70},"end":{"line":11,"column":null}},"loc":{"start":{"line":11,"column":70},"end":{"line":20,"column":1}}},"2":{"name":"(anonymous_9)","decl":{"start":{"line":22,"column":31},"end":{"line":22,"column":38}},"loc":{"start":{"line":22,"column":69},"end":{"line":34,"column":2}}},"3":{"name":"(anonymous_10)","decl":{"start":{"line":22,"column":69},"end":{"line":22,"column":null}},"loc":{"start":{"line":22,"column":69},"end":{"line":34,"column":1}}},"4":{"name":"(anonymous_11)","decl":{"start":{"line":36,"column":30},"end":{"line":36,"column":37}},"loc":{"start":{"line":36,"column":68},"end":{"line":51,"column":2}}},"5":{"name":"(anonymous_12)","decl":{"start":{"line":36,"column":68},"end":{"line":36,"column":null}},"loc":{"start":{"line":36,"column":68},"end":{"line":51,"column":1}}},"6":{"name":"(anonymous_13)","decl":{"start":{"line":53,"column":30},"end":{"line":53,"column":37}},"loc":{"start":{"line":53,"column":68},"end":{"line":77,"column":2}}},"7":{"name":"(anonymous_14)","decl":{"start":{"line":53,"column":68},"end":{"line":53,"column":null}},"loc":{"start":{"line":53,"column":68},"end":{"line":77,"column":1}}},"8":{"name":"(anonymous_15)","decl":{"start":{"line":79,"column":30},"end":{"line":79,"column":37}},"loc":{"start":{"line":79,"column":68},"end":{"line":97,"column":2}}},"9":{"name":"(anonymous_16)","decl":{"start":{"line":79,"column":68},"end":{"line":79,"column":null}},"loc":{"start":{"line":79,"column":68},"end":{"line":97,"column":1}}},"10":{"name":"(anonymous_17)","decl":{"start":{"line":99,"column":39},"end":{"line":99,"column":46}},"loc":{"start":{"line":99,"column":77},"end":{"line":107,"column":2}}},"11":{"name":"(anonymous_18)","decl":{"start":{"line":99,"column":77},"end":{"line":99,"column":null}},"loc":{"start":{"line":99,"column":77},"end":{"line":107,"column":1}}}},"branchMap":{"0":{"loc":{"start":{"line":13,"column":18},"end":{"line":13,"column":59}},"type":"binary-expr","locations":[{"start":{"line":13,"column":18},"end":{"line":13,"column":53}},{"start":{"line":13,"column":57},"end":{"line":13,"column":59}}]},"1":{"loc":{"start":{"line":14,"column":19},"end":{"line":14,"column":60}},"type":"binary-expr","locations":[{"start":{"line":14,"column":19},"end":{"line":14,"column":55}},{"start":{"line":14,"column":59},"end":{"line":14,"column":60}}]},"2":{"loc":{"start":{"line":26,"column":4},"end":{"line":30,"column":5}},"type":"if","locations":[{"start":{"line":26,"column":4},"end":{"line":30,"column":5}},{"start":{"line":28,"column":11},"end":{"line":30,"column":5}}]},"3":{"loc":{"start":{"line":68,"column":4},"end":{"line":75,"column":5}},"type":"if","locations":[{"start":{"line":68,"column":4},"end":{"line":75,"column":5}},{"start":{"line":70,"column":11},"end":{"line":75,"column":5}}]},"4":{"loc":{"start":{"line":88,"column":4},"end":{"line":95,"column":5}},"type":"if","locations":[{"start":{"line":88,"column":4},"end":{"line":95,"column":5}},{"start":{"line":90,"column":11},"end":{"line":95,"column":5}}]}},"s":{"0":2,"1":2,"2":0,"3":0,"4":0,"5":0,"6":0,"7":0,"8":0,"9":2,"10":2,"11":0,"12":0,"13":0,"14":0,"15":0,"16":0,"17":0,"18":0,"19":2,"20":2,"21":0,"22":0,"23":0,"24":0,"25":0,"26":0,"27":2,"28":2,"29":0,"30":0,"31":0,"32":0,"33":0,"34":0,"35":0,"36":0,"37":0,"38":2,"39":2,"40":0,"41":0,"42":0,"43":0,"44":0,"45":0,"46":0,"47":0,"48":2,"49":2,"50":0,"51":0,"52":0,"53":0,"54":0,"55":0,"56":2},"f":{"0":0,"1":0,"2":0,"3":0,"4":0,"5":0,"6":0,"7":0,"8":0,"9":0,"10":0,"11":0},"b":{"0":[0,0],"1":[0,0],"2":[0,0],"3":[0,0],"4":[0,0]}}
,"C:\\Users\\HP\\Documents\\backend-final-1\\src\\controllers\\couponController.ts": {"path":"C:\\Users\\HP\\Documents\\backend-final-1\\src\\controllers\\couponController.ts","statementMap":{"0":{"start":{"line":2,"column":0},"end":{"line":2,"column":null}},"1":{"start":{"line":11,"column":29},"end":{"line":18,"column":2}},"2":{"start":{"line":11,"column":67},"end":{"line":18,"column":2}},"3":{"start":{"line":12,"column":2},"end":{"line":17,"column":3}},"4":{"start":{"line":13,"column":20},"end":{"line":13,"column":43}},"5":{"start":{"line":14,"column":4},"end":{"line":14,"column":22}},"6":{"start":{"line":16,"column":4},"end":{"line":16,"column":63}},"7":{"start":{"line":11,"column":13},"end":{"line":11,"column":29}},"8":{"start":{"line":20,"column":29},"end":{"line":31,"column":2}},"9":{"start":{"line":20,"column":67},"end":{"line":31,"column":2}},"10":{"start":{"line":21,"column":2},"end":{"line":30,"column":3}},"11":{"start":{"line":22,"column":19},"end":{"line":22,"column":55}},"12":{"start":{"line":23,"column":4},"end":{"line":27,"column":5}},"13":{"start":{"line":24,"column":6},"end":{"line":24,"column":58}},"14":{"start":{"line":26,"column":6},"end":{"line":26,"column":23}},"15":{"start":{"line":29,"column":4},"end":{"line":29,"column":62}},"16":{"start":{"line":20,"column":13},"end":{"line":20,"column":29}},"17":{"start":{"line":34,"column":28},"end":{"line":41,"column":2}},"18":{"start":{"line":34,"column":66},"end":{"line":41,"column":2}},"19":{"start":{"line":35,"column":2},"end":{"line":40,"column":3}},"20":{"start":{"line":36,"column":19},"end":{"line":36,"column":44}},"21":{"start":{"line":37,"column":4},"end":{"line":37,"column":33}},"22":{"start":{"line":39,"column":4},"end":{"line":39,"column":63}},"23":{"start":{"line":34,"column":13},"end":{"line":34,"column":28}},"24":{"start":{"line":43,"column":28},"end":{"line":54,"column":2}},"25":{"start":{"line":43,"column":66},"end":{"line":54,"column":2}},"26":{"start":{"line":44,"column":2},"end":{"line":53,"column":3}},"27":{"start":{"line":45,"column":19},"end":{"line":45,"column":62}},"28":{"start":{"line":46,"column":4},"end":{"line":50,"column":5}},"29":{"start":{"line":47,"column":6},"end":{"line":47,"column":58}},"30":{"start":{"line":49,"column":6},"end":{"line":49,"column":35}},"31":{"start":{"line":52,"column":4},"end":{"line":52,"column":63}},"32":{"start":{"line":43,"column":13},"end":{"line":43,"column":28}},"33":{"start":{"line":56,"column":28},"end":{"line":67,"column":2}},"34":{"start":{"line":56,"column":66},"end":{"line":67,"column":2}},"35":{"start":{"line":57,"column":2},"end":{"line":66,"column":3}},"36":{"start":{"line":58,"column":20},"end":{"line":58,"column":53}},"37":{"start":{"line":59,"column":4},"end":{"line":63,"column":5}},"38":{"start":{"line":60,"column":6},"end":{"line":60,"column":58}},"39":{"start":{"line":62,"column":6},"end":{"line":62,"column":29}},"40":{"start":{"line":65,"column":4},"end":{"line":65,"column":63}},"41":{"start":{"line":56,"column":13},"end":{"line":56,"column":28}},"42":{"start":{"line":69,"column":31},"end":{"line":76,"column":2}},"43":{"start":{"line":69,"column":69},"end":{"line":76,"column":2}},"44":{"start":{"line":70,"column":2},"end":{"line":75,"column":3}},"45":{"start":{"line":71,"column":19},"end":{"line":71,"column":57}},"46":{"start":{"line":72,"column":4},"end":{"line":72,"column":33}},"47":{"start":{"line":74,"column":4},"end":{"line":74,"column":77}},"48":{"start":{"line":69,"column":13},"end":{"line":69,"column":31}}},"fnMap":{"0":{"name":"(anonymous_7)","decl":{"start":{"line":11,"column":29},"end":{"line":11,"column":36}},"loc":{"start":{"line":11,"column":67},"end":{"line":18,"column":2}}},"1":{"name":"(anonymous_8)","decl":{"start":{"line":11,"column":67},"end":{"line":11,"column":null}},"loc":{"start":{"line":11,"column":67},"end":{"line":18,"column":1}}},"2":{"name":"(anonymous_9)","decl":{"start":{"line":20,"column":29},"end":{"line":20,"column":36}},"loc":{"start":{"line":20,"column":67},"end":{"line":31,"column":2}}},"3":{"name":"(anonymous_10)","decl":{"start":{"line":20,"column":67},"end":{"line":20,"column":null}},"loc":{"start":{"line":20,"column":67},"end":{"line":31,"column":1}}},"4":{"name":"(anonymous_11)","decl":{"start":{"line":34,"column":28},"end":{"line":34,"column":35}},"loc":{"start":{"line":34,"column":66},"end":{"line":41,"column":2}}},"5":{"name":"(anonymous_12)","decl":{"start":{"line":34,"column":66},"end":{"line":34,"column":null}},"loc":{"start":{"line":34,"column":66},"end":{"line":41,"column":1}}},"6":{"name":"(anonymous_13)","decl":{"start":{"line":43,"column":28},"end":{"line":43,"column":35}},"loc":{"start":{"line":43,"column":66},"end":{"line":54,"column":2}}},"7":{"name":"(anonymous_14)","decl":{"start":{"line":43,"column":66},"end":{"line":43,"column":null}},"loc":{"start":{"line":43,"column":66},"end":{"line":54,"column":1}}},"8":{"name":"(anonymous_15)","decl":{"start":{"line":56,"column":28},"end":{"line":56,"column":35}},"loc":{"start":{"line":56,"column":66},"end":{"line":67,"column":2}}},"9":{"name":"(anonymous_16)","decl":{"start":{"line":56,"column":66},"end":{"line":56,"column":null}},"loc":{"start":{"line":56,"column":66},"end":{"line":67,"column":1}}},"10":{"name":"(anonymous_17)","decl":{"start":{"line":69,"column":31},"end":{"line":69,"column":38}},"loc":{"start":{"line":69,"column":69},"end":{"line":76,"column":2}}},"11":{"name":"(anonymous_18)","decl":{"start":{"line":69,"column":69},"end":{"line":69,"column":null}},"loc":{"start":{"line":69,"column":69},"end":{"line":76,"column":1}}}},"branchMap":{"0":{"loc":{"start":{"line":23,"column":4},"end":{"line":27,"column":5}},"type":"if","locations":[{"start":{"line":23,"column":4},"end":{"line":27,"column":5}},{"start":{"line":25,"column":11},"end":{"line":27,"column":5}}]},"1":{"loc":{"start":{"line":46,"column":4},"end":{"line":50,"column":5}},"type":"if","locations":[{"start":{"line":46,"column":4},"end":{"line":50,"column":5}},{"start":{"line":48,"column":11},"end":{"line":50,"column":5}}]},"2":{"loc":{"start":{"line":59,"column":4},"end":{"line":63,"column":5}},"type":"if","locations":[{"start":{"line":59,"column":4},"end":{"line":63,"column":5}},{"start":{"line":61,"column":11},"end":{"line":63,"column":5}}]}},"s":{"0":2,"1":2,"2":0,"3":0,"4":0,"5":0,"6":0,"7":2,"8":2,"9":0,"10":0,"11":0,"12":0,"13":0,"14":0,"15":0,"16":2,"17":2,"18":0,"19":0,"20":0,"21":0,"22":0,"23":2,"24":2,"25":0,"26":0,"27":0,"28":0,"29":0,"30":0,"31":0,"32":2,"33":2,"34":0,"35":0,"36":0,"37":0,"38":0,"39":0,"40":0,"41":2,"42":2,"43":0,"44":0,"45":0,"46":0,"47":0,"48":2},"f":{"0":0,"1":0,"2":0,"3":0,"4":0,"5":0,"6":0,"7":0,"8":0,"9":0,"10":0,"11":0},"b":{"0":[0,0],"1":[0,0],"2":[0,0]}}
,"C:\\Users\\HP\\Documents\\backend-final-1\\src\\controllers\\discountController.ts": {"path":"C:\\Users\\HP\\Documents\\backend-final-1\\src\\controllers\\discountController.ts","statementMap":{"0":{"start":{"line":2,"column":0},"end":{"line":2,"column":63}},"1":{"start":{"line":4,"column":31},"end":{"line":15,"column":2}},"2":{"start":{"line":4,"column":69},"end":{"line":15,"column":2}},"3":{"start":{"line":5,"column":4},"end":{"line":14,"column":5}},"4":{"start":{"line":6,"column":26},"end":{"line":6,"column":65}},"5":{"start":{"line":7,"column":8},"end":{"line":7,"column":40}},"6":{"start":{"line":9,"column":8},"end":{"line":13,"column":9}},"7":{"start":{"line":10,"column":12},"end":{"line":10,"column":59}},"8":{"start":{"line":12,"column":12},"end":{"line":12,"column":73}},"9":{"start":{"line":4,"column":13},"end":{"line":4,"column":31}},"10":{"start":{"line":17,"column":31},"end":{"line":33,"column":2}},"11":{"start":{"line":17,"column":69},"end":{"line":33,"column":2}},"12":{"start":{"line":18,"column":4},"end":{"line":32,"column":5}},"13":{"start":{"line":19,"column":23},"end":{"line":19,"column":33}},"14":{"start":{"line":20,"column":25},"end":{"line":20,"column":66}},"15":{"start":{"line":21,"column":8},"end":{"line":24,"column":9}},"16":{"start":{"line":22,"column":13},"end":{"line":22,"column":69}},"17":{"start":{"line":23,"column":13},"end":{"line":23,"column":19}},"18":{"start":{"line":25,"column":8},"end":{"line":25,"column":39}},"19":{"start":{"line":27,"column":8},"end":{"line":31,"column":9}},"20":{"start":{"line":28,"column":12},"end":{"line":28,"column":59}},"21":{"start":{"line":30,"column":12},"end":{"line":30,"column":73}},"22":{"start":{"line":17,"column":13},"end":{"line":17,"column":31}},"23":{"start":{"line":35,"column":30},"end":{"line":47,"column":2}},"24":{"start":{"line":35,"column":68},"end":{"line":47,"column":2}},"25":{"start":{"line":36,"column":4},"end":{"line":46,"column":5}},"26":{"start":{"line":37,"column":21},"end":{"line":37,"column":29}},"27":{"start":{"line":38,"column":25},"end":{"line":38,"column":67}},"28":{"start":{"line":39,"column":8},"end":{"line":39,"column":39}},"29":{"start":{"line":41,"column":8},"end":{"line":45,"column":9}},"30":{"start":{"line":42,"column":12},"end":{"line":42,"column":59}},"31":{"start":{"line":44,"column":12},"end":{"line":44,"column":73}},"32":{"start":{"line":35,"column":13},"end":{"line":35,"column":30}},"33":{"start":{"line":49,"column":30},"end":{"line":66,"column":2}},"34":{"start":{"line":49,"column":68},"end":{"line":66,"column":2}},"35":{"start":{"line":50,"column":4},"end":{"line":65,"column":5}},"36":{"start":{"line":51,"column":23},"end":{"line":51,"column":33}},"37":{"start":{"line":52,"column":21},"end":{"line":52,"column":29}},"38":{"start":{"line":53,"column":32},"end":{"line":53,"column":78}},"39":{"start":{"line":54,"column":8},"end":{"line":54,"column":46}},"40":{"start":{"line":56,"column":8},"end":{"line":64,"column":9}},"41":{"start":{"line":57,"column":12},"end":{"line":61,"column":13}},"42":{"start":{"line":58,"column":16},"end":{"line":58,"column":65}},"43":{"start":{"line":60,"column":16},"end":{"line":60,"column":63}},"44":{"start":{"line":63,"column":12},"end":{"line":63,"column":73}},"45":{"start":{"line":49,"column":13},"end":{"line":49,"column":30}},"46":{"start":{"line":68,"column":30},"end":{"line":84,"column":2}},"47":{"start":{"line":68,"column":68},"end":{"line":84,"column":2}},"48":{"start":{"line":69,"column":4},"end":{"line":83,"column":5}},"49":{"start":{"line":70,"column":23},"end":{"line":70,"column":33}},"50":{"start":{"line":71,"column":8},"end":{"line":71,"column":49}},"51":{"start":{"line":72,"column":8},"end":{"line":72,"column":31}},"52":{"start":{"line":74,"column":8},"end":{"line":82,"column":9}},"53":{"start":{"line":75,"column":12},"end":{"line":79,"column":13}},"54":{"start":{"line":76,"column":16},"end":{"line":76,"column":65}},"55":{"start":{"line":78,"column":16},"end":{"line":78,"column":63}},"56":{"start":{"line":81,"column":12},"end":{"line":81,"column":73}},"57":{"start":{"line":68,"column":13},"end":{"line":68,"column":30}},"58":{"start":{"line":86,"column":19},"end":{"line":93,"column":1}},"59":{"start":{"line":87,"column":18},"end":{"line":87,"column":61}},"60":{"start":{"line":88,"column":20},"end":{"line":88,"column":79}},"61":{"start":{"line":89,"column":17},"end":{"line":89,"column":39}},"62":{"start":{"line":90,"column":27},"end":{"line":90,"column":37}},"63":{"start":{"line":92,"column":4},"end":{"line":92,"column":71}},"64":{"start":{"line":96,"column":44},"end":{"line":135,"column":2}},"65":{"start":{"line":96,"column":82},"end":{"line":135,"column":2}},"66":{"start":{"line":97,"column":27},"end":{"line":97,"column":37}},"67":{"start":{"line":99,"column":4},"end":{"line":134,"column":5}},"68":{"start":{"line":100,"column":25},"end":{"line":100,"column":74}},"69":{"start":{"line":102,"column":8},"end":{"line":105,"column":9}},"70":{"start":{"line":103,"column":13},"end":{"line":103,"column":69}},"71":{"start":{"line":104,"column":13},"end":{"line":104,"column":19}},"72":{"start":{"line":107,"column":28},"end":{"line":107,"column":38}},"73":{"start":{"line":108,"column":32},"end":{"line":108,"column":58}},"74":{"start":{"line":110,"column":30},"end":{"line":110,"column":79}},"75":{"start":{"line":112,"column":8},"end":{"line":119,"column":9}},"76":{"start":{"line":113,"column":13},"end":{"line":117,"column":15}},"77":{"start":{"line":118,"column":12},"end":{"line":118,"column":18}},"78":{"start":{"line":121,"column":30},"end":{"line":121,"column":55}},"79":{"start":{"line":123,"column":9},"end":{"line":127,"column":11}},"80":{"start":{"line":128,"column":8},"end":{"line":128,"column":14}},"81":{"start":{"line":131,"column":8},"end":{"line":131,"column":29}},"82":{"start":{"line":132,"column":9},"end":{"line":132,"column":68}},"83":{"start":{"line":133,"column":9},"end":{"line":133,"column":15}},"84":{"start":{"line":96,"column":13},"end":{"line":96,"column":44}}},"fnMap":{"0":{"name":"(anonymous_16)","decl":{"start":{"line":4,"column":31},"end":{"line":4,"column":38}},"loc":{"start":{"line":4,"column":69},"end":{"line":15,"column":2}}},"1":{"name":"(anonymous_17)","decl":{"start":{"line":4,"column":69},"end":{"line":4,"column":null}},"loc":{"start":{"line":4,"column":69},"end":{"line":15,"column":1}}},"2":{"name":"(anonymous_18)","decl":{"start":{"line":17,"column":31},"end":{"line":17,"column":38}},"loc":{"start":{"line":17,"column":69},"end":{"line":33,"column":2}}},"3":{"name":"(anonymous_19)","decl":{"start":{"line":17,"column":69},"end":{"line":17,"column":null}},"loc":{"start":{"line":17,"column":69},"end":{"line":33,"column":1}}},"4":{"name":"(anonymous_20)","decl":{"start":{"line":35,"column":30},"end":{"line":35,"column":37}},"loc":{"start":{"line":35,"column":68},"end":{"line":47,"column":2}}},"5":{"name":"(anonymous_21)","decl":{"start":{"line":35,"column":68},"end":{"line":35,"column":null}},"loc":{"start":{"line":35,"column":68},"end":{"line":47,"column":1}}},"6":{"name":"(anonymous_22)","decl":{"start":{"line":49,"column":30},"end":{"line":49,"column":37}},"loc":{"start":{"line":49,"column":68},"end":{"line":66,"column":2}}},"7":{"name":"(anonymous_23)","decl":{"start":{"line":49,"column":68},"end":{"line":49,"column":null}},"loc":{"start":{"line":49,"column":68},"end":{"line":66,"column":1}}},"8":{"name":"(anonymous_24)","decl":{"start":{"line":68,"column":30},"end":{"line":68,"column":37}},"loc":{"start":{"line":68,"column":68},"end":{"line":84,"column":2}}},"9":{"name":"(anonymous_25)","decl":{"start":{"line":68,"column":68},"end":{"line":68,"column":null}},"loc":{"start":{"line":68,"column":68},"end":{"line":84,"column":1}}},"10":{"name":"(anonymous_26)","decl":{"start":{"line":86,"column":19},"end":{"line":86,"column":20}},"loc":{"start":{"line":86,"column":44},"end":{"line":93,"column":1}}},"11":{"name":"(anonymous_27)","decl":{"start":{"line":96,"column":44},"end":{"line":96,"column":51}},"loc":{"start":{"line":96,"column":82},"end":{"line":135,"column":2}}},"12":{"name":"(anonymous_28)","decl":{"start":{"line":96,"column":82},"end":{"line":96,"column":null}},"loc":{"start":{"line":96,"column":82},"end":{"line":135,"column":1}}}},"branchMap":{"0":{"loc":{"start":{"line":9,"column":8},"end":{"line":13,"column":9}},"type":"if","locations":[{"start":{"line":9,"column":8},"end":{"line":13,"column":9}},{"start":{"line":11,"column":15},"end":{"line":13,"column":9}}]},"1":{"loc":{"start":{"line":21,"column":8},"end":{"line":24,"column":9}},"type":"if","locations":[{"start":{"line":21,"column":8},"end":{"line":24,"column":9}}]},"2":{"loc":{"start":{"line":27,"column":8},"end":{"line":31,"column":9}},"type":"if","locations":[{"start":{"line":27,"column":8},"end":{"line":31,"column":9}},{"start":{"line":29,"column":15},"end":{"line":31,"column":9}}]},"3":{"loc":{"start":{"line":41,"column":8},"end":{"line":45,"column":9}},"type":"if","locations":[{"start":{"line":41,"column":8},"end":{"line":45,"column":9}},{"start":{"line":43,"column":15},"end":{"line":45,"column":9}}]},"4":{"loc":{"start":{"line":56,"column":8},"end":{"line":64,"column":9}},"type":"if","locations":[{"start":{"line":56,"column":8},"end":{"line":64,"column":9}},{"start":{"line":62,"column":15},"end":{"line":64,"column":9}}]},"5":{"loc":{"start":{"line":57,"column":12},"end":{"line":61,"column":13}},"type":"if","locations":[{"start":{"line":57,"column":12},"end":{"line":61,"column":13}},{"start":{"line":59,"column":19},"end":{"line":61,"column":13}}]},"6":{"loc":{"start":{"line":74,"column":8},"end":{"line":82,"column":9}},"type":"if","locations":[{"start":{"line":74,"column":8},"end":{"line":82,"column":9}},{"start":{"line":80,"column":15},"end":{"line":82,"column":9}}]},"7":{"loc":{"start":{"line":75,"column":12},"end":{"line":79,"column":13}},"type":"if","locations":[{"start":{"line":75,"column":12},"end":{"line":79,"column":13}},{"start":{"line":77,"column":19},"end":{"line":79,"column":13}}]},"8":{"loc":{"start":{"line":102,"column":8},"end":{"line":105,"column":9}},"type":"if","locations":[{"start":{"line":102,"column":8},"end":{"line":105,"column":9}}]},"9":{"loc":{"start":{"line":112,"column":8},"end":{"line":119,"column":9}},"type":"if","locations":[{"start":{"line":112,"column":8},"end":{"line":119,"column":9}}]}},"s":{"0":2,"1":2,"2":0,"3":0,"4":0,"5":0,"6":0,"7":0,"8":0,"9":2,"10":2,"11":0,"12":0,"13":0,"14":0,"15":0,"16":0,"17":0,"18":0,"19":0,"20":0,"21":0,"22":2,"23":2,"24":0,"25":0,"26":0,"27":0,"28":0,"29":0,"30":0,"31":0,"32":2,"33":2,"34":0,"35":0,"36":0,"37":0,"38":0,"39":0,"40":0,"41":0,"42":0,"43":0,"44":0,"45":2,"46":2,"47":0,"48":0,"49":0,"50":0,"51":0,"52":0,"53":0,"54":0,"55":0,"56":0,"57":2,"58":2,"59":0,"60":0,"61":0,"62":0,"63":0,"64":2,"65":0,"66":0,"67":0,"68":0,"69":0,"70":0,"71":0,"72":0,"73":0,"74":0,"75":0,"76":0,"77":0,"78":0,"79":0,"80":0,"81":0,"82":0,"83":0,"84":2},"f":{"0":0,"1":0,"2":0,"3":0,"4":0,"5":0,"6":0,"7":0,"8":0,"9":0,"10":0,"11":0,"12":0},"b":{"0":[0,0],"1":[0],"2":[0,0],"3":[0,0],"4":[0,0],"5":[0,0],"6":[0,0],"7":[0,0],"8":[0],"9":[0]}}
,"C:\\Users\\HP\\Documents\\backend-final-1\\src\\controllers\\orderController.ts": {"path":"C:\\Users\\HP\\Documents\\backend-final-1\\src\\controllers\\orderController.ts","statementMap":{"0":{"start":{"line":2,"column":0},"end":{"line":2,"column":83}},"1":{"start":{"line":4,"column":29},"end":{"line":20,"column":2}},"2":{"start":{"line":4,"column":67},"end":{"line":20,"column":2}},"3":{"start":{"line":5,"column":2},"end":{"line":19,"column":3}},"4":{"start":{"line":6,"column":23},"end":{"line":6,"column":33}},"5":{"start":{"line":8,"column":19},"end":{"line":8,"column":53}},"6":{"start":{"line":10,"column":4},"end":{"line":13,"column":7}},"7":{"start":{"line":15,"column":4},"end":{"line":18,"column":7}},"8":{"start":{"line":4,"column":13},"end":{"line":4,"column":29}},"9":{"start":{"line":22,"column":26},"end":{"line":42,"column":2}},"10":{"start":{"line":22,"column":63},"end":{"line":42,"column":2}},"11":{"start":{"line":23,"column":2},"end":{"line":41,"column":3}},"12":{"start":{"line":24,"column":23},"end":{"line":24,"column":31}},"13":{"start":{"line":27,"column":21},"end":{"line":27,"column":59}},"14":{"start":{"line":28,"column":19},"end":{"line":28,"column":31}},"15":{"start":{"line":30,"column":17},"end":{"line":30,"column":66}},"16":{"start":{"line":32,"column":5},"end":{"line":35,"column":7}},"17":{"start":{"line":37,"column":5},"end":{"line":40,"column":7}},"18":{"start":{"line":22,"column":13},"end":{"line":22,"column":26}}},"fnMap":{"0":{"name":"(anonymous_7)","decl":{"start":{"line":4,"column":29},"end":{"line":4,"column":36}},"loc":{"start":{"line":4,"column":67},"end":{"line":20,"column":2}}},"1":{"name":"(anonymous_8)","decl":{"start":{"line":4,"column":67},"end":{"line":4,"column":null}},"loc":{"start":{"line":4,"column":67},"end":{"line":20,"column":1}}},"2":{"name":"(anonymous_9)","decl":{"start":{"line":22,"column":26},"end":{"line":22,"column":33}},"loc":{"start":{"line":22,"column":63},"end":{"line":42,"column":2}}},"3":{"name":"(anonymous_10)","decl":{"start":{"line":22,"column":63},"end":{"line":22,"column":null}},"loc":{"start":{"line":22,"column":63},"end":{"line":42,"column":1}}}},"branchMap":{"0":{"loc":{"start":{"line":17,"column":13},"end":{"line":17,"column":59}},"type":"cond-expr","locations":[{"start":{"line":17,"column":38},"end":{"line":17,"column":51}},{"start":{"line":17,"column":54},"end":{"line":17,"column":59}}]},"1":{"loc":{"start":{"line":39,"column":13},"end":{"line":39,"column":59}},"type":"cond-expr","locations":[{"start":{"line":39,"column":38},"end":{"line":39,"column":51}},{"start":{"line":39,"column":54},"end":{"line":39,"column":59}}]}},"s":{"0":2,"1":2,"2":0,"3":0,"4":0,"5":0,"6":0,"7":0,"8":2,"9":2,"10":0,"11":0,"12":0,"13":0,"14":0,"15":0,"16":0,"17":0,"18":2},"f":{"0":0,"1":0,"2":0,"3":0},"b":{"0":[0,0],"1":[0,0]}}
,"C:\\Users\\HP\\Documents\\backend-final-1\\src\\controllers\\orderItemController.ts": {"path":"C:\\Users\\HP\\Documents\\backend-final-1\\src\\controllers\\orderItemController.ts","statementMap":{"0":{"start":{"line":2,"column":0},"end":{"line":2,"column":68}},"1":{"start":{"line":4,"column":29},"end":{"line":19,"column":2}},"2":{"start":{"line":4,"column":67},"end":{"line":19,"column":2}},"3":{"start":{"line":5,"column":2},"end":{"line":18,"column":3}},"4":{"start":{"line":6,"column":24},"end":{"line":6,"column":34}},"5":{"start":{"line":8,"column":4},"end":{"line":11,"column":5}},"6":{"start":{"line":9,"column":6},"end":{"line":9,"column":62}},"7":{"start":{"line":10,"column":6},"end":{"line":10,"column":13}},"8":{"start":{"line":13,"column":23},"end":{"line":13,"column":58}},"9":{"start":{"line":15,"column":4},"end":{"line":15,"column":41}},"10":{"start":{"line":17,"column":4},"end":{"line":17,"column":84}},"11":{"start":{"line":4,"column":13},"end":{"line":4,"column":29}}},"fnMap":{"0":{"name":"(anonymous_7)","decl":{"start":{"line":4,"column":29},"end":{"line":4,"column":36}},"loc":{"start":{"line":4,"column":67},"end":{"line":19,"column":2}}},"1":{"name":"(anonymous_8)","decl":{"start":{"line":4,"column":67},"end":{"line":4,"column":null}},"loc":{"start":{"line":4,"column":67},"end":{"line":19,"column":1}}}},"branchMap":{"0":{"loc":{"start":{"line":8,"column":4},"end":{"line":11,"column":5}},"type":"if","locations":[{"start":{"line":8,"column":4},"end":{"line":11,"column":5}}]},"1":{"loc":{"start":{"line":17,"column":34},"end":{"line":17,"column":80}},"type":"cond-expr","locations":[{"start":{"line":17,"column":59},"end":{"line":17,"column":72}},{"start":{"line":17,"column":75},"end":{"line":17,"column":80}}]}},"s":{"0":2,"1":2,"2":0,"3":0,"4":0,"5":0,"6":0,"7":0,"8":0,"9":0,"10":0,"11":2},"f":{"0":0,"1":0},"b":{"0":[0],"1":[0,0]}}
,"C:\\Users\\HP\\Documents\\backend-final-1\\src\\controllers\\productController.ts": {"path":"C:\\Users\\HP\\Documents\\backend-final-1\\src\\controllers\\productController.ts","statementMap":{"0":{"start":{"line":2,"column":0},"end":{"line":2,"column":67}},"1":{"start":{"line":3,"column":0},"end":{"line":3,"column":null}},"2":{"start":{"line":17,"column":0},"end":{"line":17,"column":null}},"3":{"start":{"line":22,"column":0},"end":{"line":22,"column":null}},"4":{"start":{"line":27,"column":30},"end":{"line":85,"column":2}},"5":{"start":{"line":27,"column":68},"end":{"line":85,"column":2}},"6":{"start":{"line":28,"column":2},"end":{"line":84,"column":3}},"7":{"start":{"line":29,"column":17},"end":{"line":29,"column":56}},"8":{"start":{"line":30,"column":18},"end":{"line":30,"column":59}},"9":{"start":{"line":31,"column":22},"end":{"line":31,"column":47}},"10":{"start":{"line":32,"column":25},"end":{"line":32,"column":53}},"11":{"start":{"line":34,"column":37},"end":{"line":38,"column":null}},"12":{"start":{"line":41,"column":4},"end":{"line":44,"column":5}},"13":{"start":{"line":42,"column":6},"end":{"line":42,"column":62}},"14":{"start":{"line":43,"column":6},"end":{"line":43,"column":13}},"15":{"start":{"line":46,"column":28},"end":{"line":74,"column":null}},"16":{"start":{"line":47,"column":37},"end":{"line":74,"column":8}},"17":{"start":{"line":48,"column":8},"end":{"line":72,"column":9}},"18":{"start":{"line":53,"column":10},"end":{"line":68,"column":11}},"19":{"start":{"line":54,"column":36},"end":{"line":55,"column":null}},"20":{"start":{"line":57,"column":12},"end":{"line":60,"column":14}},"21":{"start":{"line":61,"column":12},"end":{"line":61,"column":61}},"22":{"start":{"line":63,"column":12},"end":{"line":66,"column":14}},"23":{"start":{"line":67,"column":12},"end":{"line":67,"column":27}},"24":{"start":{"line":70,"column":10},"end":{"line":71,"column":106}},"25":{"start":{"line":73,"column":8},"end":{"line":73,"column":23}},"26":{"start":{"line":77,"column":4},"end":{"line":81,"column":7}},"27":{"start":{"line":83,"column":4},"end":{"line":83,"column":70}},"28":{"start":{"line":27,"column":13},"end":{"line":27,"column":30}},"29":{"start":{"line":87,"column":30},"end":{"line":119,"column":2}},"30":{"start":{"line":90,"column":19},"end":{"line":119,"column":2}},"31":{"start":{"line":91,"column":2},"end":{"line":118,"column":3}},"32":{"start":{"line":92,"column":22},"end":{"line":92,"column":35}},"33":{"start":{"line":94,"column":20},"end":{"line":94,"column":58}},"34":{"start":{"line":95,"column":4},"end":{"line":98,"column":5}},"35":{"start":{"line":96,"column":6},"end":{"line":96,"column":59}},"36":{"start":{"line":97,"column":6},"end":{"line":97,"column":13}},"37":{"start":{"line":100,"column":4},"end":{"line":112,"column":5}},"38":{"start":{"line":101,"column":6},"end":{"line":108,"column":7}},"39":{"start":{"line":102,"column":32},"end":{"line":103,"column":null}},"40":{"start":{"line":105,"column":8},"end":{"line":105,"column":43}},"41":{"start":{"line":107,"column":8},"end":{"line":107,"column":79}},"42":{"start":{"line":110,"column":6},"end":{"line":111,"column":102}},"43":{"start":{"line":114,"column":4},"end":{"line":114,"column":34}},"44":{"start":{"line":116,"column":4},"end":{"line":116,"column":53}},"45":{"start":{"line":117,"column":4},"end":{"line":117,"column":63}},"46":{"start":{"line":87,"column":13},"end":{"line":87,"column":30}},"47":{"start":{"line":121,"column":26},"end":{"line":150,"column":2}},"48":{"start":{"line":121,"column":64},"end":{"line":150,"column":2}},"49":{"start":{"line":122,"column":2},"end":{"line":149,"column":3}},"50":{"start":{"line":123,"column":24},"end":{"line":123,"column":32}},"51":{"start":{"line":125,"column":4},"end":{"line":134,"column":5}},"52":{"start":{"line":126,"column":23},"end":{"line":128,"column":null}},"53":{"start":{"line":130,"column":6},"end":{"line":130,"column":38}},"54":{"start":{"line":132,"column":6},"end":{"line":133,"column":102}},"55":{"start":{"line":136,"column":23},"end":{"line":136,"column":59}},"56":{"start":{"line":138,"column":4},"end":{"line":142,"column":7}},"57":{"start":{"line":144,"column":4},"end":{"line":144,"column":50}},"58":{"start":{"line":145,"column":4},"end":{"line":148,"column":7}},"59":{"start":{"line":121,"column":13},"end":{"line":121,"column":26}},"60":{"start":{"line":152,"column":29},"end":{"line":186,"column":2}},"61":{"start":{"line":152,"column":67},"end":{"line":186,"column":2}},"62":{"start":{"line":153,"column":2},"end":{"line":185,"column":3}},"63":{"start":{"line":154,"column":22},"end":{"line":154,"column":35}},"64":{"start":{"line":155,"column":24},"end":{"line":155,"column":32}},"65":{"start":{"line":157,"column":4},"end":{"line":166,"column":5}},"66":{"start":{"line":158,"column":23},"end":{"line":160,"column":null}},"67":{"start":{"line":162,"column":6},"end":{"line":162,"column":38}},"68":{"start":{"line":164,"column":6},"end":{"line":165,"column":102}},"69":{"start":{"line":168,"column":27},"end":{"line":168,"column":77}},"70":{"start":{"line":170,"column":4},"end":{"line":174,"column":7}},"71":{"start":{"line":176,"column":4},"end":{"line":176,"column":52}},"72":{"start":{"line":177,"column":4},"end":{"line":184,"column":5}},"73":{"start":{"line":178,"column":6},"end":{"line":178,"column":61}},"74":{"start":{"line":180,"column":6},"end":{"line":183,"column":9}},"75":{"start":{"line":152,"column":13},"end":{"line":152,"column":29}},"76":{"start":{"line":188,"column":29},"end":{"line":210,"column":2}},"77":{"start":{"line":188,"column":67},"end":{"line":210,"column":2}},"78":{"start":{"line":189,"column":2},"end":{"line":209,"column":3}},"79":{"start":{"line":190,"column":22},"end":{"line":190,"column":35}},"80":{"start":{"line":192,"column":20},"end":{"line":192,"column":58}},"81":{"start":{"line":193,"column":4},"end":{"line":195,"column":5}},"82":{"start":{"line":194,"column":6},"end":{"line":194,"column":61}},"83":{"start":{"line":197,"column":4},"end":{"line":197,"column":42}},"84":{"start":{"line":199,"column":4},"end":{"line":202,"column":7}},"85":{"start":{"line":204,"column":4},"end":{"line":204,"column":52}},"86":{"start":{"line":205,"column":4},"end":{"line":208,"column":7}},"87":{"start":{"line":188,"column":13},"end":{"line":188,"column":29}},"88":{"start":{"line":212,"column":33},"end":{"line":220,"column":2}},"89":{"start":{"line":212,"column":71},"end":{"line":220,"column":2}},"90":{"start":{"line":213,"column":2},"end":{"line":219,"column":3}},"91":{"start":{"line":214,"column":22},"end":{"line":214,"column":35}},"92":{"start":{"line":215,"column":20},"end":{"line":215,"column":61}},"93":{"start":{"line":216,"column":4},"end":{"line":216,"column":34}},"94":{"start":{"line":218,"column":4},"end":{"line":218,"column":63}},"95":{"start":{"line":212,"column":13},"end":{"line":212,"column":33}},"96":{"start":{"line":222,"column":33},"end":{"line":263,"column":2}},"97":{"start":{"line":222,"column":71},"end":{"line":263,"column":2}},"98":{"start":{"line":223,"column":2},"end":{"line":262,"column":3}},"99":{"start":{"line":224,"column":17},"end":{"line":224,"column":56}},"100":{"start":{"line":225,"column":18},"end":{"line":225,"column":59}},"101":{"start":{"line":226,"column":21},"end":{"line":226,"column":64}},"102":{"start":{"line":227,"column":4},"end":{"line":230,"column":5}},"103":{"start":{"line":228,"column":6},"end":{"line":228,"column":78}},"104":{"start":{"line":229,"column":6},"end":{"line":229,"column":13}},"105":{"start":{"line":232,"column":28},"end":{"line":256,"column":null}},"106":{"start":{"line":233,"column":37},"end":{"line":256,"column":8}},"107":{"start":{"line":234,"column":8},"end":{"line":254,"column":9}},"108":{"start":{"line":235,"column":10},"end":{"line":250,"column":11}},"109":{"start":{"line":236,"column":36},"end":{"line":237,"column":null}},"110":{"start":{"line":239,"column":12},"end":{"line":242,"column":14}},"111":{"start":{"line":243,"column":12},"end":{"line":243,"column":61}},"112":{"start":{"line":245,"column":12},"end":{"line":248,"column":14}},"113":{"start":{"line":249,"column":12},"end":{"line":249,"column":27}},"114":{"start":{"line":252,"column":10},"end":{"line":253,"column":106}},"115":{"start":{"line":255,"column":8},"end":{"line":255,"column":23}},"116":{"start":{"line":259,"column":4},"end":{"line":259,"column":42}},"117":{"start":{"line":261,"column":4},"end":{"line":261,"column":70}},"118":{"start":{"line":222,"column":13},"end":{"line":222,"column":33}},"119":{"start":{"line":265,"column":37},"end":{"line":307,"column":2}},"120":{"start":{"line":265,"column":75},"end":{"line":307,"column":2}},"121":{"start":{"line":266,"column":2},"end":{"line":306,"column":3}},"122":{"start":{"line":267,"column":17},"end":{"line":267,"column":56}},"123":{"start":{"line":268,"column":18},"end":{"line":268,"column":59}},"124":{"start":{"line":269,"column":21},"end":{"line":269,"column":68}},"125":{"start":{"line":271,"column":4},"end":{"line":274,"column":5}},"126":{"start":{"line":272,"column":6},"end":{"line":272,"column":73}},"127":{"start":{"line":273,"column":6},"end":{"line":273,"column":13}},"128":{"start":{"line":276,"column":28},"end":{"line":300,"column":null}},"129":{"start":{"line":277,"column":37},"end":{"line":300,"column":8}},"130":{"start":{"line":278,"column":8},"end":{"line":298,"column":9}},"131":{"start":{"line":279,"column":10},"end":{"line":294,"column":11}},"132":{"start":{"line":280,"column":36},"end":{"line":281,"column":null}},"133":{"start":{"line":283,"column":12},"end":{"line":286,"column":14}},"134":{"start":{"line":287,"column":12},"end":{"line":287,"column":61}},"135":{"start":{"line":289,"column":12},"end":{"line":292,"column":14}},"136":{"start":{"line":293,"column":12},"end":{"line":293,"column":27}},"137":{"start":{"line":296,"column":10},"end":{"line":297,"column":106}},"138":{"start":{"line":299,"column":8},"end":{"line":299,"column":23}},"139":{"start":{"line":303,"column":4},"end":{"line":303,"column":42}},"140":{"start":{"line":305,"column":4},"end":{"line":305,"column":70}},"141":{"start":{"line":265,"column":13},"end":{"line":265,"column":37}},"142":{"start":{"line":309,"column":34},"end":{"line":351,"column":2}},"143":{"start":{"line":309,"column":72},"end":{"line":351,"column":2}},"144":{"start":{"line":310,"column":2},"end":{"line":350,"column":3}},"145":{"start":{"line":311,"column":17},"end":{"line":311,"column":56}},"146":{"start":{"line":312,"column":18},"end":{"line":312,"column":59}},"147":{"start":{"line":313,"column":21},"end":{"line":313,"column":65}},"148":{"start":{"line":315,"column":4},"end":{"line":318,"column":5}},"149":{"start":{"line":316,"column":6},"end":{"line":316,"column":70}},"150":{"start":{"line":317,"column":6},"end":{"line":317,"column":13}},"151":{"start":{"line":320,"column":28},"end":{"line":344,"column":null}},"152":{"start":{"line":321,"column":37},"end":{"line":344,"column":8}},"153":{"start":{"line":322,"column":8},"end":{"line":342,"column":9}},"154":{"start":{"line":323,"column":10},"end":{"line":338,"column":11}},"155":{"start":{"line":324,"column":36},"end":{"line":325,"column":null}},"156":{"start":{"line":327,"column":12},"end":{"line":330,"column":14}},"157":{"start":{"line":331,"column":12},"end":{"line":331,"column":61}},"158":{"start":{"line":333,"column":12},"end":{"line":336,"column":14}},"159":{"start":{"line":337,"column":12},"end":{"line":337,"column":27}},"160":{"start":{"line":340,"column":10},"end":{"line":341,"column":106}},"161":{"start":{"line":343,"column":8},"end":{"line":343,"column":23}},"162":{"start":{"line":347,"column":4},"end":{"line":347,"column":42}},"163":{"start":{"line":349,"column":4},"end":{"line":349,"column":70}},"164":{"start":{"line":309,"column":13},"end":{"line":309,"column":34}},"165":{"start":{"line":353,"column":30},"end":{"line":403,"column":2}},"166":{"start":{"line":357,"column":19},"end":{"line":403,"column":2}},"167":{"start":{"line":358,"column":2},"end":{"line":402,"column":3}},"168":{"start":{"line":359,"column":17},"end":{"line":359,"column":56}},"169":{"start":{"line":360,"column":18},"end":{"line":360,"column":59}},"170":{"start":{"line":362,"column":37},"end":{"line":362,"column":77}},"171":{"start":{"line":364,"column":28},"end":{"line":388,"column":null}},"172":{"start":{"line":365,"column":37},"end":{"line":388,"column":8}},"173":{"start":{"line":366,"column":8},"end":{"line":386,"column":9}},"174":{"start":{"line":367,"column":10},"end":{"line":382,"column":11}},"175":{"start":{"line":368,"column":36},"end":{"line":369,"column":null}},"176":{"start":{"line":371,"column":12},"end":{"line":374,"column":14}},"177":{"start":{"line":375,"column":12},"end":{"line":375,"column":61}},"178":{"start":{"line":377,"column":12},"end":{"line":380,"column":14}},"179":{"start":{"line":381,"column":12},"end":{"line":381,"column":27}},"180":{"start":{"line":384,"column":10},"end":{"line":385,"column":106}},"181":{"start":{"line":387,"column":8},"end":{"line":387,"column":23}},"182":{"start":{"line":391,"column":4},"end":{"line":395,"column":7}},"183":{"start":{"line":397,"column":4},"end":{"line":397,"column":57}},"184":{"start":{"line":398,"column":4},"end":{"line":401,"column":7}},"185":{"start":{"line":353,"column":13},"end":{"line":353,"column":30}},"186":{"start":{"line":405,"column":29},"end":{"line":446,"column":2}},"187":{"start":{"line":405,"column":67},"end":{"line":446,"column":2}},"188":{"start":{"line":406,"column":2},"end":{"line":445,"column":3}},"189":{"start":{"line":407,"column":17},"end":{"line":407,"column":56}},"190":{"start":{"line":408,"column":18},"end":{"line":408,"column":59}},"191":{"start":{"line":409,"column":21},"end":{"line":409,"column":63}},"192":{"start":{"line":410,"column":4},"end":{"line":413,"column":5}},"193":{"start":{"line":411,"column":6},"end":{"line":411,"column":73}},"194":{"start":{"line":412,"column":6},"end":{"line":412,"column":13}},"195":{"start":{"line":415,"column":28},"end":{"line":439,"column":null}},"196":{"start":{"line":416,"column":37},"end":{"line":439,"column":8}},"197":{"start":{"line":417,"column":8},"end":{"line":437,"column":9}},"198":{"start":{"line":418,"column":10},"end":{"line":433,"column":11}},"199":{"start":{"line":419,"column":36},"end":{"line":420,"column":null}},"200":{"start":{"line":422,"column":12},"end":{"line":425,"column":14}},"201":{"start":{"line":426,"column":12},"end":{"line":426,"column":61}},"202":{"start":{"line":428,"column":12},"end":{"line":431,"column":14}},"203":{"start":{"line":432,"column":12},"end":{"line":432,"column":27}},"204":{"start":{"line":435,"column":10},"end":{"line":436,"column":106}},"205":{"start":{"line":438,"column":8},"end":{"line":438,"column":23}},"206":{"start":{"line":442,"column":4},"end":{"line":442,"column":42}},"207":{"start":{"line":444,"column":4},"end":{"line":444,"column":70}},"208":{"start":{"line":405,"column":13},"end":{"line":405,"column":29}},"209":{"start":{"line":448,"column":34},"end":{"line":483,"column":2}},"210":{"start":{"line":451,"column":19},"end":{"line":483,"column":2}},"211":{"start":{"line":452,"column":22},"end":{"line":452,"column":32}},"212":{"start":{"line":453,"column":2},"end":{"line":482,"column":3}},"213":{"start":{"line":454,"column":17},"end":{"line":454,"column":56}},"214":{"start":{"line":455,"column":18},"end":{"line":455,"column":59}},"215":{"start":{"line":456,"column":21},"end":{"line":456,"column":74}},"216":{"start":{"line":457,"column":4},"end":{"line":474,"column":5}},"217":{"start":{"line":458,"column":6},"end":{"line":460,"column":73}},"218":{"start":{"line":462,"column":30},"end":{"line":471,"column":null}},"219":{"start":{"line":463,"column":39},"end":{"line":471,"column":10}},"220":{"start":{"line":464,"column":34},"end":{"line":465,"column":null}},"221":{"start":{"line":467,"column":10},"end":{"line":469,"column":null}},"222":{"start":{"line":473,"column":6},"end":{"line":473,"column":58}},"223":{"start":{"line":476,"column":4},"end":{"line":476,"column":70}},"224":{"start":{"line":477,"column":4},"end":{"line":481,"column":5}},"225":{"start":{"line":478,"column":6},"end":{"line":478,"column":59}},"226":{"start":{"line":480,"column":6},"end":{"line":480,"column":56}},"227":{"start":{"line":448,"column":13},"end":{"line":448,"column":34}},"228":{"start":{"line":485,"column":37},"end":{"line":524,"column":2}},"229":{"start":{"line":488,"column":19},"end":{"line":524,"column":2}},"230":{"start":{"line":489,"column":25},"end":{"line":489,"column":35}},"231":{"start":{"line":490,"column":2},"end":{"line":523,"column":3}},"232":{"start":{"line":491,"column":17},"end":{"line":491,"column":56}},"233":{"start":{"line":492,"column":18},"end":{"line":492,"column":59}},"234":{"start":{"line":493,"column":21},"end":{"line":496,"column":null}},"235":{"start":{"line":498,"column":4},"end":{"line":515,"column":5}},"236":{"start":{"line":499,"column":6},"end":{"line":501,"column":76}},"237":{"start":{"line":503,"column":30},"end":{"line":512,"column":null}},"238":{"start":{"line":504,"column":39},"end":{"line":512,"column":10}},"239":{"start":{"line":505,"column":34},"end":{"line":506,"column":null}},"240":{"start":{"line":508,"column":10},"end":{"line":510,"column":null}},"241":{"start":{"line":514,"column":6},"end":{"line":514,"column":58}},"242":{"start":{"line":517,"column":4},"end":{"line":517,"column":73}},"243":{"start":{"line":518,"column":4},"end":{"line":522,"column":5}},"244":{"start":{"line":519,"column":6},"end":{"line":519,"column":62}},"245":{"start":{"line":521,"column":6},"end":{"line":521,"column":56}},"246":{"start":{"line":485,"column":13},"end":{"line":485,"column":37}},"247":{"start":{"line":526,"column":44},"end":{"line":582,"column":2}},"248":{"start":{"line":529,"column":4},"end":{"line":582,"column":2}},"249":{"start":{"line":530,"column":17},"end":{"line":530,"column":27}},"250":{"start":{"line":532,"column":2},"end":{"line":581,"column":3}},"251":{"start":{"line":533,"column":20},"end":{"line":533,"column":51}},"252":{"start":{"line":534,"column":4},"end":{"line":537,"column":5}},"253":{"start":{"line":535,"column":6},"end":{"line":535,"column":61}},"254":{"start":{"line":536,"column":6},"end":{"line":536,"column":13}},"255":{"start":{"line":538,"column":21},"end":{"line":538,"column":53}},"256":{"start":{"line":540,"column":4},"end":{"line":576,"column":5}},"257":{"start":{"line":541,"column":33},"end":{"line":542,"column":null}},"258":{"start":{"line":545,"column":6},"end":{"line":566,"column":7}},"259":{"start":{"line":547,"column":10},"end":{"line":547,"column":61}},"260"
[...]
art":{"line":13,"column":43},"end":{"line":13,"column":50}},{"start":{"line":13,"column":53},"end":{"line":13,"column":59}}]},"2":{"loc":{"start":{"line":29,"column":2},"end":{"line":31,"column":3}},"type":"if","locations":[{"start":{"line":29,"column":2},"end":{"line":31,"column":3}}]},"3":{"loc":{"start":{"line":36,"column":2},"end":{"line":38,"column":3}},"type":"if","locations":[{"start":{"line":36,"column":2},"end":{"line":38,"column":3}}]},"4":{"loc":{"start":{"line":61,"column":4},"end":{"line":63,"column":5}},"type":"if","locations":[{"start":{"line":61,"column":4},"end":{"line":63,"column":5}}]},"5":{"loc":{"start":{"line":66,"column":4},"end":{"line":85,"column":5}},"type":"if","locations":[{"start":{"line":66,"column":4},"end":{"line":85,"column":5}}]},"6":{"loc":{"start":{"line":66,"column":8},"end":{"line":66,"column":53}},"type":"binary-expr","locations":[{"start":{"line":66,"column":8},"end":{"line":66,"column":19}},{"start":{"line":66,"column":23},"end":{"line":66,"column":34}},{"start":{"line":66,"column":38},"end":{"line":66,"column":53}}]},"7":{"loc":{"start":{"line":67,"column":6},"end":{"line":69,"column":7}},"type":"if","locations":[{"start":{"line":67,"column":6},"end":{"line":69,"column":7}}]},"8":{"loc":{"start":{"line":67,"column":10},"end":{"line":67,"column":58}},"type":"binary-expr","locations":[{"start":{"line":67,"column":10},"end":{"line":67,"column":22}},{"start":{"line":67,"column":26},"end":{"line":67,"column":38}},{"start":{"line":67,"column":42},"end":{"line":67,"column":58}}]},"9":{"loc":{"start":{"line":73,"column":6},"end":{"line":75,"column":7}},"type":"if","locations":[{"start":{"line":73,"column":6},"end":{"line":75,"column":7}}]},"10":{"loc":{"start":{"line":78,"column":6},"end":{"line":80,"column":7}},"type":"if","locations":[{"start":{"line":78,"column":6},"end":{"line":80,"column":7}}]},"11":{"loc":{"start":{"line":89,"column":4},"end":{"line":91,"column":5}},"type":"if","locations":[{"start":{"line":89,"column":4},"end":{"line":91,"column":5}}]},"12":{"loc":{"start":{"line":103,"column":4},"end":{"line":105,"column":5}},"type":"if","locations":[{"start":{"line":103,"column":4},"end":{"line":105,"column":5}}]}},"s":{"0":2,"1":2,"2":2,"3":0,"4":0,"5":0,"6":0,"7":0,"8":0,"9":0,"10":0,"11":2,"12":2,"13":0,"14":0,"15":0,"16":0,"17":0,"18":0,"19":0,"20":0,"21":2,"22":2,"23":0,"24":0,"25":2,"26":2,"27":0,"28":0,"29":0,"30":0,"31":0,"32":0,"33":0,"34":0,"35":0,"36":0,"37":0,"38":0,"39":0,"40":0,"41":0,"42":0,"43":0,"44":0,"45":0,"46":0,"47":2,"48":2,"49":0,"50":0,"51":2,"52":2,"53":0,"54":0,"55":0,"56":0,"57":0,"58":2,"59":2,"60":0,"61":0,"62":0,"63":0,"64":0,"65":2},"f":{"0":0,"1":0,"2":0,"3":0,"4":0,"5":0,"6":0,"7":0,"8":0,"9":0,"10":0,"11":0,"12":0,"13":0},"b":{"0":[0],"1":[0,0],"2":[0],"3":[0],"4":[0],"5":[0],"6":[0,0,0],"7":[0],"8":[0,0,0],"9":[0],"10":[0],"11":[0],"12":[0]}}
,"C:\\Users\\HP\\Documents\\backend-final-1\\src\\utils\\enums.ts": {"path":"C:\\Users\\HP\\Documents\\backend-final-1\\src\\utils\\enums.ts","statementMap":{"0":{"start":{"line":1,"column":0},"end":{"line":1,"column":null}},"1":{"start":{"line":2,"column":4},"end":{"line":2,"column":null}},"2":{"start":{"line":3,"column":4},"end":{"line":3,"column":null}},"3":{"start":{"line":4,"column":4},"end":{"line":4,"column":null}}},"fnMap":{"0":{"name":"(anonymous_0)","decl":{"start":{"line":1,"column":0},"end":{"line":1,"column":12}},"loc":{"start":{"line":1,"column":29},"end":{"line":5,"column":1}}}},"branchMap":{"0":{"loc":{"start":{"line":1,"column":12},"end":{"line":1,"column":null}},"type":"binary-expr","locations":[{"start":{"line":1,"column":12},"end":{"line":1,"column":29}},{"start":{"line":1,"column":29},"end":{"line":1,"column":null}}]}},"s":{"0":2,"1":2,"2":2,"3":2},"f":{"0":2},"b":{"0":[2,2]}}
,"C:\\Users\\HP\\Documents\\backend-final-1\\src\\utils\\errors.ts": {"path":"C:\\Users\\HP\\Documents\\backend-final-1\\src\\utils\\errors.ts","statementMap":{"0":{"start":{"line":3,"column":8},"end":{"line":3,"column":23}},"1":{"start":{"line":4,"column":8},"end":{"line":4,"column":38}},"2":{"start":{"line":1,"column":0},"end":{"line":1,"column":13}}},"fnMap":{"0":{"name":"(anonymous_0)","decl":{"start":{"line":2,"column":4},"end":{"line":2,"column":16}},"loc":{"start":{"line":2,"column":31},"end":{"line":5,"column":5}}}},"branchMap":{},"s":{"0":0,"1":0,"2":3},"f":{"0":0},"b":{}}
,"C:\\Users\\HP\\Documents\\backend-final-1\\src\\utils\\firebaseUtils.ts": {"path":"C:\\Users\\HP\\Documents\\backend-final-1\\src\\utils\\firebaseUtils.ts","statementMap":{"0":{"start":{"line":2,"column":0},"end":{"line":2,"column":47}},"1":{"start":{"line":3,"column":0},"end":{"line":3,"column":20}},"2":{"start":{"line":4,"column":0},"end":{"line":4,"column":24}},"3":{"start":{"line":6,"column":44},"end":{"line":23,"column":2}},"4":{"start":{"line":9,"column":21},"end":{"line":23,"column":2}},"5":{"start":{"line":10,"column":15},"end":{"line":10,"column":40}},"6":{"start":{"line":11,"column":14},"end":{"line":11,"column":36}},"7":{"start":{"line":12,"column":25},"end":{"line":12,"column":57}},"8":{"start":{"line":13,"column":21},"end":{"line":13,"column":48}},"9":{"start":{"line":15,"column":2},"end":{"line":22,"column":3}},"10":{"start":{"line":16,"column":4},"end":{"line":16,"column":63}},"11":{"start":{"line":17,"column":22},"end":{"line":17,"column":88}},"12":{"start":{"line":18,"column":4},"end":{"line":18,"column":21}},"13":{"start":{"line":20,"column":4},"end":{"line":20,"column":59}},"14":{"start":{"line":21,"column":4},"end":{"line":21,"column":55}},"15":{"start":{"line":6,"column":13},"end":{"line":6,"column":44}},"16":{"start":{"line":26,"column":46},"end":{"line":37,"column":2}},"17":{"start":{"line":26,"column":88},"end":{"line":37,"column":2}},"18":{"start":{"line":27,"column":19},"end":{"line":27,"column":55}},"19":{"start":{"line":28,"column":15},"end":{"line":28,"column":36}},"20":{"start":{"line":30,"column":2},"end":{"line":36,"column":3}},"21":{"start":{"line":31,"column":4},"end":{"line":31,"column":24}},"22":{"start":{"line":32,"column":4},"end":{"line":32,"column":58}},"23":{"start":{"line":34,"column":4},"end":{"line":34,"column":63}},"24":{"start":{"line":35,"column":4},"end":{"line":35,"column":55}},"25":{"start":{"line":26,"column":13},"end":{"line":26,"column":46}},"26":{"start":{"line":40,"column":46},"end":{"line":67,"column":2}},"27":{"start":{"line":40,"column":90},"end":{"line":67,"column":2}},"28":{"start":{"line":41,"column":2},"end":{"line":44,"column":3}},"29":{"start":{"line":42,"column":4},"end":{"line":42,"column":50}},"30":{"start":{"line":43,"column":4},"end":{"line":43,"column":42}},"31":{"start":{"line":46,"column":19},"end":{"line":46,"column":55}},"32":{"start":{"line":47,"column":2},"end":{"line":50,"column":3}},"33":{"start":{"line":48,"column":4},"end":{"line":48,"column":50}},"34":{"start":{"line":49,"column":4},"end":{"line":49,"column":67}},"35":{"start":{"line":52,"column":15},"end":{"line":52,"column":36}},"36":{"start":{"line":53,"column":2},"end":{"line":65,"column":3}},"37":{"start":{"line":54,"column":25},"end":{"line":54,"column":44}},"38":{"start":{"line":55,"column":4},"end":{"line":61,"column":5}},"39":{"start":{"line":56,"column":20},"end":{"line":59,"column":8}},"40":{"start":{"line":60,"column":6},"end":{"line":60,"column":17}},"41":{"start":{"line":63,"column":4},"end":{"line":63,"column":58}},"42":{"start":{"line":64,"column":4},"end":{"line":64,"column":20}},"43":{"start":{"line":66,"column":2},"end":{"line":66,"column":18}},"44":{"start":{"line":40,"column":13},"end":{"line":40,"column":46}},"45":{"start":{"line":71,"column":41},"end":{"line":91,"column":2}},"46":{"start":{"line":71,"column":102},"end":{"line":91,"column":2}},"47":{"start":{"line":73,"column":17},"end":{"line":73,"column":42}},"48":{"start":{"line":74,"column":16},"end":{"line":74,"column":38}},"49":{"start":{"line":81,"column":27},"end":{"line":81,"column":51}},"50":{"start":{"line":82,"column":23},"end":{"line":82,"column":50}},"51":{"start":{"line":83,"column":4},"end":{"line":90,"column":5}},"52":{"start":{"line":84,"column":8},"end":{"line":84,"column":67}},"53":{"start":{"line":85,"column":26},"end":{"line":85,"column":92}},"54":{"start":{"line":86,"column":8},"end":{"line":86,"column":25}},"55":{"start":{"line":88,"column":8},"end":{"line":88,"column":66}},"56":{"start":{"line":89,"column":8},"end":{"line":89,"column":52}},"57":{"start":{"line":71,"column":13},"end":{"line":71,"column":41}},"58":{"start":{"line":93,"column":44},"end":{"line":111,"column":2}},"59":{"start":{"line":93,"column":88},"end":{"line":111,"column":2}},"60":{"start":{"line":94,"column":21},"end":{"line":94,"column":57}},"61":{"start":{"line":95,"column":17},"end":{"line":95,"column":38}},"62":{"start":{"line":97,"column":4},"end":{"line":109,"column":5}},"63":{"start":{"line":98,"column":29},"end":{"line":98,"column":48}},"64":{"start":{"line":99,"column":8},"end":{"line":105,"column":9}},"65":{"start":{"line":100,"column":22},"end":{"line":103,"column":10}},"66":{"start":{"line":104,"column":8},"end":{"line":104,"column":19}},"67":{"start":{"line":107,"column":8},"end":{"line":107,"column":62}},"68":{"start":{"line":108,"column":8},"end":{"line":108,"column":24}},"69":{"start":{"line":110,"column":4},"end":{"line":110,"column":20}},"70":{"start":{"line":93,"column":13},"end":{"line":93,"column":44}},"71":{"start":{"line":113,"column":44},"end":{"line":122,"column":2}},"72":{"start":{"line":113,"column":86},"end":{"line":122,"column":2}},"73":{"start":{"line":114,"column":4},"end":{"line":121,"column":5}},"74":{"start":{"line":115,"column":21},"end":{"line":115,"column":42}},"75":{"start":{"line":116,"column":8},"end":{"line":116,"column":28}},"76":{"start":{"line":117,"column":8},"end":{"line":117,"column":76}},"77":{"start":{"line":119,"column":8},"end":{"line":119,"column":79}},"78":{"start":{"line":120,"column":8},"end":{"line":120,"column":61}},"79":{"start":{"line":113,"column":13},"end":{"line":113,"column":44}}},"fnMap":{"0":{"name":"(anonymous_8)","decl":{"start":{"line":6,"column":44},"end":{"line":6,"column":null}},"loc":{"start":{"line":9,"column":21},"end":{"line":23,"column":2}}},"1":{"name":"(anonymous_9)","decl":{"start":{"line":9,"column":21},"end":{"line":9,"column":null}},"loc":{"start":{"line":9,"column":21},"end":{"line":23,"column":1}}},"2":{"name":"(anonymous_10)","decl":{"start":{"line":26,"column":46},"end":{"line":26,"column":53}},"loc":{"start":{"line":26,"column":88},"end":{"line":37,"column":2}}},"3":{"name":"(anonymous_11)","decl":{"start":{"line":26,"column":88},"end":{"line":26,"column":null}},"loc":{"start":{"line":26,"column":88},"end":{"line":37,"column":1}}},"4":{"name":"(anonymous_12)","decl":{"start":{"line":40,"column":46},"end":{"line":40,"column":53}},"loc":{"start":{"line":40,"column":90},"end":{"line":67,"column":2}}},"5":{"name":"(anonymous_13)","decl":{"start":{"line":40,"column":90},"end":{"line":40,"column":null}},"loc":{"start":{"line":40,"column":90},"end":{"line":67,"column":1}}},"6":{"name":"(anonymous_14)","decl":{"start":{"line":71,"column":41},"end":{"line":71,"column":48}},"loc":{"start":{"line":71,"column":102},"end":{"line":91,"column":2}}},"7":{"name":"(anonymous_15)","decl":{"start":{"line":71,"column":102},"end":{"line":71,"column":null}},"loc":{"start":{"line":71,"column":102},"end":{"line":91,"column":1}}},"8":{"name":"(anonymous_16)","decl":{"start":{"line":93,"column":44},"end":{"line":93,"column":51}},"loc":{"start":{"line":93,"column":88},"end":{"line":111,"column":2}}},"9":{"name":"(anonymous_17)","decl":{"start":{"line":93,"column":88},"end":{"line":93,"column":null}},"loc":{"start":{"line":93,"column":88},"end":{"line":111,"column":1}}},"10":{"name":"(anonymous_18)","decl":{"start":{"line":113,"column":44},"end":{"line":113,"column":51}},"loc":{"start":{"line":113,"column":86},"end":{"line":122,"column":2}}},"11":{"name":"(anonymous_19)","decl":{"start":{"line":113,"column":86},"end":{"line":113,"column":null}},"loc":{"start":{"line":113,"column":86},"end":{"line":122,"column":1}}}},"branchMap":{"0":{"loc":{"start":{"line":41,"column":2},"end":{"line":44,"column":3}},"type":"if","locations":[{"start":{"line":41,"column":2},"end":{"line":44,"column":3}}]},"1":{"loc":{"start":{"line":47,"column":2},"end":{"line":50,"column":3}},"type":"if","locations":[{"start":{"line":47,"column":2},"end":{"line":50,"column":3}}]},"2":{"loc":{"start":{"line":55,"column":4},"end":{"line":61,"column":5}},"type":"if","locations":[{"start":{"line":55,"column":4},"end":{"line":61,"column":5}}]},"3":{"loc":{"start":{"line":99,"column":8},"end":{"line":105,"column":9}},"type":"if","locations":[{"start":{"line":99,"column":8},"end":{"line":105,"column":9}}]}},"s":{"0":3,"1":3,"2":3,"3":3,"4":0,"5":0,"6":0,"7":0,"8":0,"9":0,"10":0,"11":0,"12":0,"13":0,"14":0,"15":3,"16":3,"17":0,"18":0,"19":0,"20":0,"21":0,"22":0,"23":0,"24":0,"25":3,"26":3,"27":0,"28":0,"29":0,"30":0,"31":0,"32":0,"33":0,"34":0,"35":0,"36":0,"37":0,"38":0,"39":0,"40":0,"41":0,"42":0,"43":0,"44":3,"45":3,"46":0,"47":0,"48":0,"49":0,"50":0,"51":0,"52":0,"53":0,"54":0,"55":0,"56":0,"57":3,"58":3,"59":0,"60":0,"61":0,"62":0,"63":0,"64":0,"65":0,"66":0,"67":0,"68":0,"69":0,"70":3,"71":3,"72":0,"73":0,"74":0,"75":0,"76":0,"77":0,"78":0,"79":3},"f":{"0":0,"1":0,"2":0,"3":0,"4":0,"5":0,"6":0,"7":0,"8":0,"9":0,"10":0,"11":0},"b":{"0":[0],"1":[0],"2":[0],"3":[0]}}
,"C:\\Users\\HP\\Documents\\backend-final-1\\src\\utils\\swagger.ts": {"path":"C:\\Users\\HP\\Documents\\backend-final-1\\src\\utils\\swagger.ts","statementMap":{"0":{"start":{"line":3,"column":32},"end":{"line":19,"column":2}},"1":{"start":{"line":21,"column":0},"end":{"line":21,"column":30}}},"fnMap":{},"branchMap":{},"s":{"0":2,"1":2},"f":{},"b":{}}
,"C:\\Users\\HP\\Documents\\backend-final-1\\src\\validations\\brandValidation.ts": {"path":"C:\\Users\\HP\\Documents\\backend-final-1\\src\\validations\\brandValidation.ts","statementMap":{"0":{"start":{"line":1,"column":0},"end":{"line":1,"column":55}},"1":{"start":{"line":4,"column":13},"end":{"line":11,"column":2}},"2":{"start":{"line":14,"column":13},"end":{"line":18,"column":2}},"3":{"start":{"line":21,"column":13},"end":{"line":30,"column":2}},"4":{"start":{"line":32,"column":13},"end":{"line":42,"column":2}}},"fnMap":{},"branchMap":{},"s":{"0":2,"1":2,"2":2,"3":2,"4":2},"f":{},"b":{}}
,"C:\\Users\\HP\\Documents\\backend-final-1\\src\\validations\\cartItemValidation.ts": {"path":"C:\\Users\\HP\\Documents\\backend-final-1\\src\\validations\\cartItemValidation.ts","statementMap":{"0":{"start":{"line":1,"column":0},"end":{"line":1,"column":55}},"1":{"start":{"line":3,"column":13},"end":{"line":12,"column":2}},"2":{"start":{"line":14,"column":13},"end":{"line":17,"column":2}},"3":{"start":{"line":19,"column":13},"end":{"line":22,"column":null}},"4":{"start":{"line":24,"column":13},"end":{"line":30,"column":2}}},"fnMap":{},"branchMap":{},"s":{"0":2,"1":2,"2":2,"3":2,"4":2},"f":{},"b":{}}
,"C:\\Users\\HP\\Documents\\backend-final-1\\src\\validations\\categoryValidation.ts": {"path":"C:\\Users\\HP\\Documents\\backend-final-1\\src\\validations\\categoryValidation.ts","statementMap":{"0":{"start":{"line":1,"column":0},"end":{"line":1,"column":55}},"1":{"start":{"line":3,"column":13},"end":{"line":12,"column":2}},"2":{"start":{"line":14,"column":13},"end":{"line":16,"column":2}},"3":{"start":{"line":18,"column":13},"end":{"line":21,"column":2}},"4":{"start":{"line":23,"column":13},"end":{"line":27,"column":2}},"5":{"start":{"line":29,"column":13},"end":{"line":31,"column":2}},"6":{"start":{"line":33,"column":13},"end":{"line":35,"column":2}}},"fnMap":{},"branchMap":{},"s":{"0":2,"1":2,"2":2,"3":2,"4":2,"5":2,"6":2},"f":{},"b":{}}
,"C:\\Users\\HP\\Documents\\backend-final-1\\src\\validations\\couponValidation.ts": {"path":"C:\\Users\\HP\\Documents\\backend-final-1\\src\\validations\\couponValidation.ts","statementMap":{"0":{"start":{"line":1,"column":0},"end":{"line":1,"column":48}},"1":{"start":{"line":3,"column":13},"end":{"line":3,"column":40}},"2":{"start":{"line":5,"column":13},"end":{"line":7,"column":2}},"3":{"start":{"line":9,"column":13},"end":{"line":25,"column":2}},"4":{"start":{"line":27,"column":13},"end":{"line":46,"column":2}},"5":{"start":{"line":48,"column":13},"end":{"line":50,"column":2}},"6":{"start":{"line":52,"column":13},"end":{"line":54,"column":2}}},"fnMap":{},"branchMap":{},"s":{"0":2,"1":2,"2":2,"3":2,"4":2,"5":2,"6":2},"f":{},"b":{}}
,"C:\\Users\\HP\\Documents\\backend-final-1\\src\\validations\\discountValidation.ts": {"path":"C:\\Users\\HP\\Documents\\backend-final-1\\src\\validations\\discountValidation.ts","statementMap":{"0":{"start":{"line":1,"column":0},"end":{"line":1,"column":48}},"1":{"start":{"line":3,"column":13},"end":{"line":8,"column":2}},"2":{"start":{"line":10,"column":13},"end":{"line":10,"column":66}},"3":{"start":{"line":12,"column":13},"end":{"line":14,"column":2}}},"fnMap":{},"branchMap":{},"s":{"0":2,"1":2,"2":2,"3":2},"f":{},"b":{}}
,"C:\\Users\\HP\\Documents\\backend-final-1\\src\\validations\\placeOrdervalidation.ts": {"path":"C:\\Users\\HP\\Documents\\backend-final-1\\src\\validations\\placeOrdervalidation.ts","statementMap":{"0":{"start":{"line":1,"column":0},"end":{"line":1,"column":41}},"1":{"start":{"line":3,"column":13},"end":{"line":13,"column":2}}},"fnMap":{},"branchMap":{},"s":{"0":2,"1":2},"f":{},"b":{}}
,"C:\\Users\\HP\\Documents\\backend-final-1\\src\\validations\\productValidation.ts": {"path":"C:\\Users\\HP\\Documents\\backend-final-1\\src\\validations\\productValidation.ts","statementMap":{"0":{"start":{"line":1,"column":0},"end":{"line":1,"column":55}},"1":{"start":{"line":3,"column":13},"end":{"line":12,"column":2}},"2":{"start":{"line":14,"column":13},"end":{"line":25,"column":2}},"3":{"start":{"line":27,"column":13},"end":{"line":29,"column":2}},"4":{"start":{"line":31,"column":13},"end":{"line":42,"column":2}},"5":{"start":{"line":44,"column":13},"end":{"line":63,"column":2}},"6":{"start":{"line":65,"column":13},"end":{"line":67,"column":2}},"7":{"start":{"line":69,"column":13},"end":{"line":71,"column":2}},"8":{"start":{"line":73,"column":13},"end":{"line":78,"column":2}},"9":{"start":{"line":80,"column":13},"end":{"line":82,"column":2}},"10":{"start":{"line":84,"column":13},"end":{"line":86,"column":2}},"11":{"start":{"line":88,"column":13},"end":{"line":91,"column":2}}},"fnMap":{},"branchMap":{},"s":{"0":2,"1":2,"2":2,"3":2,"4":2,"5":2,"6":2,"7":2,"8":2,"9":2,"10":2,"11":2},"f":{},"b":{}}
,"C:\\Users\\HP\\Documents\\backend-final-1\\src\\validations\\ratingValidation.ts": {"path":"C:\\Users\\HP\\Documents\\backend-final-1\\src\\validations\\ratingValidation.ts","statementMap":{"0":{"start":{"line":1,"column":0},"end":{"line":1,"column":66}},"1":{"start":{"line":3,"column":13},"end":{"line":13,"column":2}}},"fnMap":{},"branchMap":{},"s":{"0":2,"1":2},"f":{},"b":{}}
,"C:\\Users\\HP\\Documents\\backend-final-1\\src\\validations\\userValidation.ts": {"path":"C:\\Users\\HP\\Documents\\backend-final-1\\src\\validations\\userValidation.ts","statementMap":{"0":{"start":{"line":1,"column":0},"end":{"line":1,"column":41}},"1":{"start":{"line":3,"column":13},"end":{"line":19,"column":2}},"2":{"start":{"line":21,"column":13},"end":{"line":24,"column":2}},"3":{"start":{"line":25,"column":13},"end":{"line":93,"column":4}},"4":{"start":{"line":88,"column":8},"end":{"line":90,"column":9}},"5":{"start":{"line":89,"column":10},"end":{"line":89,"column":74}},"6":{"start":{"line":91,"column":8},"end":{"line":91,"column":20}}},"fnMap":{"0":{"name":"(anonymous_0)","decl":{"start":{"line":87,"column":14},"end":{"line":87,"column":15}},"loc":{"start":{"line":87,"column":33},"end":{"line":92,"column":7}}}},"branchMap":{"0":{"loc":{"start":{"line":88,"column":8},"end":{"line":90,"column":9}},"type":"if","locations":[{"start":{"line":88,"column":8},"end":{"line":90,"column":9}}]}},"s":{"0":2,"1":2,"2":2,"3":2,"4":0,"5":0,"6":0},"f":{"0":0},"b":{"0":[0]}}
}
