TN:
SF:src\app.ts
FN:54,(anonymous_1)
FN:58,(anonymous_2)
FNF:2
FNH:1
FNDA:1,(anonymous_1)
FNDA:0,(anonymous_2)
DA:1,2
DA:2,2
DA:3,2
DA:4,2
DA:5,2
DA:6,2
DA:7,2
DA:8,2
DA:9,2
DA:10,2
DA:11,2
DA:12,2
DA:13,2
DA:14,2
DA:15,2
DA:16,2
DA:17,2
DA:18,2
DA:19,2
DA:21,2
DA:23,2
DA:24,2
DA:26,2
DA:27,2
DA:28,2
DA:31,2
DA:39,2
DA:40,2
DA:41,2
DA:42,2
DA:43,2
DA:44,2
DA:45,2
DA:46,2
DA:47,2
DA:48,2
DA:50,2
DA:52,2
DA:54,2
DA:55,1
DA:58,2
DA:59,0
DA:62,2
LF:43
LH:42
BRF:0
BRH:0
end_of_record
TN:
SF:src\createDatabase.ts
FN:3,(anonymous_7)
FN:3,(anonymous_8)
FNF:2
FNH:0
FNDA:0,(anonymous_7)
FNDA:0,(anonymous_8)
DA:3,2
DA:4,0
DA:5,0
DA:6,0
DA:8,0
DA:9,0
DA:13,2
LF:7
LH:2
BRF:0
BRH:0
end_of_record
TN:
SF:src\errorHandling.ts
FN:3,(anonymous_0)
FNF:1
FNH:0
FNDA:0,(anonymous_0)
DA:3,2
DA:9,0
DA:10,0
DA:13,0
DA:14,0
DA:15,0
DA:16,0
DA:19,0
DA:25,2
LF:9
LH:2
BRDA:9,0,0,0
BRDA:9,0,1,0
BRDA:10,1,0,0
BRDA:10,1,1,0
BRDA:13,2,0,0
BRDA:13,2,1,0
BRDA:15,3,0,0
BRDA:15,3,1,0
BRF:8
BRH:0
end_of_record
TN:
SF:src\initializeDatabase.ts
FN:4,(anonymous_8)
FN:7,(anonymous_9)
FNF:2
FNH:0
FNDA:0,(anonymous_8)
FNDA:0,(anonymous_9)
DA:2,2
DA:4,2
DA:7,0
DA:8,0
DA:9,0
DA:11,0
DA:12,0
DA:14,0
DA:15,0
DA:17,0
DA:18,0
DA:22,2
LF:12
LH:3
BRF:0
BRH:0
end_of_record
TN:
SF:src\server.ts
FN:12,(anonymous_8)
FN:12,(anonymous_9)
FN:17,(anonymous_10)
FN:27,(anonymous_11)
FN:27,(anonymous_12)
FNF:5
FNH:0
FNDA:0,(anonymous_8)
FNDA:0,(anonymous_9)
FNDA:0,(anonymous_10)
FNDA:0,(anonymous_11)
FNDA:0,(anonymous_12)
DA:1,2
DA:2,2
DA:3,2
DA:4,2
DA:6,2
DA:8,2
DA:9,2
DA:10,2
DA:12,2
DA:13,0
DA:14,0
DA:16,0
DA:17,0
DA:18,0
DA:19,0
DA:23,0
DA:24,0
DA:27,0
DA:28,0
DA:29,0
DA:30,0
DA:31,0
DA:35,2
LF:23
LH:10
BRDA:8,0,0,2
BRDA:8,0,1,2
BRDA:10,1,0,2
BRDA:10,1,1,0
BRDA:16,2,0,0
BRDA:35,3,0,2
BRDA:35,3,1,0
BRF:7
BRH:4
end_of_record
TN:
SF:src\config\firbaseConf.ts
FNF:0
FNH:0
DA:1,3
DA:2,3
DA:3,3
DA:5,3
DA:16,3
DA:19,3
DA:21,3
DA:22,0
DA:26,3
DA:28,3
DA:29,3
DA:31,0
DA:35,3
DA:41,3
DA:43,3
DA:45,3
LF:16
LH:14
BRDA:21,0,0,0
BRF:1
BRH:0
end_of_record
TN:
SF:src\config\mySQLConf.ts
FNF:0
FNH:0
DA:1,4
DA:2,4
DA:5,4
DA:7,4
DA:25,4
LF:5
LH:5
BRDA:13,0,0,4
BRDA:13,0,1,0
BRDA:20,1,0,0
BRDA:20,1,1,4
BRF:4
BRH:2
end_of_record
TN:
SF:src\controllers\brandController.ts
FN:10,(anonymous_7)
FN:10,(anonymous_8)
FN:43,(anonymous_9)
FN:43,(anonymous_10)
FN:58,(anonymous_11)
FN:58,(anonymous_12)
FN:70,(anonymous_13)
FN:70,(anonymous_14)
FN:86,(anonymous_15)
FN:86,(anonymous_16)
FNF:10
FNH:0
FNDA:0,(anonymous_7)
FNDA:0,(anonymous_8)
FNDA:0,(anonymous_9)
FNDA:0,(anonymous_10)
FNDA:0,(anonymous_11)
FNDA:0,(anonymous_12)
FNDA:0,(anonymous_13)
FNDA:0,(anonymous_14)
FNDA:0,(anonymous_15)
FNDA:0,(anonymous_16)
DA:2,2
DA:10,2
DA:11,0
DA:13,0
DA:14,0
DA:16,0
DA:17,0
DA:21,0
DA:24,0
DA:26,0
DA:31,0
DA:33,0
DA:35,0
DA:39,0
DA:43,2
DA:44,0
DA:45,0
DA:46,0
DA:48,0
DA:49,0
DA:51,0
DA:54,0
DA:58,2
DA:59,0
DA:63,0
DA:64,0
DA:66,0
DA:70,2
DA:71,0
DA:72,0
DA:73,0
DA:74,0
DA:78,0
DA:79,0
DA:81,0
DA:86,2
DA:87,0
DA:88,0
DA:89,0
DA:90,0
DA:92,0
DA:94,0
DA:99,0
LF:43
LH:6
BRDA:16,0,0,0
BRDA:48,1,0,0
BRDA:48,1,1,0
BRDA:78,2,0,0
BRDA:78,2,1,0
BRF:5
BRH:0
end_of_record
TN:
SF:src\controllers\cartItemController.ts
FN:11,(anonymous_7)
FN:11,(anonymous_8)
FN:40,(anonymous_9)
FN:40,(anonymous_10)
FN:56,(anonymous_11)
FN:56,(anonymous_12)
FN:77,(anonymous_13)
FN:77,(anonymous_14)
FN:98,(anonymous_15)
FN:98,(anonymous_16)
FNF:10
FNH:0
FNDA:0,(anonymous_7)
FNDA:0,(anonymous_8)
FNDA:0,(anonymous_9)
FNDA:0,(anonymous_10)
FNDA:0,(anonymous_11)
FNDA:0,(anonymous_12)
FNDA:0,(anonymous_13)
FNDA:0,(anonymous_14)
FNDA:0,(anonymous_15)
FNDA:0,(anonymous_16)
DA:2,2
DA:11,2
DA:12,0
DA:13,0
DA:14,0
DA:16,0
DA:17,0
DA:23,0
DA:30,0
DA:31,0
DA:32,0
DA:33,0
DA:35,0
DA:40,2
DA:41,0
DA:42,0
DA:43,0
DA:44,0
DA:48,0
DA:49,0
DA:51,0
DA:56,2
DA:57,0
DA:58,0
DA:59,0
DA:61,0
DA:65,0
DA:66,0
DA:67,0
DA:68,0
DA:70,0
DA:77,2
DA:78,0
DA:79,0
DA:81,0
DA:83,0
DA:86,0
DA:87,0
DA:88,0
DA:89,0
DA:90,0
DA:91,0
DA:93,0
DA:98,2
DA:99,0
DA:101,0
DA:102,0
DA:104,0
DA:106,0
DA:111,0
DA:112,0
DA:113,0
DA:114,0
DA:116,0
LF:54
LH:6
BRDA:16,0,0,0
BRDA:16,0,1,0
BRDA:30,1,0,0
BRDA:30,1,1,0
BRDA:32,2,0,0
BRDA:32,2,1,0
BRDA:48,3,0,0
BRDA:48,3,1,0
BRDA:65,4,0,0
BRDA:65,4,1,0
BRDA:67,5,0,0
BRDA:67,5,1,0
BRDA:86,6,0,0
BRDA:86,6,1,0
BRDA:88,7,0,0
BRDA:88,7,1,0
BRDA:90,8,0,0
BRDA:90,8,1,0
BRDA:111,9,0,0
BRDA:111,9,1,0
BRDA:113,10,0,0
BRDA:113,10,1,0
BRF:22
BRH:0
end_of_record
TN:
SF:src\controllers\categoryController.ts
FN:11,(anonymous_7)
FN:11,(anonymous_8)
FN:22,(anonymous_9)
FN:22,(anonymous_10)
FN:36,(anonymous_11)
FN:36,(anonymous_12)
FN:53,(anonymous_13)
FN:53,(anonymous_14)
FN:79,(anonymous_15)
FN:79,(anonymous_16)
FN:99,(anonymous_17)
FN:99,(anonymous_18)
FNF:12
FNH:0
FNDA:0,(anonymous_7)
FNDA:0,(anonymous_8)
FNDA:0,(anonymous_9)
FNDA:0,(anonymous_10)
FNDA:0,(anonymous_11)
FNDA:0,(anonymous_12)
FNDA:0,(anonymous_13)
FNDA:0,(anonymous_14)
FNDA:0,(anonymous_15)
FNDA:0,(anonymous_16)
FNDA:0,(anonymous_17)
FNDA:0,(anonymous_18)
DA:2,2
DA:11,2
DA:12,0
DA:13,0
DA:14,0
DA:15,0
DA:16,0
DA:18,0
DA:22,2
DA:23,0
DA:24,0
DA:25,0
DA:26,0
DA:27,0
DA:29,0
DA:32,0
DA:36,2
DA:37,0
DA:38,0
DA:39,0
DA:40,0
DA:46,0
DA:53,2
DA:54,0
DA:55,0
DA:56,0
DA:57,0
DA:62,0
DA:68,0
DA:69,0
DA:71,0
DA:79,2
DA:80,0
DA:81,0
DA:82,0
DA:83,0
DA:88,0
DA:89,0
DA:91,0
DA:99,2
DA:100,0
DA:101,0
DA:102,0
DA:103,0
DA:105,0
LF:45
LH:7
BRDA:13,0,0,0
BRDA:13,0,1,0
BRDA:14,1,0,0
BRDA:14,1,1,0
BRDA:26,2,0,0
BRDA:26,2,1,0
BRDA:68,3,0,0
BRDA:68,3,1,0
BRDA:88,4,0,0
BRDA:88,4,1,0
BRF:10
BRH:0
end_of_record
TN:
SF:src\controllers\couponController.ts
FN:11,(anonymous_7)
FN:11,(anonymous_8)
FN:20,(anonymous_9)
FN:20,(anonymous_10)
FN:34,(anonymous_11)
FN:34,(anonymous_12)
FN:43,(anonymous_13)
FN:43,(anonymous_14)
FN:56,(anonymous_15)
FN:56,(anonymous_16)
FN:69,(anonymous_17)
FN:69,(anonymous_18)
FNF:12
FNH:0
FNDA:0,(anonymous_7)
FNDA:0,(anonymous_8)
FNDA:0,(anonymous_9)
FNDA:0,(anonymous_10)
FNDA:0,(anonymous_11)
FNDA:0,(anonymous_12)
FNDA:0,(anonymous_13)
FNDA:0,(anonymous_14)
FNDA:0,(anonymous_15)
FNDA:0,(anonymous_16)
FNDA:0,(anonymous_17)
FNDA:0,(anonymous_18)
DA:2,2
DA:11,2
DA:12,0
DA:13,0
DA:14,0
DA:16,0
DA:20,2
DA:21,0
DA:22,0
DA:23,0
DA:24,0
DA:26,0
DA:29,0
DA:34,2
DA:35,0
DA:36,0
DA:37,0
DA:39,0
DA:43,2
DA:44,0
DA:45,0
DA:46,0
DA:47,0
DA:49,0
DA:52,0
DA:56,2
DA:57,0
DA:58,0
DA:59,0
DA:60,0
DA:62,0
DA:65,0
DA:69,2
DA:70,0
DA:71,0
DA:72,0
DA:74,0
LF:37
LH:7
BRDA:23,0,0,0
BRDA:23,0,1,0
BRDA:46,1,0,0
BRDA:46,1,1,0
BRDA:59,2,0,0
BRDA:59,2,1,0
BRF:6
BRH:0
end_of_record
TN:
SF:src\controllers\discountController.ts
FN:4,(anonymous_16)
FN:4,(anonymous_17)
FN:17,(anonymous_18)
FN:17,(anonymous_19)
FN:35,(anonymous_20)
FN:35,(anonymous_21)
FN:49,(anonymous_22)
FN:49,(anonymous_23)
FN:68,(anonymous_24)
FN:68,(anonymous_25)
FN:86,(anonymous_26)
FN:96,(anonymous_27)
FN:96,(anonymous_28)
FNF:13
FNH:0
FNDA:0,(anonymous_16)
FNDA:0,(anonymous_17)
FNDA:0,(anonymous_18)
FNDA:0,(anonymous_19)
FNDA:0,(anonymous_20)
FNDA:0,(anonymous_21)
FNDA:0,(anonymous_22)
FNDA:0,(anonymous_23)
FNDA:0,(anonymous_24)
FNDA:0,(anonymous_25)
FNDA:0,(anonymous_26)
FNDA:0,(anonymous_27)
FNDA:0,(anonymous_28)
DA:2,2
DA:4,2
DA:5,0
DA:6,0
DA:7,0
DA:9,0
DA:10,0
DA:12,0
DA:17,2
DA:18,0
DA:19,0
DA:20,0
DA:21,0
DA:22,0
DA:23,0
DA:25,0
DA:27,0
DA:28,0
DA:30,0
DA:35,2
DA:36,0
DA:37,0
DA:38,0
DA:39,0
DA:41,0
DA:42,0
DA:44,0
DA:49,2
DA:50,0
DA:51,0
DA:52,0
DA:53,0
DA:54,0
DA:56,0
DA:57,0
DA:58,0
DA:60,0
DA:63,0
DA:68,2
DA:69,0
DA:70,0
DA:71,0
DA:72,0
DA:74,0
DA:75,0
DA:76,0
DA:78,0
DA:81,0
DA:86,2
DA:87,0
DA:88,0
DA:89,0
DA:90,0
DA:92,0
DA:96,2
DA:97,0
DA:99,0
DA:100,0
DA:102,0
DA:103,0
DA:104,0
DA:107,0
DA:108,0
DA:110,0
DA:112,0
DA:113,0
DA:118,0
DA:121,0
DA:123,0
DA:128,0
DA:131,0
DA:132,0
DA:133,0
LF:73
LH:8
BRDA:9,0,0,0
BRDA:9,0,1,0
BRDA:21,1,0,0
BRDA:27,2,0,0
BRDA:27,2,1,0
BRDA:41,3,0,0
BRDA:41,3,1,0
BRDA:56,4,0,0
BRDA:56,4,1,0
BRDA:57,5,0,0
BRDA:57,5,1,0
BRDA:74,6,0,0
BRDA:74,6,1,0
BRDA:75,7,0,0
BRDA:75,7,1,0
BRDA:102,8,0,0
BRDA:112,9,0,0
BRF:17
BRH:0
end_of_record
TN:
SF:src\controllers\orderController.ts
FN:4,(anonymous_7)
FN:4,(anonymous_8)
FN:22,(anonymous_9)
FN:22,(anonymous_10)
FNF:4
FNH:0
FNDA:0,(anonymous_7)
FNDA:0,(anonymous_8)
FNDA:0,(anonymous_9)
FNDA:0,(anonymous_10)
DA:2,2
DA:4,2
DA:5,0
DA:6,0
DA:8,0
DA:10,0
DA:15,0
DA:22,2
DA:23,0
DA:24,0
DA:27,0
DA:28,0
DA:30,0
DA:32,0
DA:37,0
LF:15
LH:3
BRDA:17,0,0,0
BRDA:17,0,1,0
BRDA:39,1,0,0
BRDA:39,1,1,0
BRF:4
BRH:0
end_of_record
TN:
SF:src\controllers\orderItemController.ts
FN:4,(anonymous_7)
FN:4,(anonymous_8)
FNF:2
FNH:0
FNDA:0,(anonymous_7)
FNDA:0,(anonymous_8)
DA:2,2
DA:4,2
DA:5,0
DA:6,0
DA:8,0
DA:9,0
DA:10,0
DA:13,0
DA:15,0
DA:17,0
LF:10
LH:2
BRDA:8,0,0,0
BRDA:17,1,0,0
BRDA:17,1,1,0
BRF:3
BRH:0
end_of_record
TN:
SF:src\controllers\productController.ts
FN:27,(anonymous_7)
FN:27,(anonymous_8)
FN:47,(anonymous_9)
FN:47,(anonymous_10)
FN:87,(anonymous_11)
FN:90,(anonymous_12)
FN:121,(anonymous_13)
FN:121,(anonymous_14)
FN:152,(anonymous_15)
FN:152,(anonymous_16)
FN:188,(anonymous_17)
FN:188,(anonymous_18)
FN:212,(anonymous_19)
FN:212,(anonymous_20)
FN:222,(anonymous_21)
FN:222,(anonymous_22)
FN:233,(anonymous_23)
FN:233,(anonymous_24)
FN:265,(anonymous_25)
FN:265,(anonymous_26)
FN:277,(anonymous_27)
FN:277,(anonymous_28)
FN:309,(anonymous_29)
FN:309,(anonymous_30)
FN:321,(anonymous_31)
FN:321,(anonymous_32)
FN:353,(anonymous_33)
FN:357,(anonymous_34)
FN:365,(anonymous_35)
FN:365,(anonymous_36)
FN:405,(anonymous_37)
FN:405,(anonymous_38)
FN:416,(anonymous_39)
FN:416,(anonymous_40)
FN:448,(anonymous_41)
FN:451,(anonymous_42)
FN:463,(anonymous_43)
FN:463,(anonymous_44)
FN:485,(anonymous_45)
FN:488,(anonymous_46)
FN:504,(anonymous_47)
FN:504,(anonymous_48)
FN:526,(anonymous_49)
FN:529,(anonymous_50)
FNF:44
FNH:4
FNDA:1,(anonymous_7)
FNDA:1,(anonymous_8)
FNDA:2,(anonymous_9)
FNDA:2,(anonymous_10)
FNDA:0,(anonymous_11)
FNDA:0,(anonymous_12)
FNDA:0,(anonymous_13)
FNDA:0,(anonymous_14)
FNDA:0,(anonymous_15)
FNDA:0,(anonymous_16)
FNDA:0,(anonymous_17)
FNDA:0,(anonymous_18)
FNDA:0,(anonymous_19)
FNDA:0,(anonymous_20)
FNDA:0,(anonymous_21)
FNDA:0,(anonymous_22)
FNDA:0,(anonymous_23)
FNDA:0,(anonymous_24)
FNDA:0,(anonymous_25)
FNDA:0,(anonymous_26)
FNDA:0,(anonymous_27)
FNDA:0,(anonymous_28)
FNDA:0,(anonymous_29)
FNDA:0,(anonymous_30)
FNDA:0,(anonymous_31)
FNDA:0,(anonymous_32)
FNDA:0,(anonymous_33)
FNDA:0,(anonymous_34)
FNDA:0,(anonymous_35)
FNDA:0,(anonymous_36)
FNDA:0,(anonymous_37)
FNDA:0,(anonymous_38)
FNDA:0,(anonymous_39)
FNDA:0,(anonymous_40)
FNDA:0,(anonymous_41)
FNDA:0,(anonymous_42)
FNDA:0,(anonymous_43)
FNDA:0,(anonymous_44)
FNDA:0,(anonymous_45)
FNDA:0,(anonymous_46)
FNDA:0,(anonymous_47)
FNDA:0,(anonymous_48)
FNDA:0,(anonymous_49)
FNDA:0,(anonymous_50)
DA:2,2
DA:3,2
DA:17,2
DA:22,2
DA:27,2
DA:28,1
DA:29,1
DA:30,1
DA:31,1
DA:32,1
DA:34,1
DA:41,1
DA:42,0
DA:43,0
DA:46,1
DA:47,2
DA:48,2
DA:53,0
DA:54,0
DA:57,0
DA:61,0
DA:63,0
DA:67,0
DA:70,2
DA:73,2
DA:77,1
DA:83,0
DA:87,2
DA:90,0
DA:91,0
DA:92,0
DA:94,0
DA:95,0
DA:96,0
DA:97,0
DA:100,0
DA:101,0
DA:102,0
DA:105,0
DA:107,0
DA:110,0
DA:114,0
DA:116,0
DA:117,0
DA:121,2
DA:122,0
DA:123,0
DA:125,0
DA:126,0
DA:130,0
DA:132,0
DA:136,0
DA:138,0
DA:144,0
DA:145,0
DA:152,2
DA:153,0
DA:154,0
DA:155,0
DA:157,0
DA:158,0
DA:162,0
DA:164,0
DA:168,0
DA:170,0
DA:176,0
DA:177,0
DA:178,0
DA:180,0
DA:188,2
DA:189,0
DA:190,0
DA:192,0
DA:193,0
DA:194,0
DA:197,0
DA:199,0
DA:204,0
DA:205,0
DA:212,2
DA:213,0
DA:214,0
DA:215,0
DA:216,0
DA:218,0
DA:222,2
DA:223,0
DA:224,0
DA:225,0
DA:226,0
DA:227,0
DA:228,0
DA:229,0
DA:232,0
DA:233,0
DA:234,0
DA:235,0
DA:236,0
DA:239,0
DA:243,0
DA:245,0
DA:249,0
DA:252,0
DA:255,0
DA:259,0
DA:261,0
DA:265,2
DA:266,0
DA:267,0
DA:268,0
DA:269,0
DA:271,0
DA:272,0
DA:273,0
DA:276,0
DA:277,0
DA:278,0
DA:279,0
DA:280,0
DA:283,0
DA:287,0
DA:289,0
DA:293,0
DA:296,0
DA:299,0
DA:303,0
DA:305,0
DA:309,2
DA:310,0
DA:311,0
DA:312,0
DA:313,0
DA:315,0
DA:316,0
DA:317,0
DA:320,0
DA:321,0
DA:322,0
DA:323,0
DA:324,0
DA:327,0
DA:331,0
DA:333,0
DA:337,0
DA:340,0
DA:343,0
DA:347,0
DA:349,0
DA:353,2
DA:357,0
DA:358,0
DA:359,0
DA:360,0
DA:362,0
DA:364,0
DA:365,0
DA:366,0
DA:367,0
DA:368,0
DA:371,0
DA:375,0
DA:377,0
DA:381,0
DA:384,0
DA:387,0
DA:391,0
DA:397,0
DA:398,0
DA:405,2
DA:406,0
DA:407,0
DA:408,0
DA:409,0
DA:410,0
DA:411,0
DA:412,0
DA:415,0
DA:416,0
DA:417,0
DA:418,0
DA:419,0
DA:422,0
DA:426,0
DA:428,0
DA:432,0
DA:435,0
DA:438,0
DA:442,0
DA:444,0
DA:448,2
DA:451,0
DA:452,0
DA:453,0
DA:454,0
DA:455,0
DA:456,0
DA:457,0
DA:458,0
DA:462,0
DA:463,0
DA:464,0
DA:467,0
DA:473,0
DA:476,0
DA:477,0
DA:478,0
DA:480,0
DA:485,2
DA:488,0
DA:489,0
DA:490,0
DA:491,0
DA:492,0
DA:493,0
DA:498,0
DA:499,0
DA:503,0
DA:504,0
DA:505,0
DA:508,0
DA:514,0
DA:517,0
DA:518,0
DA:519,0
DA:521,0
DA:526,2
DA:529,0
DA:530,0
DA:532,0
DA:533,0
DA:534,0
DA:535,0
DA:536,0
DA:538,0
DA:540,0
DA:541,0
DA:545,0
DA:547,0
DA:548,0
DA:549,0
DA:556,0
DA:558,0
DA:565,0
DA:568,0
DA:575,0
DA:578,0
DA:579,0
DA:580,0
LF:248
LH:31
BRDA:29,0,0,1
BRDA:29,0,1,1
BRDA:30,1,0,1
BRDA:30,1,1,1
BRDA:31,2,0,1
BRDA:31,2,1,1
BRDA:32,3,0,1
BRDA:32,3,1,1
BRDA:41,4,0,0
BRDA:48,5,0,0
BRDA:48,5,1,2
BRDA:49,6,0,2
BRDA:49,6,1,0
BRDA:95,7,0,0
BRDA:100,8,0,0
BRDA:100,8,1,0
BRDA:125,9,0,0
BRDA:125,9,1,0
BRDA:157,10,0,0
BRDA:157,10,1,0
BRDA:160,11,0,0
BRDA:160,11,1,0
BRDA:177,12,0,0
BRDA:177,12,1,0
BRDA:193,13,0,0
BRDA:193,14,0,0
BRDA:193,14,1,0
BRDA:224,15,0,0
BRDA:224,15,1,0
BRDA:225,16,0,0
BRDA:225,16,1,0
BRDA:227,17,0,0
BRDA:234,18,0,0
BRDA:234,18,1,0
BRDA:267,19,0,0
BRDA:267,19,1,0
BRDA:268,20,0,0
BRDA:268,20,1,0
BRDA:271,21,0,0
BRDA:278,22,0,0
BRDA:278,22,1,0
BRDA:311,23,0,0
BRDA:311,23,1,0
BRDA:312,24,0,0
BRDA:312,24,1,0
BRDA:315,25,0,0
BRDA:322,26,0,0
BRDA:322,26,1,0
BRDA:359,27,0,0
BRDA:359,27,1,0
BRDA:360,28,0,0
BRDA:360,28,1,0
BRDA:366,29,0,0
BRDA:366,29,1,0
BRDA:407,30,0,0
BRDA:407,30,1,0
BRDA:408,31,0,0
BRDA:408,31,1,0
BRDA:410,32,0,0
BRDA:417,33,0,0
BRDA:417,33,1,0
BRDA:454,34,0,0
BRDA:454,34,1,0
BRDA:455,35,0,0
BRDA:455,35,1,0
BRDA:457,36,0,0
BRDA:457,36,1,0
BRDA:477,37,0,0
BRDA:477,37,1,0
BRDA:491,38,0,0
BRDA:491,38,1,0
BRDA:492,39,0,0
BRDA:492,39,1,0
BRDA:498,40,0,0
BRDA:498,40,1,0
BRDA:518,41,0,0
BRDA:518,41,1,0
BRDA:534,42,0,0
BRDA:540,43,0,0
BRDA:540,43,1,0
BRDA:545,44,0,0
BRDA:545,44,1,0
BRF:82
BRH:10
end_of_record
TN:
SF:src\controllers\ratingController.ts
FN:4,(anonymous_7)
FN:4,(anonymous_8)
FN:14,(anonymous_9)
FN:14,(anonymous_10)
FN:25,(anonymous_11)
FN:25,(anonymous_12)
FN:35,(anonymous_13)
FN:35,(anonymous_14)
FN:45,(anonymous_15)
FN:45,(anonymous_16)
FN:55,(anonymous_17)
FN:55,(anonymous_18)
FN:65,(anonymous_19)
FN:65,(anonymous_20)
FNF:14
FNH:0
FNDA:0,(anonymous_7)
FNDA:0,(anonymous_8)
FNDA:0,(anonymous_9)
FNDA:0,(anonymous_10)
FNDA:0,(anonymous_11)
FNDA:0,(anonymous_12)
FNDA:0,(anonymous_13)
FNDA:0,(anonymous_14)
FNDA:0,(anonymous_15)
FNDA:0,(anonymous_16)
FNDA:0,(anonymous_17)
FNDA:0,(anonymous_18)
FNDA:0,(anonymous_19)
FNDA:0,(anonymous_20)
DA:2,2
DA:4,2
DA:5,0
DA:6,0
DA:7,0
DA:8,0
DA:10,0
DA:14,2
DA:15,0
DA:16,0
DA:17,0
DA:18,0
DA:19,0
DA:21,0
DA:25,2
DA:26,0
DA:27,0
DA:28,0
DA:29,0
DA:31,0
DA:35,2
DA:36,0
DA:37,0
DA:38,0
DA:39,0
DA:41,0
DA:45,2
DA:46,0
DA:47,0
DA:48,0
DA:49,0
DA:51,0
DA:55,2
DA:56,0
DA:57,0
DA:58,0
DA:59,0
DA:61,0
DA:65,2
DA:66,0
DA:67,0
DA:68,0
DA:69,0
DA:71,0
LF:44
LH:8
BRF:0
BRH:0
end_of_record
TN:
SF:src\controllers\userController.ts
FN:8,(anonymous_9)
FN:11,(anonymous_10)
FN:39,(anonymous_11)
FN:42,(anonymous_12)
FN:66,(anonymous_13)
FN:66,(anonymous_14)
FN:92,(anonymous_15)
FN:92,(anonymous_16)
FN:123,(anonymous_17)
FN:123,(anonymous_18)
FN:138,(anonymous_19)
FN:138,(anonymous_20)
FN:148,(anonymous_21)
FN:148,(anonymous_22)
FNF:14
FNH:0
FNDA:0,(anonymous_9)
FNDA:0,(anonymous_10)
FNDA:0,(anonymous_11)
FNDA:0,(anonymous_12)
FNDA:0,(anonymous_13)
FNDA:0,(anonymous_14)
FNDA:0,(anonymous_15)
FNDA:0,(anonymous_16)
FNDA:0,(anonymous_17)
FNDA:0,(anonymous_18)
FNDA:0,(anonymous_19)
FNDA:0,(anonymous_20)
FNDA:0,(anonymous_21)
FNDA:0,(anonymous_22)
DA:3,2
DA:4,2
DA:5,2
DA:6,2
DA:8,2
DA:11,0
DA:12,0
DA:18,0
DA:19,0
DA:25,0
DA:29,0
DA:30,0
DA:34,0
DA:39,2
DA:42,0
DA:43,0
DA:44,0
DA:46,0
DA:47,0
DA:48,0
DA:51,0
DA:53,0
DA:55,0
DA:58,0
DA:66,2
DA:67,0
DA:68,0
DA:69,0
DA:71,0
DA:78,0
DA:80,0
DA:82,0
DA:85,0
DA:87,0
DA:92,2
DA:93,0
DA:94,0
DA:96,0
DA:97,0
DA:100,0
DA:101,0
DA:105,0
DA:106,0
DA:108,0
DA:109,0
DA:111,0
DA:112,0
DA:113,0
DA:116,0
DA:118,0
DA:123,2
DA:124,0
DA:125,0
DA:126,0
DA:128,0
DA:129,0
DA:130,0
DA:133,0
DA:135,0
DA:138,2
DA:139,0
DA:140,0
DA:141,0
DA:143,0
DA:148,2
DA:149,0
DA:150,0
DA:151,0
DA:152,0
DA:153,0
DA:155,0
DA:157,0
LF:72
LH:11
BRDA:29,0,0,0
BRDA:29,0,1,0
BRDA:47,1,0,0
BRDA:59,2,0,0
BRDA:59,2,1,0
BRDA:80,3,0,0
BRDA:80,3,1,0
BRDA:82,4,0,0
BRDA:82,4,1,0
BRDA:82,5,0,0
BRDA:82,5,1,0
BRDA:82,5,2,0
BRDA:82,5,3,0
BRDA:100,6,0,0
BRDA:100,7,0,0
BRDA:100,7,1,0
BRDA:100,7,2,0
BRDA:100,7,3,0
BRDA:105,8,0,0
BRDA:111,9,0,0
BRDA:118,10,0,0
BRDA:118,10,1,0
BRDA:128,11,0,0
BRDA:135,12,0,0
BRDA:135,12,1,0
BRDA:152,13,0,0
BRF:26
BRH:0
end_of_record
TN:
SF:src\middlewares\authMiddleware.ts
FN:5,(anonymous_1)
FN:16,(anonymous_2)
FN:31,(anonymous_3)
FNF:3
FNH:1
FNDA:1,(anonymous_1)
FNDA:0,(anonymous_2)
FNDA:0,(anonymous_3)
DA:1,2
DA:3,2
DA:5,2
DA:6,1
DA:7,1
DA:8,1
DA:10,0
DA:11,0
DA:12,0
DA:13,0
DA:16,0
DA:17,0
DA:18,0
DA:21,0
DA:23,0
DA:24,0
DA:27,0
DA:31,2
DA:32,0
DA:33,0
DA:34,0
DA:36,0
LF:22
LH:7
BRDA:6,0,0,1
BRDA:6,0,1,0
BRDA:7,1,0,1
BRDA:10,2,0,0
BRDA:10,2,1,0
BRDA:10,3,0,0
BRDA:10,3,1,0
BRDA:10,4,0,0
BRDA:10,4,1,0
BRDA:11,5,0,0
BRDA:17,6,0,0
BRDA:23,7,0,0
BRDA:32,8,0,0
BRF:13
BRH:2
end_of_record
TN:
SF:src\middlewares\multerUpload.ts
FN:18,(anonymous_1)
FN:22,(anonymous_2)
FN:28,(anonymous_3)
FNF:3
FNH:0
FNDA:0,(anonymous_1)
FNDA:0,(anonymous_2)
FNDA:0,(anonymous_3)
DA:1,2
DA:3,2
DA:5,2
DA:8,2
DA:11,2
DA:12,0
DA:16,2
DA:19,0
DA:23,0
DA:28,2
DA:29,0
DA:31,0
DA:32,0
DA:34,0
DA:35,0
DA:40,2
DA:42,2
LF:17
LH:9
BRDA:11,0,0,0
BRDA:31,1,0,0
BRDA:31,1,1,0
BRF:3
BRH:0
end_of_record
TN:
SF:src\middlewares\validateRequest.ts
FN:4,(anonymous_0)
FNF:1
FNH:0
FNDA:0,(anonymous_0)
DA:2,2
DA:4,2
DA:5,0
DA:6,0
DA:8,0
DA:9,0
DA:13,0
LF:7
LH:2
BRDA:6,0,0,0
BRF:1
BRH:0
end_of_record
TN:
SF:src\models\Brand.ts
FNF:0
FNH:0
DA:1,4
DA:2,4
DA:18,4
DA:41,4
LF:4
LH:4
BRF:0
BRH:0
end_of_record
TN:
SF:src\models\CartItem.ts
FNF:0
FNH:0
DA:1,2
DA:2,2
DA:3,2
DA:4,2
DA:25,2
DA:60,2
LF:6
LH:6
BRF:0
BRH:0
end_of_record
TN:
SF:src\models\Category.ts
FNF:0
FNH:0
DA:1,4
DA:2,4
DA:18,4
DA:41,4
LF:4
LH:4
BRF:0
BRH:0
end_of_record
TN:
SF:src\models\Coupon.ts
FNF:0
FNH:0
DA:1,2
DA:2,2
DA:35,2
DA:81,2
LF:4
LH:4
BRF:0
BRH:0
end_of_record
TN:
SF:src\models\Discount.ts
FNF:0
FNH:0
DA:1,3
DA:2,3
DA:3,3
DA:23,3
DA:59,3
LF:5
LH:5
BRF:0
BRH:0
end_of_record
TN:
SF:src\models\Order.ts
FNF:0
FNH:0
DA:1,2
DA:2,2
DA:3,2
DA:4,2
DA:29,2
DA:74,2
LF:6
LH:6
BRF:0
BRH:0
end_of_record
TN:
SF:src\models\OrderItem.ts
FNF:0
FNH:0
DA:1,2
DA:2,2
DA:3,2
DA:4,2
DA:28,2
DA:67,2
LF:6
LH:6
BRF:0
BRH:0
end_of_record
TN:
SF:src\models\Product.ts
FN:115,(anonymous_1)
FN:120,(anonymous_2)
FNF:2
FNH:0
FNDA:0,(anonymous_1)
FNDA:0,(anonymous_2)
DA:1,3
DA:2,3
DA:3,3
DA:4,3
DA:43,3
DA:115,3
DA:116,0
DA:117,0
DA:120,3
DA:121,0
DA:122,0
DA:125,3
LF:12
LH:8
BRF:0
BRH:0
end_of_record
TN:
SF:src\models\Rating.ts
FNF:0
FNH:0
DA:1,3
DA:2,3
DA:3,3
DA:4,3
DA:24,3
DA:64,3
LF:6
LH:6
BRF:0
BRH:0
end_of_record
TN:
SF:src\models\User.ts
FNF:0
FNH:0
DA:1,3
DA:2,3
DA:28,3
DA:73,3
LF:4
LH:4
BRF:0
BRH:0
end_of_record
TN:
SF:src\reposetories\brandRepository.ts
FN:3,(anonymous_8)
FN:3,(anonymous_9)
FN:7,(anonymous_10)
FN:7,(anonymous_11)
FN:11,(anonymous_12)
FN:11,(anonymous_13)
FN:19,(anonymous_14)
FN:19,(anonymous_15)
FN:33,(anonymous_16)
FN:33,(anonymous_17)
FN:44,(anonymous_18)
FN:44,(anonymous_19)
FN:52,(anonymous_20)
FN:52,(anonymous_21)
FNF:14
FNH:0
FNDA:0,(anonymous_8)
FNDA:0,(anonymous_9)
FNDA:0,(anonymous_10)
FNDA:0,(anonymous_11)
FNDA:0,(anonymous_12)
FNDA:0,(anonymous_13)
FNDA:0,(anonymous_14)
FNDA:0,(anonymous_15)
FNDA:0,(anonymous_16)
FNDA:0,(anonymous_17)
FNDA:0,(anonymous_18)
FNDA:0,(anonymous_19)
FNDA:0,(anonymous_20)
FNDA:0,(anonymous_21)
DA:1,3
DA:3,3
DA:4,0
DA:7,3
DA:8,0
DA:11,3
DA:12,0
DA:13,0
DA:14,0
DA:15,0
DA:19,3
DA:20,0
DA:21,0
DA:25,0
DA:28,0
DA:29,0
DA:33,3
DA:34,0
DA:35,0
DA:39,0
DA:40,0
DA:44,3
DA:45,0
DA:46,0
DA:47,0
DA:49,0
DA:52,3
DA:53,0
DA:54,0
DA:55,0
DA:57,0
LF:31
LH:8
BRDA:13,0,0,0
BRDA:46,1,0,0
BRDA:54,2,0,0
BRF:3
BRH:0
end_of_record
TN:
SF:src\reposetories\cartItemReposirtory.ts
FN:6,(anonymous_8)
FN:6,(anonymous_9)
FN:11,(anonymous_10)
FN:11,(anonymous_11)
FN:16,(anonymous_12)
FN:16,(anonymous_13)
FN:24,(anonymous_14)
FN:24,(anonymous_15)
FN:32,(anonymous_16)
FN:32,(anonymous_17)
FN:41,(anonymous_18)
FN:41,(anonymous_19)
FN:56,(anonymous_20)
FN:56,(anonymous_21)
FN:60,(anonymous_22)
FN:60,(anonymous_23)
FN:64,(anonymous_24)
FN:64,(anonymous_25)
FNF:18
FNH:0
FNDA:0,(anonymous_8)
FNDA:0,(anonymous_9)
FNDA:0,(anonymous_10)
FNDA:0,(anonymous_11)
FNDA:0,(anonymous_12)
FNDA:0,(anonymous_13)
FNDA:0,(anonymous_14)
FNDA:0,(anonymous_15)
FNDA:0,(anonymous_16)
FNDA:0,(anonymous_17)
FNDA:0,(anonymous_18)
FNDA:0,(anonymous_19)
FNDA:0,(anonymous_20)
FNDA:0,(anonymous_21)
FNDA:0,(anonymous_22)
FNDA:0,(anonymous_23)
FNDA:0,(anonymous_24)
FNDA:0,(anonymous_25)
DA:1,2
DA:2,2
DA:6,2
DA:7,0
DA:11,2
DA:12,0
DA:16,2
DA:17,0
DA:24,2
DA:25,0
DA:32,2
DA:33,0
DA:34,0
DA:35,0
DA:37,0
DA:41,2
DA:42,0
DA:46,0
DA:47,0
DA:50,0
DA:56,2
DA:57,0
DA:60,2
DA:61,0
DA:63,0
DA:64,0
DA:65,0
DA:66,0
DA:73,0
LF:29
LH:10
BRDA:34,0,0,0
BRDA:46,1,0,0
BRF:2
BRH:0
end_of_record
TN:
SF:src\reposetories\categoryRepository.ts
FN:4,(anonymous_8)
FN:7,(anonymous_9)
FN:14,(anonymous_10)
FN:14,(anonymous_11)
FN:18,(anonymous_12)
FN:18,(anonymous_13)
FN:22,(anonymous_14)
FN:22,(anonymous_15)
FN:30,(anonymous_16)
FN:30,(anonymous_17)
FN:38,(anonymous_18)
FN:38,(anonymous_19)
FNF:12
FNH:0
FNDA:0,(anonymous_8)
FNDA:0,(anonymous_9)
FNDA:0,(anonymous_10)
FNDA:0,(anonymous_11)
FNDA:0,(anonymous_12)
FNDA:0,(anonymous_13)
FNDA:0,(anonymous_14)
FNDA:0,(anonymous_15)
FNDA:0,(anonymous_16)
FNDA:0,(anonymous_17)
FNDA:0,(anonymous_18)
FNDA:0,(anonymous_19)
DA:1,3
DA:2,3
DA:4,3
DA:7,0
DA:8,0
DA:14,3
DA:15,0
DA:18,3
DA:19,0
DA:22,3
DA:23,0
DA:24,0
DA:25,0
DA:27,0
DA:30,3
DA:31,0
DA:32,0
DA:33,0
DA:35,0
DA:38,3
DA:39,0
LF:21
LH:8
BRDA:24,0,0,0
BRDA:32,1,0,0
BRF:2
BRH:0
end_of_record
TN:
SF:src\reposetories\couponPepository.ts
FN:5,(anonymous_8)
FN:5,(anonymous_9)
FN:10,(anonymous_10)
FN:10,(anonymous_11)
FN:15,(anonymous_12)
FN:15,(anonymous_13)
FN:20,(anonymous_14)
FN:20,(anonymous_15)
FN:27,(anonymous_16)
FN:27,(anonymous_17)
FN:35,(anonymous_18)
FN:35,(anonymous_19)
FNF:12
FNH:0
FNDA:0,(anonymous_8)
FNDA:0,(anonymous_9)
FNDA:0,(anonymous_10)
FNDA:0,(anonymous_11)
FNDA:0,(anonymous_12)
FNDA:0,(anonymous_13)
FNDA:0,(anonymous_14)
FNDA:0,(anonymous_15)
FNDA:0,(anonymous_16)
FNDA:0,(anonymous_17)
FNDA:0,(anonymous_18)
FNDA:0,(anonymous_19)
DA:1,2
DA:2,2
DA:5,2
DA:6,0
DA:10,2
DA:11,0
DA:15,2
DA:16,0
DA:20,2
DA:21,0
DA:22,0
DA:23,0
DA:27,2
DA:28,0
DA:29,0
DA:30,0
DA:31,0
DA:35,2
DA:36,0
LF:19
LH:8
BRDA:22,0,0,0
BRDA:29,1,0,0
BRF:2
BRH:0
end_of_record
TN:
SF:src\reposetories\discountRepository.ts
FN:3,(anonymous_8)
FN:3,(anonymous_9)
FN:7,(anonymous_10)
FN:7,(anonymous_11)
FN:11,(anonymous_12)
FN:11,(anonymous_13)
FN:15,(anonymous_14)
FN:15,(anonymous_15)
FN:23,(anonymous_16)
FN:23,(anonymous_17)
FN:31,(anonymous_18)
FN:31,(anonymous_19)
FN:49,(anonymous_20)
FN:49,(anonymous_21)
FNF:14
FNH:0
FNDA:0,(anonymous_8)
FNDA:0,(anonymous_9)
FNDA:0,(anonymous_10)
FNDA:0,(anonymous_11)
FNDA:0,(anonymous_12)
FNDA:0,(anonymous_13)
FNDA:0,(anonymous_14)
FNDA:0,(anonymous_15)
FNDA:0,(anonymous_16)
FNDA:0,(anonymous_17)
FNDA:0,(anonymous_18)
FNDA:0,(anonymous_19)
FNDA:0,(anonymous_20)
FNDA:0,(anonymous_21)
DA:1,3
DA:3,3
DA:4,0
DA:7,3
DA:8,0
DA:11,3
DA:12,0
DA:15,3
DA:16,0
DA:17,0
DA:18,0
DA:20,0
DA:23,3
DA:24,0
DA:25,0
DA:26,0
DA:28,0
DA:31,3
DA:32,0
DA:36,0
DA:37,0
DA:40,0
DA:41,0
DA:42,0
DA:45,0
DA:46,0
DA:49,3
DA:50,0
DA:51,0
DA:52,0
DA:54,0
DA:55,0
LF:32
LH:8
BRDA:17,0,0,0
BRDA:25,1,0,0
BRDA:36,2,0,0
BRDA:41,3,0,0
BRF:4
BRH:0
end_of_record
TN:
SF:src\reposetories\orderItemRepository.ts
FN:4,(anonymous_8)
FN:4,(anonymous_9)
FN:13,(anonymous_10)
FN:13,(anonymous_11)
FN:29,(anonymous_12)
FN:29,(anonymous_13)
FNF:6
FNH:0
FNDA:0,(anonymous_8)
FNDA:0,(anonymous_9)
FNDA:0,(anonymous_10)
FNDA:0,(anonymous_11)
FNDA:0,(anonymous_12)
FNDA:0,(anonymous_13)
DA:1,2
DA:2,2
DA:4,2
DA:6,0
DA:12,0
DA:13,0
DA:14,0
DA:19,0
DA:26,0
DA:29,2
DA:30,0
LF:11
LH:4
BRDA:21,0,0,0
BRDA:21,0,1,0
BRF:2
BRH:0
end_of_record
TN:
SF:src\reposetories\orderRepository.ts
FN:5,(anonymous_8)
FN:5,(anonymous_9)
FN:9,(anonymous_10)
FN:9,(anonymous_11)
FN:13,(anonymous_12)
FN:13,(anonymous_13)
FN:17,(anonymous_14)
FN:17,(anonymous_15)
FN:22,(anonymous_16)
FN:22,(anonymous_17)
FNF:10
FNH:0
FNDA:0,(anonymous_8)
FNDA:0,(anonymous_9)
FNDA:0,(anonymous_10)
FNDA:0,(anonymous_11)
FNDA:0,(anonymous_12)
FNDA:0,(anonymous_13)
FNDA:0,(anonymous_14)
FNDA:0,(anonymous_15)
FNDA:0,(anonymous_16)
FNDA:0,(anonymous_17)
DA:1,2
DA:2,2
DA:3,2
DA:5,2
DA:6,0
DA:9,2
DA:10,0
DA:13,2
DA:14,0
DA:17,2
DA:18,0
DA:22,2
DA:23,0
LF:13
LH:8
BRF:0
BRH:0
end_of_record
TN:
SF:src\reposetories\productRepository.ts
FN:9,(anonymous_8)
FN:14,(anonymous_9)
FN:58,(anonymous_10)
FN:69,(anonymous_11)
FN:69,(anonymous_12)
FN:73,(anonymous_13)
FN:73,(anonymous_14)
FN:77,(anonymous_15)
FN:80,(anonymous_16)
FN:88,(anonymous_17)
FN:88,(anonymous_18)
FN:96,(anonymous_19)
FN:96,(anonymous_20)
FN:102,(anonymous_21)
FN:105,(anonymous_22)
FN:113,(anonymous_23)
FN:116,(anonymous_24)
FN:136,(anonymous_25)
FN:139,(anonymous_26)
FN:159,(anonymous_27)
FN:163,(anonymous_28)
FN:179,(anonymous_29)
FN:183,(anonymous_30)
FN:187,(anonymous_31)
FN:191,(anonymous_32)
FN:195,(anonymous_33)
FN:195,(anonymous_34)
FNF:27
FNH:0
FNDA:0,(anonymous_8)
FNDA:0,(anonymous_9)
FNDA:0,(anonymous_10)
FNDA:0,(anonymous_11)
FNDA:0,(anonymous_12)
FNDA:0,(anonymous_13)
FNDA:0,(anonymous_14)
FNDA:0,(anonymous_15)
FNDA:0,(anonymous_16)
FNDA:0,(anonymous_17)
FNDA:0,(anonymous_18)
FNDA:0,(anonymous_19)
FNDA:0,(anonymous_20)
FNDA:0,(anonymous_21)
FNDA:0,(anonymous_22)
FNDA:0,(anonymous_23)
FNDA:0,(anonymous_24)
FNDA:0,(anonymous_25)
FNDA:0,(anonymous_26)
FNDA:0,(anonymous_27)
FNDA:0,(anonymous_28)
FNDA:0,(anonymous_29)
FNDA:0,(anonymous_30)
FNDA:0,(anonymous_31)
FNDA:0,(anonymous_32)
FNDA:0,(anonymous_33)
FNDA:0,(anonymous_34)
DA:1,3
DA:2,3
DA:3,3
DA:4,3
DA:5,3
DA:6,3
DA:9,3
DA:14,0
DA:15,0
DA:16,0
DA:17,0
DA:23,0
DA:27,0
DA:29,0
DA:33,0
DA:35,0
DA:44,0
DA:54,0
DA:56,0
DA:58,0
DA:63,0
DA:69,3
DA:70,0
DA:73,3
DA:74,0
DA:77,3
DA:80,0
DA:81,0
DA:82,0
DA:83,0
DA:85,0
DA:88,3
DA:89,0
DA:90,0
DA:91,0
DA:93,0
DA:96,3
DA:97,0
DA:102,3
DA:105,0
DA:106,0
DA:113,3
DA:116,0
DA:117,0
DA:118,0
DA:133,0
DA:136,3
DA:139,0
DA:140,0
DA:141,0
DA:156,0
DA:159,3
DA:163,0
DA:164,0
DA:179,3
DA:183,0
DA:184,0
DA:187,3
DA:191,0
DA:192,0
DA:195,3
DA:196,0
DA:198,0
DA:226,0
LF:64
LH:19
BRDA:15,0,0,0
BRDA:15,1,0,0
BRDA:15,1,1,0
BRDA:27,2,0,0
BRDA:27,2,1,0
BRDA:33,3,0,0
BRDA:33,3,1,0
BRDA:35,4,0,0
BRDA:35,4,1,0
BRDA:44,5,0,0
BRDA:44,5,1,0
BRDA:82,6,0,0
BRDA:90,7,0,0
BRF:13
BRH:0
end_of_record
TN:
SF:src\reposetories\userRepository.ts
FN:3,(anonymous_8)
FN:3,(anonymous_9)
FN:7,(anonymous_10)
FN:7,(anonymous_11)
FN:11,(anonymous_12)
FN:11,(anonymous_13)
FN:16,(anonymous_14)
FN:16,(anonymous_15)
FN:22,(anonymous_16)
FN:22,(anonymous_17)
FN:29,(anonymous_18)
FN:29,(anonymous_19)
FNF:12
FNH:0
FNDA:0,(anonymous_8)
FNDA:0,(anonymous_9)
FNDA:0,(anonymous_10)
FNDA:0,(anonymous_11)
FNDA:0,(anonymous_12)
FNDA:0,(anonymous_13)
FNDA:0,(anonymous_14)
FNDA:0,(anonymous_15)
FNDA:0,(anonymous_16)
FNDA:0,(anonymous_17)
FNDA:0,(anonymous_18)
FNDA:0,(anonymous_19)
DA:1,2
DA:3,2
DA:4,0
DA:7,2
DA:8,0
DA:11,2
DA:12,0
DA:16,2
DA:17,0
DA:18,0
DA:19,0
DA:22,2
DA:23,0
DA:24,0
DA:25,0
DA:26,0
DA:29,2
DA:30,0
LF:18
LH:7
BRDA:18,0,0,0
BRDA:24,1,0,0
BRF:2
BRH:0
end_of_record
TN:
SF:src\routes\brandRoutes.ts
FNF:0
FNH:0
DA:1,2
DA:2,2
DA:9,2
DA:15,2
DA:16,2
DA:17,2
DA:19,2
DA:22,2
DA:32,2
DA:40,2
DA:49,2
DA:58,2
DA:66,2
LF:13
LH:13
BRF:0
BRH:0
end_of_record
TN:
SF:src\routes\cartItemRoutes.ts
FNF:0
FNH:0
DA:1,2
DA:2,2
DA:3,2
DA:9,2
DA:10,2
DA:19,2
DA:21,2
DA:29,2
DA:37,2
DA:45,2
DA:52,2
LF:11
LH:11
BRF:0
BRH:0
end_of_record
TN:
SF:src\routes\categoryRoutes.ts
FNF:0
FNH:0
DA:1,2
DA:2,2
DA:11,2
DA:20,2
DA:21,2
DA:23,2
DA:25,2
DA:33,2
DA:41,2
DA:49,2
DA:57,2
DA:65,2
DA:73,2
LF:13
LH:13
BRF:0
BRH:0
end_of_record
TN:
SF:src\routes\couponRoutes.ts
FNF:0
FNH:0
DA:1,2
DA:2,2
DA:10,2
DA:18,2
DA:19,2
DA:21,2
DA:24,2
DA:31,2
DA:38,2
DA:45,2
DA:52,2
DA:59,2
DA:67,2
LF:13
LH:13
BRF:0
BRH:0
end_of_record
TN:
SF:src\routes\discountRouter.ts
FNF:0
FNH:0
DA:1,2
DA:2,2
DA:10,2
DA:11,2
DA:12,2
DA:18,2
DA:20,2
DA:24,2
DA:30,2
DA:33,2
DA:40,2
DA:47,2
DA:52,2
LF:13
LH:13
BRF:0
BRH:0
end_of_record
TN:
SF:src\routes\orderItemRoutes.ts
FNF:0
FNH:0
DA:1,2
DA:2,2
DA:3,2
DA:4,2
DA:6,2
DA:9,2
DA:16,2
LF:7
LH:7
BRF:0
BRH:0
end_of_record
TN:
SF:src\routes\orderRoutes.ts
FNF:0
FNH:0
DA:1,2
DA:2,2
DA:3,2
DA:4,2
DA:5,2
DA:7,2
DA:10,2
DA:18,2
DA:26,2
LF:9
LH:9
BRF:0
BRH:0
end_of_record
TN:
SF:src\routes\productRoutes.ts
FNF:0
FNH:0
DA:1,2
DA:2,2
DA:3,2
DA:20,2
DA:34,2
DA:35,2
DA:37,2
DA:40,2
DA:48,2
DA:54,2
DA:60,2
DA:62,2
DA:69,2
DA:71,2
DA:77,2
DA:86,2
DA:94,2
DA:102,2
DA:107,2
DA:113,2
DA:119,2
DA:125,2
LF:22
LH:22
BRF:0
BRH:0
end_of_record
TN:
SF:src\routes\ratingRoutes.ts
FNF:0
FNH:0
DA:1,2
DA:3,2
DA:4,2
DA:5,2
DA:6,2
DA:8,2
DA:9,2
DA:10,2
DA:11,2
DA:12,2
DA:13,2
DA:14,2
DA:16,2
LF:13
LH:13
BRF:0
BRH:0
end_of_record
TN:
SF:src\routes\userRoutes.ts
FNF:0
FNH:0
DA:1,2
DA:3,2
DA:4,2
DA:5,2
DA:6,2
DA:7,2
DA:10,2
DA:12,2
DA:13,2
DA:14,2
DA:15,2
DA:16,2
DA:17,2
DA:19,2
LF:14
LH:14
BRF:0
BRH:0
end_of_record
TN:
SF:src\services\brandService.ts
FN:18,(anonymous_8)
FN:18,(anonymous_9)
FN:59,(anonymous_10)
FN:59,(anonymous_11)
FN:81,(anonymous_12)
FN:81,(anonymous_13)
FN:87,(anonymous_14)
FN:87,(anonymous_15)
FN:119,(anonymous_16)
FN:119,(anonymous_17)
FN:138,(anonymous_18)
FN:138,(anonymous_19)
FN:180,(anonymous_20)
FN:180,(anonymous_21)
FNF:14
FNH:0
FNDA:0,(anonymous_8)
FNDA:0,(anonymous_9)
FNDA:0,(anonymous_10)
FNDA:0,(anonymous_11)
FNDA:0,(anonymous_12)
FNDA:0,(anonymous_13)
FNDA:0,(anonymous_14)
FNDA:0,(anonymous_15)
FNDA:0,(anonymous_16)
FNDA:0,(anonymous_17)
FNDA:0,(anonymous_18)
FNDA:0,(anonymous_19)
FNDA:0,(anonymous_20)
FNDA:0,(anonymous_21)
DA:2,3
DA:3,3
DA:12,3
DA:18,3
DA:20,0
DA:22,0
DA:23,0
DA:27,0
DA:29,0
DA:31,0
DA:36,0
DA:37,0
DA:38,0
DA:40,0
DA:41,0
DA:42,0
DA:48,0
DA:50,0
DA:54,0
DA:55,0
DA:59,3
DA:60,0
DA:61,0
DA:62,0
DA:63,0
DA:66,0
DA:67,0
DA:69,0
DA:76,0
DA:77,0
DA:81,3
DA:82,0
DA:83,0
DA:86,0
DA:87,0
DA:88,0
DA:90,0
DA:92,0
DA:98,0
DA:99,0
DA:108,0
DA:114,0
DA:115,0
DA:119,3
DA:120,0
DA:121,0
DA:123,0
DA:124,0
DA:125,0
DA:128,0
DA:129,0
DA:130,0
DA:133,0
DA:134,0
DA:138,3
DA:139,0
DA:140,0
DA:141,0
DA:142,0
DA:144,0
DA:146,0
DA:147,0
DA:148,0
DA:149,0
DA:151,0
DA:153,0
DA:154,0
DA:155,0
DA:156,0
DA:157,0
DA:159,0
DA:161,0
DA:162,0
DA:166,0
DA:167,0
DA:168,0
DA:174,0
DA:175,0
DA:180,3
DA:181,0
LF:80
LH:9
BRDA:22,0,0,0
BRDA:62,1,0,0
BRDA:123,2,0,0
BRDA:141,3,0,0
BRDA:146,4,0,0
BRDA:146,5,0,0
BRDA:146,5,1,0
BRDA:148,6,0,0
BRDA:148,7,0,0
BRDA:148,7,1,0
BRDA:153,8,0,0
BRDA:161,9,0,0
BRF:12
BRH:0
end_of_record
TN:
SF:src\services\cartItemService.ts
FN:27,(anonymous_7)
FN:27,(anonymous_8)
FN:78,(anonymous_9)
FN:78,(anonymous_10)
FN:92,(anonymous_11)
FN:92,(anonymous_12)
FN:106,(anonymous_13)
FN:121,(anonymous_14)
FN:121,(anonymous_15)
FN:149,(anonymous_16)
FN:149,(anonymous_17)
FN:161,(anonymous_18)
FN:161,(anonymous_19)
FN:199,(anonymous_20)
FN:199,(anonymous_21)
FNF:15
FNH:0
FNDA:0,(anonymous_7)
FNDA:0,(anonymous_8)
FNDA:0,(anonymous_9)
FNDA:0,(anonymous_10)
FNDA:0,(anonymous_11)
FNDA:0,(anonymous_12)
FNDA:0,(anonymous_13)
FNDA:0,(anonymous_14)
FNDA:0,(anonymous_15)
FNDA:0,(anonymous_16)
FNDA:0,(anonymous_17)
FNDA:0,(anonymous_18)
FNDA:0,(anonymous_19)
FNDA:0,(anonymous_20)
FNDA:0,(anonymous_21)
DA:1,2
DA:11,2
DA:15,2
DA:19,2
DA:23,2
DA:27,2
DA:30,0
DA:31,0
DA:32,0
DA:36,0
DA:37,0
DA:38,0
DA:42,0
DA:43,0
DA:46,0
DA:47,0
DA:49,0
DA:50,0
DA:51,0
DA:53,0
DA:55,0
DA:56,0
DA:57,0
DA:64,0
DA:65,0
DA:66,0
DA:68,0
DA:70,0
DA:71,0
DA:78,2
DA:79,0
DA:81,0
DA:82,0
DA:83,0
DA:85,0
DA:88,0
DA:92,2
DA:93,0
DA:94,0
DA:95,0
DA:96,0
DA:98,0
DA:101,0
DA:106,2
DA:107,0
DA:108,0
DA:109,0
DA:111,0
DA:121,2
DA:122,0
DA:124,0
DA:130,0
DA:145,0
DA:149,2
DA:150,0
DA:151,0
DA:153,0
DA:154,0
DA:156,0
DA:157,0
DA:158,0
DA:160,0
DA:161,0
DA:162,0
DA:163,0
DA:165,0
DA:170,0
DA:171,0
DA:172,0
DA:174,0
DA:189,0
DA:199,2
DA:200,0
DA:201,0
DA:203,0
DA:204,0
DA:206,0
DA:209,0
DA:213,0
DA:214,0
DA:216,0
DA:221,0
DA:237,0
LF:83
LH:12
BRDA:31,0,0,0
BRDA:37,1,0,0
BRDA:46,2,0,0
BRDA:46,2,1,0
BRDA:49,3,0,0
BRDA:49,3,1,0
BRDA:64,4,0,0
BRDA:64,4,1,0
BRDA:82,5,0,0
BRDA:95,6,0,0
BRDA:140,7,0,0
BRDA:140,7,1,0
BRDA:151,8,0,0
BRDA:154,9,0,0
BRDA:154,10,0,0
BRDA:154,10,1,0
BRDA:163,11,0,0
BRDA:201,12,0,0
BRDA:204,13,0,0
BRDA:206,14,0,0
BRDA:206,14,1,0
BRDA:209,15,0,0
BRDA:209,15,1,0
BRF:23
BRH:0
end_of_record
TN:
SF:src\services\categoryService.ts
FN:3,(anonymous_16)
FN:6,(anonymous_17)
FN:10,(anonymous_18)
FN:10,(anonymous_19)
FN:14,(anonymous_20)
FN:14,(anonymous_21)
FN:18,(anonymous_22)
FN:18,(anonymous_23)
FN:22,(anonymous_24)
FN:22,(anonymous_25)
FN:26,(anonymous_26)
FN:26,(anonymous_27)
FNF:12
FNH:0
FNDA:0,(anonymous_16)
FNDA:0,(anonymous_17)
FNDA:0,(anonymous_18)
FNDA:0,(anonymous_19)
FNDA:0,(anonymous_20)
FNDA:0,(anonymous_21)
FNDA:0,(anonymous_22)
FNDA:0,(anonymous_23)
FNDA:0,(anonymous_24)
FNDA:0,(anonymous_25)
FNDA:0,(anonymous_26)
FNDA:0,(anonymous_27)
DA:1,3
DA:3,3
DA:6,0
DA:7,0
DA:10,3
DA:11,0
DA:14,3
DA:15,0
DA:18,3
DA:19,0
DA:22,3
DA:23,0
DA:26,3
DA:27,0
LF:14
LH:7
BRF:0
BRH:0
end_of_record
TN:
SF:src\services\couponService.ts
FN:10,(anonymous_7)
FN:10,(anonymous_8)
FN:14,(anonymous_9)
FN:14,(anonymous_10)
FN:19,(anonymous_11)
FN:19,(anonymous_12)
FN:23,(anonymous_13)
FN:23,(anonymous_14)
FN:27,(anonymous_15)
FN:27,(anonymous_16)
FN:31,(anonymous_17)
FN:31,(anonymous_18)
FNF:12
FNH:0
FNDA:0,(anonymous_7)
FNDA:0,(anonymous_8)
FNDA:0,(anonymous_9)
FNDA:0,(anonymous_10)
FNDA:0,(anonymous_11)
FNDA:0,(anonymous_12)
FNDA:0,(anonymous_13)
FNDA:0,(anonymous_14)
FNDA:0,(anonymous_15)
FNDA:0,(anonymous_16)
FNDA:0,(anonymous_17)
FNDA:0,(anonymous_18)
DA:1,2
DA:10,2
DA:11,0
DA:14,2
DA:15,0
DA:19,2
DA:20,0
DA:23,2
DA:24,0
DA:27,2
DA:28,0
DA:31,2
DA:32,0
LF:13
LH:7
BRF:0
BRH:0
end_of_record
TN:
SF:src\services\discountService.ts
FN:3,(anonymous_16)
FN:3,(anonymous_17)
FN:7,(anonymous_18)
FN:7,(anonymous_19)
FN:11,(anonymous_20)
FN:11,(anonymous_21)
FN:15,(anonymous_22)
FN:15,(anonymous_23)
FN:19,(anonymous_24)
FN:19,(anonymous_25)
FN:23,(anonymous_26)
FN:23,(anonymous_27)
FN:28,(anonymous_28)
FN:28,(anonymous_29)
FNF:14
FNH:0
FNDA:0,(anonymous_16)
FNDA:0,(anonymous_17)
FNDA:0,(anonymous_18)
FNDA:0,(anonymous_19)
FNDA:0,(anonymous_20)
FNDA:0,(anonymous_21)
FNDA:0,(anonymous_22)
FNDA:0,(anonymous_23)
FNDA:0,(anonymous_24)
FNDA:0,(anonymous_25)
FNDA:0,(anonymous_26)
FNDA:0,(anonymous_27)
FNDA:0,(anonymous_28)
FNDA:0,(anonymous_29)
DA:1,3
DA:3,3
DA:4,0
DA:7,3
DA:8,0
DA:11,3
DA:12,0
DA:15,3
DA:16,0
DA:19,3
DA:20,0
DA:23,3
DA:24,0
DA:28,3
DA:29,0
LF:15
LH:8
BRF:0
BRH:0
end_of_record
TN:
SF:src\services\orderItemService.ts
FN:4,(anonymous_8)
FN:4,(anonymous_9)
FN:19,(anonymous_10)
FN:23,(anonymous_11)
FN:36,(anonymous_12)
FNF:5
FNH:0
FNDA:0,(anonymous_8)
FNDA:0,(anonymous_9)
FNDA:0,(anonymous_10)
FNDA:0,(anonymous_11)
FNDA:0,(anonymous_12)
DA:1,2
DA:2,2
DA:4,2
DA:5,0
DA:6,0
DA:7,0
DA:8,0
DA:11,0
DA:15,0
DA:16,0
DA:19,0
DA:20,0
DA:21,0
DA:23,0
DA:24,0
DA:25,0
DA:28,0
DA:29,0
DA:31,0
DA:36,0
LF:20
LH:3
BRDA:7,0,0,0
BRDA:15,1,0,0
BRDA:20,2,0,0
BRDA:20,2,1,0
BRDA:20,3,0,0
BRDA:20,3,1,0
BRDA:20,4,0,0
BRDA:20,4,1,0
BRDA:24,5,0,0
BRDA:24,5,1,0
BRDA:42,6,0,0
BRDA:42,6,1,0
BRDA:42,7,0,0
BRDA:42,7,1,0
BRDA:43,8,0,0
BRDA:43,8,1,0
BRDA:43,9,0,0
BRDA:43,9,1,0
BRDA:44,10,0,0
BRDA:44,10,1,0
BRDA:44,11,0,0
BRDA:44,11,1,0
BRDA:45,12,0,0
BRDA:45,12,1,0
BRDA:45,13,0,0
BRDA:45,13,1,0
BRDA:46,14,0,0
BRDA:46,14,1,0
BRDA:46,15,0,0
BRDA:46,15,1,0
BRF:30
BRH:0
end_of_record
TN:
SF:src\services\orderService.ts
FN:7,(anonymous_7)
FN:7,(anonymous_8)
FN:18,(anonymous_9)
FN:18,(anonymous_10)
FN:48,(anonymous_11)
FN:48,(anonymous_12)
FN:100,(anonymous_13)
FN:100,(anonymous_14)
FN:108,(anonymous_15)
FN:108,(anonymous_16)
FN:125,(anonymous_17)
FN:125,(anonymous_18)
FN:142,(anonymous_19)
FN:142,(anonymous_20)
FNF:14
FNH:0
FNDA:0,(anonymous_7)
FNDA:0,(anonymous_8)
FNDA:0,(anonymous_9)
FNDA:0,(anonymous_10)
FNDA:0,(anonymous_11)
FNDA:0,(anonymous_12)
FNDA:0,(anonymous_13)
FNDA:0,(anonymous_14)
FNDA:0,(anonymous_15)
FNDA:0,(anonymous_16)
FNDA:0,(anonymous_17)
FNDA:0,(anonymous_18)
FNDA:0,(anonymous_19)
FNDA:0,(anonymous_20)
DA:1,2
DA:2,2
DA:3,2
DA:4,2
DA:5,2
DA:6,2
DA:7,2
DA:8,0
DA:10,0
DA:12,0
DA:13,0
DA:17,0
DA:18,0
DA:19,0
DA:20,0
DA:21,0
DA:22,0
DA:25,0
DA:26,0
DA:31,0
DA:33,0
DA:34,0
DA:40,0
DA:47,0
DA:48,0
DA:49,0
DA:50,0
DA:51,0
DA:52,0
DA:54,0
DA:57,0
DA:58,0
DA:59,0
DA:60,0
DA:61,0
DA:64,0
DA:68,0
DA:69,0
DA:71,0
DA:78,0
DA:79,0
DA:85,0
DA:88,0
DA:90,0
DA:95,0
DA:96,0
DA:100,2
DA:101,0
DA:102,0
DA:103,0
DA:104,0
DA:107,0
DA:108,0
DA:109,0
DA:110,0
DA:111,0
DA:118,0
DA:119,0
DA:124,0
DA:125,0
DA:126,0
DA:127,0
DA:128,0
DA:135,0
DA:136,0
DA:141,0
DA:142,0
DA:143,0
DA:144,0
DA:145,0
DA:152,0
DA:153,0
DA:158,0
DA:164,0
DA:165,0
LF:75
LH:8
BRDA:12,0,0,0
BRDA:21,1,0,0
BRDA:25,2,0,0
BRDA:51,3,0,0
BRDA:59,4,0,0
BRF:5
BRH:0
end_of_record
TN:
SF:src\services\productService.ts
FN:27,(anonymous_7)
FN:32,(anonymous_8)
FN:48,(anonymous_9)
FN:48,(anonymous_10)
FN:54,(anonymous_11)
FN:54,(anonymous_12)
FN:58,(anonymous_13)
FN:61,(anonymous_14)
FN:65,(anonymous_15)
FN:65,(anonymous_16)
FN:69,(anonymous_17)
FN:69,(anonymous_18)
FN:73,(anonymous_19)
FN:73,(anonymous_20)
FN:79,(anonymous_21)
FN:82,(anonymous_22)
FN:88,(anonymous_23)
FN:91,(anonymous_24)
FN:97,(anonymous_25)
FN:97,(anonymous_26)
FN:119,(anonymous_27)
FN:123,(anonymous_28)
FN:133,(anonymous_29)
FN:137,(anonymous_30)
FN:152,(anonymous_31)
FN:152,(anonymous_32)
FN:159,(anonymous_33)
FN:159,(anonymous_34)
FN:161,(anonymous_35)
FN:161,(anonymous_36)
FNF:30
FNH:0
FNDA:0,(anonymous_7)
FNDA:0,(anonymous_8)
FNDA:0,(anonymous_9)
FNDA:0,(anonymous_10)
FNDA:0,(anonymous_11)
FNDA:0,(anonymous_12)
FNDA:0,(anonymous_13)
FNDA:0,(anonymous_14)
FNDA:0,(anonymous_15)
FNDA:0,(anonymous_16)
FNDA:0,(anonymous_17)
FNDA:0,(anonymous_18)
FNDA:0,(anonymous_19)
FNDA:0,(anonymous_20)
FNDA:0,(anonymous_21)
FNDA:0,(anonymous_22)
FNDA:0,(anonymous_23)
FNDA:0,(anonymous_24)
FNDA:0,(anonymous_25)
FNDA:0,(anonymous_26)
FNDA:0,(anonymous_27)
FNDA:0,(anonymous_28)
FNDA:0,(anonymous_29)
FNDA:0,(anonymous_30)
FNDA:0,(anonymous_31)
FNDA:0,(anonymous_32)
FNDA:0,(anonymous_33)
FNDA:0,(anonymous_34)
FNDA:0,(anonymous_35)
FNDA:0,(anonymous_36)
DA:1,2
DA:17,2
DA:18,2
DA:19,2
DA:20,2
DA:27,2
DA:32,0
DA:33,0
DA:35,0
DA:37,0
DA:38,0
DA:48,2
DA:49,0
DA:50,0
DA:51,0
DA:54,2
DA:55,0
DA:58,2
DA:61,0
DA:62,0
DA:65,2
DA:66,0
DA:69,2
DA:70,0
DA:73,2
DA:74,0
DA:75,0
DA:76,0
DA:79,2
DA:82,0
DA:83,0
DA:84,0
DA:85,0
DA:88,2
DA:91,0
DA:92,0
DA:93,0
DA:94,0
DA:97,2
DA:98,0
DA:101,0
DA:102,0
DA:106,0
DA:108,0
DA:109,0
DA:119,2
DA:123,0
DA:124,0
DA:126,0
DA:127,0
DA:128,0
DA:130,0
DA:133,2
DA:137,0
DA:138,0
DA:140,0
DA:141,0
DA:142,0
DA:144,0
DA:149,0
DA:152,2
DA:153,0
DA:154,0
DA:156,0
DA:159,2
DA:160,0
DA:161,0
DA:162,0
DA:163,0
DA:164,0
DA:166,0
DA:169,0
DA:171,0
DA:172,0
DA:174,0
DA:175,0
DA:176,0
DA:177,0
DA:181,0
DA:183,0
DA:185,0
DA:188,0
DA:200,0
DA:204,0
LF:84
LH:19
BRDA:127,0,0,0
BRDA:141,1,0,0
BRDA:164,2,0,0
BRDA:164,2,1,0
BRDA:169,3,0,0
BRDA:169,3,1,0
BRDA:176,4,0,0
BRDA:181,5,0,0
BRDA:194,6,0,0
BRDA:194,6,1,0
BRF:10
BRH:0
end_of_record
TN:
SF:src\services\ratingService.ts
FN:4,(anonymous_8)
FN:4,(anonymous_9)
FN:13,(anonymous_10)
FN:13,(anonymous_11)
FN:22,(anonymous_12)
FN:22,(anonymous_13)
FN:30,(anonymous_14)
FN:30,(anonymous_15)
FN:35,(anonymous_16)
FN:35,(anonymous_17)
FN:40,(anonymous_18)
FN:40,(anonymous_19)
FN:43,(anonymous_20)
FN:49,(anonymous_21)
FN:49,(anonymous_22)
FNF:15
FNH:0
FNDA:0,(anonymous_8)
FNDA:0,(anonymous_9)
FNDA:0,(anonymous_10)
FNDA:0,(anonymous_11)
FNDA:0,(anonymous_12)
FNDA:0,(anonymous_13)
FNDA:0,(anonymous_14)
FNDA:0,(anonymous_15)
FNDA:0,(anonymous_16)
FNDA:0,(anonymous_17)
FNDA:0,(anonymous_18)
FNDA:0,(anonymous_19)
FNDA:0,(anonymous_20)
FNDA:0,(anonymous_21)
FNDA:0,(anonymous_22)
DA:1,3
DA:2,3
DA:4,3
DA:5,0
DA:6,0
DA:7,0
DA:9,0
DA:10,0
DA:13,3
DA:14,0
DA:15,0
DA:16,0
DA:18,0
DA:19,0
DA:22,3
DA:23,0
DA:24,0
DA:25,0
DA:27,0
DA:30,3
DA:31,0
DA:32,0
DA:35,3
DA:36,0
DA:37,0
DA:40,3
DA:41,0
DA:42,0
DA:43,0
DA:45,0
DA:46,0
DA:49,3
DA:50,0
DA:51,0
LF:34
LH:9
BRDA:6,0,0,0
BRDA:6,1,0,0
BRDA:6,1,1,0
BRDA:6,1,2,0
BRDA:6,1,3,0
BRDA:15,2,0,0
BRDA:24,3,0,0
BRDA:45,4,0,0
BRDA:45,4,1,0
BRF:9
BRH:0
end_of_record
TN:
SF:src\services\userService.ts
FN:4,(anonymous_9)
FN:4,(anonymous_10)
FN:25,(anonymous_11)
FN:25,(anonymous_12)
FN:45,(anonymous_13)
FN:45,(anonymous_14)
FN:56,(anonymous_15)
FN:56,(anonymous_16)
FN:97,(anonymous_17)
FN:97,(anonymous_18)
FN:101,(anonymous_19)
FN:101,(anonymous_20)
FN:108,(anonymous_21)
FN:108,(anonymous_22)
FNF:14
FNH:0
FNDA:0,(anonymous_9)
FNDA:0,(anonymous_10)
FNDA:0,(anonymous_11)
FNDA:0,(anonymous_12)
FNDA:0,(anonymous_13)
FNDA:0,(anonymous_14)
FNDA:0,(anonymous_15)
FNDA:0,(anonymous_16)
FNDA:0,(anonymous_17)
FNDA:0,(anonymous_18)
FNDA:0,(anonymous_19)
FNDA:0,(anonymous_20)
FNDA:0,(anonymous_21)
FNDA:0,(anonymous_22)
DA:1,2
DA:2,2
DA:4,2
DA:6,0
DA:7,0
DA:8,0
DA:11,0
DA:13,0
DA:15,0
DA:20,0
DA:25,2
DA:27,0
DA:29,0
DA:30,0
DA:34,0
DA:36,0
DA:37,0
DA:40,0
DA:45,2
DA:46,0
DA:56,2
DA:57,0
DA:59,0
DA:61,0
DA:62,0
DA:66,0
DA:67,0
DA:68,0
DA:72,0
DA:73,0
DA:74,0
DA:78,0
DA:79,0
DA:83,0
DA:84,0
DA:88,0
DA:89,0
DA:90,0
DA:93,0
DA:97,2
DA:98,0
DA:101,2
DA:102,0
DA:103,0
DA:104,0
DA:106,0
DA:108,2
DA:109,0
DA:110,0
DA:111,0
DA:113,0
LF:51
LH:9
BRDA:7,0,0,0
BRDA:13,1,0,0
BRDA:13,1,1,0
BRDA:29,2,0,0
BRDA:36,3,0,0
BRDA:61,4,0,0
BRDA:66,5,0,0
BRDA:66,6,0,0
BRDA:66,6,1,0
BRDA:66,6,2,0
BRDA:67,7,0,0
BRDA:67,8,0,0
BRDA:67,8,1,0
BRDA:67,8,2,0
BRDA:73,9,0,0
BRDA:78,10,0,0
BRDA:89,11,0,0
BRDA:103,12,0,0
BRF:18
BRH:0
end_of_record
TN:
SF:src\utils\enums.ts
FN:1,(anonymous_0)
FNF:1
FNH:1
FNDA:2,(anonymous_0)
DA:1,2
DA:2,2
DA:3,2
DA:4,2
LF:4
LH:4
BRDA:1,0,0,2
BRDA:1,0,1,2
BRF:2
BRH:2
end_of_record
TN:
SF:src\utils\errors.ts
FN:2,(anonymous_0)
FNF:1
FNH:0
FNDA:0,(anonymous_0)
DA:1,3
DA:3,0
DA:4,0
LF:3
LH:1
BRF:0
BRH:0
end_of_record
TN:
SF:src\utils\firebaseUtils.ts
FN:6,(anonymous_8)
FN:9,(anonymous_9)
FN:26,(anonymous_10)
FN:26,(anonymous_11)
FN:40,(anonymous_12)
FN:40,(anonymous_13)
FN:71,(anonymous_14)
FN:71,(anonymous_15)
FN:93,(anonymous_16)
FN:93,(anonymous_17)
FN:113,(anonymous_18)
FN:113,(anonymous_19)
FNF:12
FNH:0
FNDA:0,(anonymous_8)
FNDA:0,(anonymous_9)
FNDA:0,(anonymous_10)
FNDA:0,(anonymous_11)
FNDA:0,(anonymous_12)
FNDA:0,(anonymous_13)
FNDA:0,(anonymous_14)
FNDA:0,(anonymous_15)
FNDA:0,(anonymous_16)
FNDA:0,(anonymous_17)
FNDA:0,(anonymous_18)
FNDA:0,(anonymous_19)
DA:2,3
DA:3,3
DA:4,3
DA:6,3
DA:9,0
DA:10,0
DA:11,0
DA:12,0
DA:13,0
DA:15,0
DA:16,0
DA:17,0
DA:18,0
DA:20,0
DA:21,0
DA:26,3
DA:27,0
DA:28,0
DA:30,0
DA:31,0
DA:32,0
DA:34,0
DA:35,0
DA:40,3
DA:41,0
DA:42,0
DA:43,0
DA:46,0
DA:47,0
DA:48,0
DA:49,0
DA:52,0
DA:53,0
DA:54,0
DA:55,0
DA:56,0
DA:60,0
DA:63,0
DA:64,0
DA:66,0
DA:71,3
DA:73,0
DA:74,0
DA:81,0
DA:82,0
DA:83,0
DA:84,0
DA:85,0
DA:86,0
DA:88,0
DA:89,0
DA:93,3
DA:94,0
DA:95,0
DA:97,0
DA:98,0
DA:99,0
DA:100,0
DA:104,0
DA:107,0
DA:108,0
DA:110,0
DA:113,3
DA:114,0
DA:115,0
DA:116,0
DA:117,0
DA:119,0
DA:120,0
LF:69
LH:9
BRDA:41,0,0,0
BRDA:47,1,0,0
BRDA:55,2,0,0
BRDA:99,3,0,0
BRF:4
BRH:0
end_of_record
TN:
SF:src\utils\swagger.ts
FNF:0
FNH:0
DA:3,2
DA:21,2
LF:2
LH:2
BRF:0
BRH:0
end_of_record
TN:
SF:src\validations\brandValidation.ts
FNF:0
FNH:0
DA:1,2
DA:4,2
DA:14,2
DA:21,2
DA:32,2
LF:5
LH:5
BRF:0
BRH:0
end_of_record
TN:
SF:src\validations\cartItemValidation.ts
FNF:0
FNH:0
DA:1,2
DA:3,2
DA:14,2
DA:19,2
DA:24,2
LF:5
LH:5
BRF:0
BRH:0
end_of_record
TN:
SF:src\validations\categoryValidation.ts
FNF:0
FNH:0
DA:1,2
DA:3,2
DA:14,2
DA:18,2
DA:23,2
DA:29,2
DA:33,2
LF:7
LH:7
BRF:0
BRH:0
end_of_record
TN:
SF:src\validations\couponValidation.ts
FNF:0
FNH:0
DA:1,2
DA:3,2
DA:5,2
DA:9,2
DA:27,2
DA:48,2
DA:52,2
LF:7
LH:7
BRF:0
BRH:0
end_of_record
TN:
SF:src\validations\discountValidation.ts
FNF:0
FNH:0
DA:1,2
DA:3,2
DA:10,2
DA:12,2
LF:4
LH:4
BRF:0
BRH:0
end_of_record
TN:
SF:src\validations\placeOrdervalidation.ts
FNF:0
FNH:0
DA:1,2
DA:3,2
LF:2
LH:2
BRF:0
BRH:0
end_of_record
TN:
SF:src\validations\productValidation.ts
FNF:0
FNH:0
DA:1,2
DA:3,2
DA:14,2
DA:27,2
DA:31,2
DA:44,2
DA:65,2
DA:69,2
DA:73,2
DA:80,2
DA:84,2
DA:88,2
LF:12
LH:12
BRF:0
BRH:0
end_of_record
TN:
SF:src\validations\ratingValidation.ts
FNF:0
FNH:0
DA:1,2
DA:3,2
LF:2
LH:2
BRF:0
BRH:0
end_of_record
TN:
SF:src\validations\userValidation.ts
FN:87,(anonymous_0)
FNF:1
FNH:0
FNDA:0,(anonymous_0)
DA:1,2
DA:3,2
DA:21,2
DA:25,2
DA:88,0
DA:89,0
DA:91,0
LF:7
LH:4
BRDA:88,0,0,0
BRF:1
BRH:0
end_of_record
